[2023/12/13 21:45:30.232] - Starting server with initial configuration: {"gasLimit":6721975,"gasPrice":20000000000,"hardfork":"merge","hostname":"127.0.0.1","port":7545,"network_id":5777,"default_balance_ether":100,"total_accounts":10,"unlocked_accounts":[],"locked":false,"vmErrorsOnRPCResponse":true,"verbose":false,"flavor":"ethereum","db_path":"C:\\Users\\verik\\AppData\\Roaming\\Ganache\\ui\\workspaces\\Veriko-FYP\\chaindata","mnemonic":"indicate polar abuse problem wife release sister giraffe police phrase anger dove","logDirectory":"C:\\Users\\verik\\OneDrive\\Documents\\Year 3\\FYPP\\Log"}
[2023/12/13 21:45:30.354] - eth_subscribe
[2023/12/13 21:45:30.356] - eth_getLogs
[2023/12/13 21:45:30.356] - eth_subscribe
[2023/12/13 21:45:30.373] - eth_subscribe
[2023/12/13 21:45:30.374] - eth_getLogs
[2023/12/13 21:45:30.374] - eth_subscribe
[2023/12/13 21:45:30.437] - eth_blockNumber
[2023/12/13 21:45:30.438] - eth_accounts
[2023/12/13 21:45:30.438] - eth_gasPrice
[2023/12/13 21:45:30.439] - eth_getBlockByNumber
[2023/12/13 21:45:30.439] - eth_subscribe
[2023/12/13 21:45:30.441] - eth_blockNumber
[2023/12/13 21:45:30.441] - eth_accounts
[2023/12/13 21:45:30.441] - eth_gasPrice
[2023/12/13 21:45:30.442] - eth_getBlockByNumber
[2023/12/13 21:45:30.442] - eth_subscribe
[2023/12/13 21:45:30.451] - eth_accounts
[2023/12/13 21:45:30.485] - eth_getBalance
[2023/12/13 21:45:30.487] - eth_getTransactionCount
[2023/12/13 21:45:30.490] - eth_getBalance
[2023/12/13 21:45:30.493] - eth_getTransactionCount
[2023/12/13 21:45:30.496] - eth_getBalance
[2023/12/13 21:45:30.499] - eth_getTransactionCount
[2023/12/13 21:45:30.502] - eth_getBalance
[2023/12/13 21:45:30.504] - eth_getTransactionCount
[2023/12/13 21:45:30.508] - eth_getBalance
[2023/12/13 21:45:30.511] - eth_getTransactionCount
[2023/12/13 21:45:30.514] - eth_getBalance
[2023/12/13 21:45:30.517] - eth_getTransactionCount
[2023/12/13 21:45:30.519] - eth_getBalance
[2023/12/13 21:45:30.522] - eth_getTransactionCount
[2023/12/13 21:45:30.524] - eth_getBalance
[2023/12/13 21:45:30.526] - eth_getTransactionCount
[2023/12/13 21:45:30.529] - eth_getBalance
[2023/12/13 21:45:30.531] - eth_getTransactionCount
[2023/12/13 21:45:30.534] - eth_getBalance
[2023/12/13 21:45:30.537] - eth_getTransactionCount
[2023/12/13 21:45:30.544] - eth_getBalance
[2023/12/13 21:45:30.547] - eth_getTransactionCount
[2023/12/13 21:45:30.549] - eth_getBalance
[2023/12/13 21:45:30.552] - eth_getTransactionCount
[2023/12/13 21:45:30.555] - eth_getBalance
[2023/12/13 21:45:30.557] - eth_getTransactionCount
[2023/12/13 21:45:30.559] - eth_getBalance
[2023/12/13 21:45:30.561] - eth_getTransactionCount
[2023/12/13 21:45:30.563] - eth_getBalance
[2023/12/13 21:45:30.565] - eth_getTransactionCount
[2023/12/13 21:45:30.567] - eth_getBalance
[2023/12/13 21:45:30.569] - eth_getTransactionCount
[2023/12/13 21:45:30.571] - eth_getBalance
[2023/12/13 21:45:30.573] - eth_getTransactionCount
[2023/12/13 21:45:30.576] - eth_getBalance
[2023/12/13 21:45:30.578] - eth_getTransactionCount
[2023/12/13 21:45:30.580] - eth_getBalance
[2023/12/13 21:45:30.582] - eth_getTransactionCount
[2023/12/13 21:45:30.585] - eth_getBalance
[2023/12/13 21:45:30.588] - eth_getTransactionCount
[2023/12/13 21:45:30.590] - eth_getBalance
[2023/12/13 21:45:30.592] - eth_getTransactionCount
[2023/12/13 21:45:30.594] - eth_getBalance
[2023/12/13 21:45:30.596] - eth_getTransactionCount
[2023/12/13 21:45:30.598] - eth_getBalance
[2023/12/13 21:45:30.600] - eth_getTransactionCount
[2023/12/13 21:45:30.602] - eth_getBalance
[2023/12/13 21:45:30.605] - eth_getTransactionCount
[2023/12/13 21:45:30.607] - eth_getBalance
[2023/12/13 21:45:30.611] - eth_getTransactionCount
[2023/12/13 21:45:30.613] - eth_getBalance
[2023/12/13 21:45:30.615] - eth_getTransactionCount
[2023/12/13 21:45:30.617] - eth_getBalance
[2023/12/13 21:45:30.619] - eth_getTransactionCount
[2023/12/13 21:45:30.622] - eth_getBalance
[2023/12/13 21:45:30.624] - eth_getTransactionCount
[2023/12/13 21:45:30.626] - eth_getBalance
[2023/12/13 21:45:30.629] - eth_getTransactionCount
[2023/12/13 21:45:30.631] - eth_getBalance
[2023/12/13 21:45:30.635] - eth_getTransactionCount
[2023/12/13 21:45:30.686] - eth_getTransactionCount
[2023/12/13 21:45:30.689] - eth_getBalance
[2023/12/13 21:45:30.692] - eth_getTransactionCount
[2023/12/13 21:45:30.695] - eth_getBalance
[2023/12/13 21:45:30.698] - eth_getTransactionCount
[2023/12/13 21:45:30.701] - eth_getBalance
[2023/12/13 21:45:30.705] - eth_getTransactionCount
[2023/12/13 21:45:30.707] - eth_getBalance
[2023/12/13 21:45:30.714] - eth_getTransactionCount
[2023/12/13 21:45:30.716] - eth_getBalance
[2023/12/13 21:45:30.718] - eth_getTransactionCount
[2023/12/13 21:45:30.720] - eth_getBalance
[2023/12/13 21:45:30.722] - eth_getTransactionCount
[2023/12/13 21:45:30.724] - eth_getBalance
[2023/12/13 21:45:30.727] - eth_getTransactionCount
[2023/12/13 21:45:30.729] - eth_getBalance
[2023/12/13 21:45:30.731] - eth_getTransactionCount
[2023/12/13 21:45:30.733] - eth_getBalance
[2023/12/13 21:45:30.735] - eth_getTransactionCount
[2023/12/13 21:45:36.616] - eth_getBlockByNumber
[2023/12/13 21:45:36.627] - eth_getBlockTransactionCountByHash
[2023/12/13 21:45:36.638] - eth_getBlockByNumber
[2023/12/13 21:45:36.650] - eth_getBlockTransactionCountByHash
[2023/12/13 21:45:36.659] - eth_getBlockByNumber
[2023/12/13 21:45:36.666] - eth_getBlockTransactionCountByHash
[2023/12/13 21:45:36.673] - eth_getBlockByNumber
[2023/12/13 21:45:36.682] - eth_getBlockTransactionCountByHash
[2023/12/13 21:45:36.689] - eth_getBlockByNumber
[2023/12/13 21:45:36.696] - eth_getBlockTransactionCountByHash
[2023/12/13 21:45:36.709] - eth_getBlockByNumber
[2023/12/13 21:45:36.715] - eth_getBlockTransactionCountByHash
[2023/12/13 21:45:36.722] - eth_getBlockByNumber
[2023/12/13 21:45:36.729] - eth_getBlockTransactionCountByHash
[2023/12/13 21:45:36.738] - eth_getBlockByNumber
[2023/12/13 21:45:36.745] - eth_getBlockTransactionCountByHash
[2023/12/13 21:45:36.753] - eth_getBlockByNumber
[2023/12/13 21:45:36.766] - eth_getBlockTransactionCountByHash
[2023/12/13 21:45:36.779] - eth_getBlockByNumber
[2023/12/13 21:45:36.788] - eth_getBlockTransactionCountByHash
[2023/12/13 21:46:08.831] - eth_getBlockByNumber
[2023/12/13 21:46:08.851] - eth_getTransactionReceipt
[2023/12/13 21:46:08.865] - eth_getBlockByNumber
[2023/12/13 21:46:08.876] - eth_getTransactionReceipt
[2023/12/13 21:46:08.886] - eth_getBlockByNumber
[2023/12/13 21:46:08.897] - eth_getTransactionReceipt
[2023/12/13 21:46:08.906] - eth_getBlockByNumber
[2023/12/13 21:46:08.916] - eth_getTransactionReceipt
[2023/12/13 21:46:08.929] - eth_getBlockByNumber
[2023/12/13 21:46:08.939] - eth_getTransactionReceipt
[2023/12/13 21:46:08.950] - eth_getBlockByNumber
[2023/12/13 21:46:08.960] - eth_getTransactionReceipt
[2023/12/13 21:46:08.968] - eth_getBlockByNumber
[2023/12/13 21:46:08.977] - eth_getTransactionReceipt
[2023/12/13 21:46:08.997] - eth_getBlockByNumber
[2023/12/13 21:46:09.005] - eth_getTransactionReceipt
[2023/12/13 21:46:09.014] - eth_getBlockByNumber
[2023/12/13 21:46:09.022] - eth_getTransactionReceipt
[2023/12/13 21:46:09.031] - eth_getBlockByNumber
[2023/12/13 22:30:08.953] - eth_unsubscribe
[2023/12/13 22:30:08.955] - eth_unsubscribe
