[2023/12/11 18:00:26.038] - Starting server with initial configuration: {"gasLimit":6721975,"gasPrice":20000000000,"hardfork":"merge","hostname":"127.0.0.1","port":7545,"network_id":5777,"default_balance_ether":100,"total_accounts":10,"unlocked_accounts":[],"locked":false,"vmErrorsOnRPCResponse":true,"verbose":false,"flavor":"ethereum","db_path":"C:\\Users\\verik\\AppData\\Roaming\\Ganache\\ui\\workspaces\\Veriko-FYP\\chaindata","mnemonic":"indicate polar abuse problem wife release sister giraffe police phrase anger dove","logDirectory":"C:\\Users\\verik\\OneDrive\\Documents\\Year 3\\FYPP\\Log"}
[2023/12/11 18:00:26.125] - eth_subscribe
[2023/12/11 18:00:26.127] - eth_getLogs
[2023/12/11 18:00:26.127] - eth_subscribe
[2023/12/11 18:00:26.128] - eth_subscribe
[2023/12/11 18:00:26.129] - eth_getLogs
[2023/12/11 18:00:26.129] - eth_subscribe
[2023/12/11 18:00:26.150] - eth_blockNumber
[2023/12/11 18:00:26.151] - eth_accounts
[2023/12/11 18:00:26.152] - eth_gasPrice
[2023/12/11 18:00:26.152] - eth_getBlockByNumber
[2023/12/11 18:00:26.153] - eth_subscribe
[2023/12/11 18:00:26.154] - eth_blockNumber
[2023/12/11 18:00:26.154] - eth_accounts
[2023/12/11 18:00:26.154] - eth_gasPrice
[2023/12/11 18:00:26.155] - eth_getBlockByNumber
[2023/12/11 18:00:26.155] - eth_subscribe
[2023/12/11 18:00:26.156] - eth_accounts
[2023/12/11 18:00:26.161] - eth_getBalance
[2023/12/11 18:00:26.161] - eth_getTransactionCount
[2023/12/11 18:00:26.162] - eth_getBalance
[2023/12/11 18:00:26.164] - eth_getTransactionCount
[2023/12/11 18:00:26.164] - eth_getBalance
[2023/12/11 18:00:26.166] - eth_getTransactionCount
[2023/12/11 18:00:26.167] - eth_getBalance
[2023/12/11 18:00:26.169] - eth_getTransactionCount
[2023/12/11 18:00:26.170] - eth_getBalance
[2023/12/11 18:00:26.171] - eth_getTransactionCount
[2023/12/11 18:00:26.172] - eth_getBalance
[2023/12/11 18:00:26.174] - eth_getTransactionCount
[2023/12/11 18:00:26.175] - eth_getBalance
[2023/12/11 18:00:26.176] - eth_getTransactionCount
[2023/12/11 18:00:26.177] - eth_getBalance
[2023/12/11 18:00:26.178] - eth_getTransactionCount
[2023/12/11 18:00:26.179] - eth_getBalance
[2023/12/11 18:00:26.180] - eth_getTransactionCount
[2023/12/11 18:00:26.181] - eth_getBalance
[2023/12/11 18:00:26.182] - eth_getTransactionCount
[2023/12/11 18:00:26.192] - eth_getBalance
[2023/12/11 18:00:26.193] - eth_getTransactionCount
[2023/12/11 18:00:26.194] - eth_getBalance
[2023/12/11 18:00:26.195] - eth_getTransactionCount
[2023/12/11 18:00:26.196] - eth_getBalance
[2023/12/11 18:00:26.197] - eth_getTransactionCount
[2023/12/11 18:00:26.198] - eth_getBalance
[2023/12/11 18:00:26.199] - eth_getTransactionCount
[2023/12/11 18:00:26.200] - eth_getBalance
[2023/12/11 18:00:26.201] - eth_getTransactionCount
[2023/12/11 18:00:26.202] - eth_getBalance
[2023/12/11 18:00:26.202] - eth_getTransactionCount
[2023/12/11 18:00:26.204] - eth_getBalance
[2023/12/11 18:00:26.205] - eth_getTransactionCount
[2023/12/11 18:00:26.206] - eth_getBalance
[2023/12/11 18:00:26.208] - eth_getTransactionCount
[2023/12/11 18:00:26.209] - eth_getBalance
[2023/12/11 18:00:26.210] - eth_getTransactionCount
[2023/12/11 18:00:26.211] - eth_getBalance
[2023/12/11 18:00:26.212] - eth_getTransactionCount
[2023/12/11 18:00:26.213] - eth_getBalance
[2023/12/11 18:00:26.214] - eth_getTransactionCount
[2023/12/11 18:00:26.215] - eth_getBalance
[2023/12/11 18:00:26.216] - eth_getTransactionCount
[2023/12/11 18:00:26.217] - eth_getBalance
[2023/12/11 18:00:26.218] - eth_getTransactionCount
[2023/12/11 18:00:26.219] - eth_getBalance
[2023/12/11 18:00:26.220] - eth_getTransactionCount
[2023/12/11 18:00:26.221] - eth_getBalance
[2023/12/11 18:00:26.222] - eth_getTransactionCount
[2023/12/11 18:00:26.223] - eth_getBalance
[2023/12/11 18:00:26.224] - eth_getTransactionCount
[2023/12/11 18:00:26.225] - eth_getBalance
[2023/12/11 18:00:26.226] - eth_getTransactionCount
[2023/12/11 18:00:26.227] - eth_getBalance
[2023/12/11 18:00:26.227] - eth_getTransactionCount
[2023/12/11 18:00:26.228] - eth_getBalance
[2023/12/11 18:00:26.229] - eth_getTransactionCount
[2023/12/11 18:00:26.230] - eth_getBalance
[2023/12/11 18:00:26.231] - eth_getTransactionCount
[2023/12/11 18:00:26.247] - eth_getTransactionCount
[2023/12/11 18:00:26.248] - eth_getBalance
[2023/12/11 18:00:26.248] - eth_getTransactionCount
[2023/12/11 18:00:26.249] - eth_getBalance
[2023/12/11 18:00:26.250] - eth_getTransactionCount
[2023/12/11 18:00:26.251] - eth_getBalance
[2023/12/11 18:00:26.252] - eth_getTransactionCount
[2023/12/11 18:00:26.253] - eth_getBalance
[2023/12/11 18:00:26.254] - eth_getTransactionCount
[2023/12/11 18:00:26.255] - eth_getBalance
[2023/12/11 18:00:26.255] - eth_getTransactionCount
[2023/12/11 18:00:26.256] - eth_getBalance
[2023/12/11 18:00:26.257] - eth_getTransactionCount
[2023/12/11 18:00:26.258] - eth_getBalance
[2023/12/11 18:00:26.259] - eth_getTransactionCount
[2023/12/11 18:00:26.260] - eth_getBalance
[2023/12/11 18:00:26.261] - eth_getTransactionCount
[2023/12/11 18:00:26.262] - eth_getBalance
[2023/12/11 18:00:26.263] - eth_getTransactionCount
[2023/12/11 18:00:43.262] - eth_unsubscribe
[2023/12/11 18:00:43.263] - eth_unsubscribe
