[2023/12/14 02:32:55.936] - Starting server with initial configuration: {"gasLimit":6721975,"gasPrice":20000000000,"hardfork":"merge","hostname":"127.0.0.1","port":7545,"network_id":5777,"default_balance_ether":100,"total_accounts":10,"unlocked_accounts":[],"locked":false,"vmErrorsOnRPCResponse":true,"verbose":false,"flavor":"ethereum","db_path":"C:\\Users\\verik\\AppData\\Roaming\\Ganache\\ui\\workspaces\\Veriko-FYP\\chaindata","mnemonic":"indicate polar abuse problem wife release sister giraffe police phrase anger dove","logDirectory":"C:\\Users\\verik\\OneDrive\\Documents\\Year 3\\FYPP\\Log"}
[2023/12/14 02:32:56.039] - eth_subscribe
[2023/12/14 02:32:56.040] - eth_getLogs
[2023/12/14 02:32:56.041] - eth_subscribe
[2023/12/14 02:32:56.072] - eth_subscribe
[2023/12/14 02:32:56.074] - eth_getLogs
[2023/12/14 02:32:56.075] - eth_subscribe
[2023/12/14 02:32:56.113] - eth_blockNumber
[2023/12/14 02:32:56.114] - eth_accounts
[2023/12/14 02:32:56.114] - eth_gasPrice
[2023/12/14 02:32:56.115] - eth_getBlockByNumber
[2023/12/14 02:32:56.115] - eth_subscribe
[2023/12/14 02:32:56.116] - eth_blockNumber
[2023/12/14 02:32:56.124] - eth_accounts
[2023/12/14 02:32:56.125] - eth_accounts
[2023/12/14 02:32:56.126] - eth_gasPrice
[2023/12/14 02:32:56.151] - eth_getBalance
[2023/12/14 02:32:56.155] - eth_getTransactionCount
[2023/12/14 02:32:56.159] - eth_getBalance
[2023/12/14 02:32:56.163] - eth_getTransactionCount
[2023/12/14 02:32:56.166] - eth_getBalance
[2023/12/14 02:32:56.169] - eth_getTransactionCount
[2023/12/14 02:32:56.172] - eth_getBalance
[2023/12/14 02:32:56.177] - eth_getTransactionCount
[2023/12/14 02:32:56.181] - eth_getBalance
[2023/12/14 02:32:56.185] - eth_getTransactionCount
[2023/12/14 02:32:56.189] - eth_getBalance
[2023/12/14 02:32:56.193] - eth_getTransactionCount
[2023/12/14 02:32:56.196] - eth_getBalance
[2023/12/14 02:32:56.201] - eth_getTransactionCount
[2023/12/14 02:32:56.203] - eth_getBalance
[2023/12/14 02:32:56.206] - eth_getTransactionCount
[2023/12/14 02:32:56.210] - eth_getBalance
[2023/12/14 02:32:56.213] - eth_getTransactionCount
[2023/12/14 02:32:56.216] - eth_getBalance
[2023/12/14 02:32:56.220] - eth_getTransactionCount
[2023/12/14 02:32:56.228] - eth_getBalance
[2023/12/14 02:32:56.231] - eth_getTransactionCount
[2023/12/14 02:32:56.235] - eth_getBalance
[2023/12/14 02:32:56.237] - eth_getTransactionCount
[2023/12/14 02:32:56.240] - eth_getBalance
[2023/12/14 02:32:56.244] - eth_getTransactionCount
[2023/12/14 02:32:56.248] - eth_getBalance
[2023/12/14 02:32:56.252] - eth_getTransactionCount
[2023/12/14 02:32:56.256] - eth_getBalance
[2023/12/14 02:32:56.259] - eth_getTransactionCount
[2023/12/14 02:32:56.262] - eth_getBalance
[2023/12/14 02:32:56.266] - eth_getTransactionCount
[2023/12/14 02:32:56.269] - eth_getBalance
[2023/12/14 02:32:56.272] - eth_getTransactionCount
[2023/12/14 02:32:56.276] - eth_getBalance
[2023/12/14 02:32:56.279] - eth_getTransactionCount
[2023/12/14 02:32:56.282] - eth_getBalance
[2023/12/14 02:32:56.286] - eth_getTransactionCount
[2023/12/14 02:32:56.289] - eth_getBalance
[2023/12/14 02:32:56.293] - eth_getTransactionCount
[2023/12/14 02:32:56.297] - eth_getBalance
[2023/12/14 02:32:56.300] - eth_getTransactionCount
[2023/12/14 02:32:56.303] - eth_getBalance
[2023/12/14 02:32:56.306] - eth_getTransactionCount
[2023/12/14 02:32:56.309] - eth_getBalance
[2023/12/14 02:32:56.312] - eth_getTransactionCount
[2023/12/14 02:32:56.316] - eth_getBalance
[2023/12/14 02:32:56.318] - eth_getTransactionCount
[2023/12/14 02:32:56.321] - eth_getBalance
[2023/12/14 02:32:56.324] - eth_getTransactionCount
[2023/12/14 02:32:56.328] - eth_getBalance
[2023/12/14 02:32:56.331] - eth_getTransactionCount
[2023/12/14 02:32:56.334] - eth_getBalance
[2023/12/14 02:32:56.337] - eth_getTransactionCount
[2023/12/14 02:32:56.340] - eth_getBalance
[2023/12/14 02:32:56.346] - eth_getTransactionCount
[2023/12/14 02:32:56.349] - eth_getBalance
[2023/12/14 02:32:56.353] - eth_getTransactionCount
[2023/12/14 02:32:56.356] - eth_getBalance
[2023/12/14 02:32:56.360] - eth_getTransactionCount
[2023/12/14 02:32:56.367] - eth_getBlockByNumber
[2023/12/14 02:32:56.368] - eth_subscribe
[2023/12/14 02:32:56.401] - eth_getBalance
[2023/12/14 02:32:56.405] - eth_getTransactionCount
[2023/12/14 02:32:56.408] - eth_getBalance
[2023/12/14 02:32:56.411] - eth_getTransactionCount
[2023/12/14 02:32:56.413] - eth_getBalance
[2023/12/14 02:32:56.417] - eth_getTransactionCount
[2023/12/14 02:32:56.420] - eth_getBalance
[2023/12/14 02:32:56.424] - eth_getTransactionCount
[2023/12/14 02:32:56.429] - eth_getBalance
[2023/12/14 02:32:56.433] - eth_getTransactionCount
[2023/12/14 02:32:56.437] - eth_getBalance
[2023/12/14 02:32:56.442] - eth_getTransactionCount
[2023/12/14 02:32:56.448] - eth_getBalance
[2023/12/14 02:32:56.455] - eth_getTransactionCount
[2023/12/14 02:32:56.459] - eth_getBalance
[2023/12/14 02:32:56.463] - eth_getTransactionCount
[2023/12/14 02:32:56.466] - eth_getBalance
[2023/12/14 02:32:56.469] - eth_getTransactionCount
[2023/12/14 02:32:56.472] - eth_getBalance
[2023/12/14 02:32:56.476] - eth_getTransactionCount
[2023/12/14 02:37:08.980] - eth_blockNumber
[2023/12/14 02:37:08.996] - net_version
[2023/12/14 02:37:09.000] - eth_accounts
[2023/12/14 02:37:09.015] - eth_getBlockByNumber
[2023/12/14 02:37:09.020] - eth_accounts
[2023/12/14 02:37:09.035] - net_version
[2023/12/14 02:37:09.037] - eth_getBlockByNumber
[2023/12/14 02:37:09.040] - eth_getBlockByNumber
[2023/12/14 02:37:09.044] - net_version
[2023/12/14 02:37:09.048] - eth_getBlockByNumber
[2023/12/14 02:37:09.054] - eth_estimateGas
[2023/12/14 02:37:09.104] - net_version
[2023/12/14 02:37:09.105] - eth_blockNumber
[2023/12/14 02:37:09.108] - eth_getBlockByNumber
[2023/12/14 02:37:09.112] - eth_estimateGas
[2023/12/14 02:37:09.131] - eth_getBlockByNumber
[2023/12/14 02:37:09.132] - eth_gasPrice
[2023/12/14 02:37:09.135] - eth_sendTransaction
[2023/12/14 02:37:09.150] - 
  Transaction: 0xc098fff41624bd4afb52223a920a585ad278f7064ff5c9bc8122c1b5e16eb803
  Contract created: 0x6c35f6f7f727a7bb676e5bb73ff66c6240d5b50c
  Gas usage: 742364
  Block number: 10
  Block time: Thu Dec 14 2023 02:37:09 GMT+0800 (Malaysia Time)

[2023/12/14 02:37:09.154] - eth_getBlockByNumber
[2023/12/14 02:37:09.155] - eth_getTransactionReceipt
[2023/12/14 02:37:09.159] - eth_getCode
[2023/12/14 02:37:09.163] - eth_getBalance
[2023/12/14 02:37:09.164] - eth_getTransactionByHash
[2023/12/14 02:37:09.166] - eth_getTransactionCount
[2023/12/14 02:37:09.168] - eth_getBlockByNumber
[2023/12/14 02:37:09.169] - eth_getBalance
[2023/12/14 02:37:09.170] - eth_getBalance
[2023/12/14 02:37:09.171] - eth_getTransactionCount
[2023/12/14 02:37:09.174] - eth_getBalance
[2023/12/14 02:37:09.178] - eth_getTransactionCount
[2023/12/14 02:37:09.182] - eth_getBalance
[2023/12/14 02:37:09.187] - eth_getTransactionCount
[2023/12/14 02:37:09.190] - eth_getBalance
[2023/12/14 02:37:09.198] - eth_getTransactionCount
[2023/12/14 02:37:09.202] - eth_getBalance
[2023/12/14 02:37:09.206] - eth_getTransactionCount
[2023/12/14 02:37:09.211] - eth_getBalance
[2023/12/14 02:37:09.216] - eth_getTransactionCount
[2023/12/14 02:37:09.221] - eth_getBalance
[2023/12/14 02:37:09.225] - eth_getTransactionCount
[2023/12/14 02:37:09.230] - eth_getBalance
[2023/12/14 02:37:09.235] - eth_getTransactionCount
[2023/12/14 02:37:09.240] - eth_getBalance
[2023/12/14 02:37:09.243] - eth_getTransactionCount
[2023/12/14 02:37:17.609] - eth_getBlockByNumber
[2023/12/14 02:37:17.630] - eth_getBlockTransactionCountByHash
[2023/12/14 02:37:17.644] - eth_getBlockByNumber
[2023/12/14 02:37:17.659] - eth_getBlockTransactionCountByHash
[2023/12/14 02:37:17.673] - eth_getBlockByNumber
[2023/12/14 02:37:17.691] - eth_getBlockTransactionCountByHash
[2023/12/14 02:37:17.706] - eth_getBlockByNumber
[2023/12/14 02:37:17.722] - eth_getBlockTransactionCountByHash
[2023/12/14 02:37:17.737] - eth_getBlockByNumber
[2023/12/14 02:37:17.753] - eth_getBlockTransactionCountByHash
[2023/12/14 02:37:17.769] - eth_getBlockByNumber
[2023/12/14 02:37:17.793] - eth_getBlockTransactionCountByHash
[2023/12/14 02:37:17.821] - eth_getBlockByNumber
[2023/12/14 02:37:17.848] - eth_getBlockTransactionCountByHash
[2023/12/14 02:37:17.865] - eth_getBlockByNumber
[2023/12/14 02:37:17.877] - eth_getBlockTransactionCountByHash
[2023/12/14 02:37:17.891] - eth_getBlockByNumber
[2023/12/14 02:37:17.902] - eth_getBlockTransactionCountByHash
[2023/12/14 02:37:17.915] - eth_getBlockByNumber
[2023/12/14 02:37:17.930] - eth_getBlockTransactionCountByHash
[2023/12/14 02:37:17.943] - eth_getBlockByNumber
[2023/12/14 02:37:17.958] - eth_getBlockTransactionCountByHash
[2023/12/14 02:37:18.239] - eth_getBlockByNumber
[2023/12/14 02:37:18.266] - eth_getTransactionReceipt
[2023/12/14 02:37:18.287] - eth_getBlockByNumber
[2023/12/14 02:37:18.303] - eth_getTransactionReceipt
[2023/12/14 02:37:18.324] - eth_getBlockByNumber
[2023/12/14 02:37:18.341] - eth_getTransactionReceipt
[2023/12/14 02:37:18.363] - eth_getBlockByNumber
[2023/12/14 02:37:18.386] - eth_getTransactionReceipt
[2023/12/14 02:37:18.411] - eth_getBlockByNumber
[2023/12/14 02:37:18.427] - eth_getTransactionReceipt
[2023/12/14 02:37:18.446] - eth_getBlockByNumber
[2023/12/14 02:37:18.463] - eth_getTransactionReceipt
[2023/12/14 02:37:18.480] - eth_getBlockByNumber
[2023/12/14 02:37:18.497] - eth_getTransactionReceipt
[2023/12/14 02:37:18.513] - eth_getBlockByNumber
[2023/12/14 02:37:18.529] - eth_getTransactionReceipt
[2023/12/14 02:37:18.549] - eth_getBlockByNumber
[2023/12/14 02:37:18.565] - eth_getTransactionReceipt
[2023/12/14 02:37:18.584] - eth_getBlockByNumber
[2023/12/14 02:37:18.595] - eth_getTransactionReceipt
[2023/12/14 02:37:18.614] - eth_getBlockByNumber
[2023/12/14 02:37:48.250] - eth_blockNumber
[2023/12/14 02:37:48.267] - net_version
[2023/12/14 02:37:48.271] - eth_accounts
[2023/12/14 02:37:48.295] - eth_accounts
[2023/12/14 02:37:59.149] - eth_getBalance
[2023/12/14 02:37:59.220] - net_version
[2023/12/14 02:37:59.224] - eth_getCode
[2023/12/14 02:37:59.226] - eth_getBlockByNumber
[2023/12/14 02:37:59.229] - eth_getBalance
[2023/12/14 02:37:59.232] - eth_getTransactionCount
[2023/12/14 02:47:20.812] - net_version
[2023/12/14 02:47:20.818] - eth_getCode
[2023/12/14 02:47:20.821] - eth_getBlockByNumber
[2023/12/14 02:47:20.824] - eth_getBalance
[2023/12/14 02:47:20.827] - eth_getTransactionCount
[2023/12/14 03:03:33.638] - eth_unsubscribe
[2023/12/14 03:03:33.639] - eth_unsubscribe
