[2023/12/11 18:50:43.446] - Starting server with initial configuration: {"gasLimit":6721975,"gasPrice":20000000000,"hardfork":"merge","hostname":"127.0.0.1","port":7545,"network_id":5777,"default_balance_ether":100,"total_accounts":10,"unlocked_accounts":[],"locked":false,"vmErrorsOnRPCResponse":true,"verbose":false,"flavor":"ethereum","db_path":"C:\\Users\\verik\\AppData\\Roaming\\Ganache\\ui\\workspaces\\Veriko-FYP\\chaindata","mnemonic":"indicate polar abuse problem wife release sister giraffe police phrase anger dove","logDirectory":"C:\\Users\\verik\\OneDrive\\Documents\\Year 3\\FYPP\\Log"}
[2023/12/11 18:50:43.560] - eth_subscribe
[2023/12/11 18:50:43.562] - eth_getLogs
[2023/12/11 18:50:43.564] - eth_subscribe
[2023/12/11 18:50:43.605] - eth_subscribe
[2023/12/11 18:50:43.606] - eth_getLogs
[2023/12/11 18:50:43.607] - eth_subscribe
[2023/12/11 18:50:43.641] - eth_blockNumber
[2023/12/11 18:50:43.641] - eth_accounts
[2023/12/11 18:50:43.642] - eth_gasPrice
[2023/12/11 18:50:43.642] - eth_getBlockByNumber
[2023/12/11 18:50:43.642] - eth_subscribe
[2023/12/11 18:50:43.644] - eth_blockNumber
[2023/12/11 18:50:43.644] - eth_accounts
[2023/12/11 18:50:43.644] - eth_gasPrice
[2023/12/11 18:50:43.645] - eth_getBlockByNumber
[2023/12/11 18:50:43.645] - eth_subscribe
[2023/12/11 18:50:43.652] - eth_accounts
[2023/12/11 18:50:43.684] - eth_getBalance
[2023/12/11 18:50:43.688] - eth_getTransactionCount
[2023/12/11 18:50:43.691] - eth_getBalance
[2023/12/11 18:50:43.694] - eth_getTransactionCount
[2023/12/11 18:50:43.697] - eth_getBalance
[2023/12/11 18:50:43.701] - eth_getTransactionCount
[2023/12/11 18:50:43.704] - eth_getBalance
[2023/12/11 18:50:43.707] - eth_getTransactionCount
[2023/12/11 18:50:43.710] - eth_getBalance
[2023/12/11 18:50:43.714] - eth_getTransactionCount
[2023/12/11 18:50:43.719] - eth_getBalance
[2023/12/11 18:50:43.721] - eth_getTransactionCount
[2023/12/11 18:50:43.724] - eth_getBalance
[2023/12/11 18:50:43.727] - eth_getTransactionCount
[2023/12/11 18:50:43.731] - eth_getBalance
[2023/12/11 18:50:43.734] - eth_getTransactionCount
[2023/12/11 18:50:43.736] - eth_getBalance
[2023/12/11 18:50:43.739] - eth_getTransactionCount
[2023/12/11 18:50:43.742] - eth_getBalance
[2023/12/11 18:50:43.745] - eth_getTransactionCount
[2023/12/11 18:50:43.753] - eth_getBalance
[2023/12/11 18:50:43.757] - eth_getTransactionCount
[2023/12/11 18:50:43.760] - eth_getBalance
[2023/12/11 18:50:43.763] - eth_getTransactionCount
[2023/12/11 18:50:43.765] - eth_getBalance
[2023/12/11 18:50:43.767] - eth_getTransactionCount
[2023/12/11 18:50:43.770] - eth_getBalance
[2023/12/11 18:50:43.773] - eth_getTransactionCount
[2023/12/11 18:50:43.775] - eth_getBalance
[2023/12/11 18:50:43.777] - eth_getTransactionCount
[2023/12/11 18:50:43.780] - eth_getBalance
[2023/12/11 18:50:43.782] - eth_getTransactionCount
[2023/12/11 18:50:43.785] - eth_getBalance
[2023/12/11 18:50:43.787] - eth_getTransactionCount
[2023/12/11 18:50:43.789] - eth_getBalance
[2023/12/11 18:50:43.791] - eth_getTransactionCount
[2023/12/11 18:50:43.794] - eth_getBalance
[2023/12/11 18:50:43.797] - eth_getTransactionCount
[2023/12/11 18:50:43.800] - eth_getBalance
[2023/12/11 18:50:43.802] - eth_getTransactionCount
[2023/12/11 18:50:43.804] - eth_getBalance
[2023/12/11 18:50:43.806] - eth_getTransactionCount
[2023/12/11 18:50:43.809] - eth_getBalance
[2023/12/11 18:50:43.811] - eth_getTransactionCount
[2023/12/11 18:50:43.813] - eth_getBalance
[2023/12/11 18:50:43.816] - eth_getTransactionCount
[2023/12/11 18:50:43.818] - eth_getBalance
[2023/12/11 18:50:43.821] - eth_getTransactionCount
[2023/12/11 18:50:43.823] - eth_getBalance
[2023/12/11 18:50:43.827] - eth_getTransactionCount
[2023/12/11 18:50:43.829] - eth_getBalance
[2023/12/11 18:50:43.832] - eth_getTransactionCount
[2023/12/11 18:50:43.834] - eth_getBalance
[2023/12/11 18:50:43.837] - eth_getTransactionCount
[2023/12/11 18:50:43.840] - eth_getBalance
[2023/12/11 18:50:43.843] - eth_getTransactionCount
[2023/12/11 18:50:43.845] - eth_getBalance
[2023/12/11 18:50:43.849] - eth_getTransactionCount
[2023/12/11 18:50:43.851] - eth_getBalance
[2023/12/11 18:50:43.854] - eth_getTransactionCount
[2023/12/11 18:50:43.889] - eth_getBalance
[2023/12/11 18:50:43.893] - eth_getTransactionCount
[2023/12/11 18:50:43.896] - eth_getBalance
[2023/12/11 18:50:43.899] - eth_getTransactionCount
[2023/12/11 18:50:43.901] - eth_getBalance
[2023/12/11 18:50:43.904] - eth_getTransactionCount
[2023/12/11 18:50:43.906] - eth_getBalance
[2023/12/11 18:50:43.908] - eth_getTransactionCount
[2023/12/11 18:50:43.911] - eth_getBalance
[2023/12/11 18:50:43.913] - eth_getTransactionCount
[2023/12/11 18:50:43.915] - eth_getBalance
[2023/12/11 18:50:43.918] - eth_getTransactionCount
[2023/12/11 18:50:43.920] - eth_getBalance
[2023/12/11 18:50:43.922] - eth_getTransactionCount
[2023/12/11 18:50:43.925] - eth_getBalance
[2023/12/11 18:50:43.927] - eth_getTransactionCount
[2023/12/11 18:50:43.929] - eth_getBalance
[2023/12/11 18:50:43.931] - eth_getTransactionCount
[2023/12/11 18:50:43.934] - eth_getBalance
[2023/12/11 18:50:43.937] - eth_getTransactionCount
[2023/12/11 18:51:22.602] - eth_blockNumber
[2023/12/11 18:51:22.615] - net_version
[2023/12/11 18:51:22.618] - eth_accounts
[2023/12/11 18:51:22.628] - eth_getBlockByNumber
[2023/12/11 18:51:22.633] - eth_accounts
[2023/12/11 18:51:22.650] - net_version
[2023/12/11 18:51:22.653] - eth_getBlockByNumber
[2023/12/11 18:51:22.657] - eth_getBlockByNumber
[2023/12/11 18:51:22.661] - net_version
[2023/12/11 18:51:22.666] - eth_getBlockByNumber
[2023/12/11 18:51:22.674] - eth_estimateGas
[2023/12/11 18:51:22.725] - net_version
[2023/12/11 18:51:22.726] - eth_blockNumber
[2023/12/11 18:51:22.731] - eth_getBlockByNumber
[2023/12/11 18:51:22.736] - eth_estimateGas
[2023/12/11 18:53:20.922] - eth_blockNumber
[2023/12/11 18:53:20.937] - net_version
[2023/12/11 18:53:20.940] - eth_accounts
[2023/12/11 18:53:20.956] - eth_getBlockByNumber
[2023/12/11 18:53:20.961] - eth_accounts
[2023/12/11 18:53:20.977] - net_version
[2023/12/11 18:53:20.980] - eth_getBlockByNumber
[2023/12/11 18:53:20.983] - eth_getBlockByNumber
[2023/12/11 18:53:20.987] - net_version
[2023/12/11 18:53:20.991] - eth_getBlockByNumber
[2023/12/11 18:53:20.998] - eth_estimateGas
[2023/12/11 18:53:21.034] - net_version
[2023/12/11 18:53:21.035] - eth_blockNumber
[2023/12/11 18:53:21.040] - eth_getBlockByNumber
[2023/12/11 18:53:21.045] - eth_estimateGas
[2023/12/11 18:54:25.971] - eth_unsubscribe
[2023/12/11 18:54:25.972] - eth_unsubscribe
