[2023/12/14 02:32:40.841] - Starting server with initial configuration: {"gasLimit":6721975,"gasPrice":20000000000,"hardfork":"merge","hostname":"127.0.0.1","port":7545,"network_id":5777,"default_balance_ether":100,"total_accounts":10,"unlocked_accounts":[],"locked":false,"vmErrorsOnRPCResponse":true,"verbose":false,"flavor":"ethereum","db_path":"C:\\Users\\verik\\AppData\\Roaming\\Ganache\\ui\\workspaces\\Veriko-FYP\\chaindata","mnemonic":"indicate polar abuse problem wife release sister giraffe police phrase anger dove","logDirectory":"C:\\Users\\verik\\OneDrive\\Documents\\Year 3\\FYPP\\Log"}
[2023/12/14 02:32:40.972] - eth_subscribe
[2023/12/14 02:32:40.974] - eth_getLogs
[2023/12/14 02:32:40.975] - eth_subscribe
[2023/12/14 02:32:40.976] - eth_subscribe
[2023/12/14 02:32:40.977] - eth_getLogs
[2023/12/14 02:32:40.977] - eth_subscribe
[2023/12/14 02:32:41.004] - eth_getBlockByNumber
[2023/12/14 02:32:41.006] - eth_subscribe
[2023/12/14 02:32:41.018] - eth_blockNumber
[2023/12/14 02:32:41.018] - eth_accounts
[2023/12/14 02:32:41.019] - eth_gasPrice
[2023/12/14 02:32:41.020] - eth_getBlockByNumber
[2023/12/14 02:32:41.020] - eth_subscribe
[2023/12/14 02:32:41.021] - eth_blockNumber
[2023/12/14 02:32:41.022] - eth_accounts
[2023/12/14 02:32:41.022] - eth_gasPrice
[2023/12/14 02:32:41.042] - eth_getBalance
[2023/12/14 02:32:41.044] - eth_getTransactionCount
[2023/12/14 02:32:41.047] - eth_getBalance
[2023/12/14 02:32:41.049] - eth_getTransactionCount
[2023/12/14 02:32:41.052] - eth_getBalance
[2023/12/14 02:32:41.056] - eth_getTransactionCount
[2023/12/14 02:32:41.058] - eth_getBalance
[2023/12/14 02:32:41.061] - eth_getTransactionCount
[2023/12/14 02:32:41.063] - eth_getBalance
[2023/12/14 02:32:41.065] - eth_getTransactionCount
[2023/12/14 02:32:41.069] - eth_getBalance
[2023/12/14 02:32:41.074] - eth_getTransactionCount
[2023/12/14 02:32:41.077] - eth_getBalance
[2023/12/14 02:32:41.080] - eth_getTransactionCount
[2023/12/14 02:32:41.083] - eth_getBalance
[2023/12/14 02:32:41.088] - eth_getTransactionCount
[2023/12/14 02:32:41.093] - eth_getBalance
[2023/12/14 02:32:41.096] - eth_getTransactionCount
[2023/12/14 02:32:41.101] - eth_getBalance
[2023/12/14 02:32:41.106] - eth_getTransactionCount
[2023/12/14 02:32:41.110] - eth_getBalance
[2023/12/14 02:32:41.116] - eth_getTransactionCount
[2023/12/14 02:32:41.118] - eth_getBalance
[2023/12/14 02:32:41.121] - eth_getTransactionCount
[2023/12/14 02:32:41.123] - eth_getBalance
[2023/12/14 02:32:41.125] - eth_getTransactionCount
[2023/12/14 02:32:41.127] - eth_getBalance
[2023/12/14 02:32:41.130] - eth_getTransactionCount
[2023/12/14 02:32:41.133] - eth_getBalance
[2023/12/14 02:32:41.134] - eth_getTransactionCount
[2023/12/14 02:32:41.137] - eth_getBalance
[2023/12/14 02:32:41.140] - eth_getTransactionCount
[2023/12/14 02:32:41.144] - eth_getBalance
[2023/12/14 02:32:41.146] - eth_getTransactionCount
[2023/12/14 02:32:41.148] - eth_getBalance
[2023/12/14 02:32:41.151] - eth_getTransactionCount
[2023/12/14 02:32:41.155] - eth_getBalance
[2023/12/14 02:32:41.157] - eth_getTransactionCount
[2023/12/14 02:32:41.159] - eth_getBalance
[2023/12/14 02:32:41.161] - eth_getTransactionCount
[2023/12/14 02:32:41.188] - eth_getBalance
[2023/12/14 02:32:41.192] - eth_getTransactionCount
[2023/12/14 02:32:41.195] - eth_getBalance
[2023/12/14 02:32:41.197] - eth_getTransactionCount
[2023/12/14 02:32:41.199] - eth_getBalance
[2023/12/14 02:32:41.201] - eth_getTransactionCount
[2023/12/14 02:32:41.207] - eth_getBalance
[2023/12/14 02:32:41.208] - eth_getTransactionCount
[2023/12/14 02:32:41.210] - eth_getBalance
[2023/12/14 02:32:41.212] - eth_getTransactionCount
[2023/12/14 02:32:41.214] - eth_getBalance
[2023/12/14 02:32:41.216] - eth_getTransactionCount
[2023/12/14 02:32:41.218] - eth_getBalance
[2023/12/14 02:32:41.222] - eth_getTransactionCount
[2023/12/14 02:32:41.224] - eth_getBalance
[2023/12/14 02:32:41.226] - eth_getTransactionCount
[2023/12/14 02:32:41.228] - eth_getBalance
[2023/12/14 02:32:41.233] - eth_getTransactionCount
[2023/12/14 02:32:41.235] - eth_getBalance
[2023/12/14 02:32:41.238] - eth_getTransactionCount
[2023/12/14 02:32:41.240] - eth_getBalance
[2023/12/14 02:32:41.242] - eth_getTransactionCount
[2023/12/14 02:32:41.244] - eth_getBalance
[2023/12/14 02:32:41.246] - eth_getTransactionCount
[2023/12/14 02:32:41.249] - eth_getBalance
[2023/12/14 02:32:41.251] - eth_getTransactionCount
[2023/12/14 02:32:41.254] - eth_getBalance
[2023/12/14 02:32:41.257] - eth_getTransactionCount
[2023/12/14 02:32:41.262] - eth_getBalance
[2023/12/14 02:32:41.264] - eth_getTransactionCount
[2023/12/14 02:32:41.267] - eth_getBalance
[2023/12/14 02:32:41.270] - eth_getTransactionCount
[2023/12/14 02:32:41.272] - eth_getBalance
[2023/12/14 02:32:41.275] - eth_getTransactionCount
[2023/12/14 02:32:41.278] - eth_getBalance
[2023/12/14 02:32:41.280] - eth_getTransactionCount
[2023/12/14 02:32:41.283] - eth_getBalance
[2023/12/14 02:32:41.285] - eth_getTransactionCount
[2023/12/14 02:32:41.288] - eth_getBalance
[2023/12/14 02:32:41.292] - eth_getTransactionCount
[2023/12/14 02:32:55.827] - eth_unsubscribe
[2023/12/14 02:32:55.828] - eth_unsubscribe
