[2023/12/11 18:00:04.207] - Starting server with initial configuration: {"gasLimit":6721975,"gasPrice":20000000000,"hardfork":"merge","hostname":"127.0.0.1","port":7545,"network_id":5777,"default_balance_ether":100,"total_accounts":10,"unlocked_accounts":[],"locked":false,"vmErrorsOnRPCResponse":true,"verbose":false,"flavor":"ethereum","db_path":"C:\\Users\\verik\\AppData\\Roaming\\Ganache\\ui\\workspaces\\Veriko-FYP\\chaindata","mnemonic":"indicate polar abuse problem wife release sister giraffe police phrase anger dove","logDirectory":"C:\\Users\\verik\\OneDrive\\Documents\\Year 3\\FYPP\\Log"}
[2023/12/11 18:00:04.298] - eth_subscribe
[2023/12/11 18:00:04.300] - eth_getLogs
[2023/12/11 18:00:04.301] - eth_subscribe
[2023/12/11 18:00:04.314] - eth_subscribe
[2023/12/11 18:00:04.315] - eth_getLogs
[2023/12/11 18:00:04.316] - eth_subscribe
[2023/12/11 18:00:04.332] - eth_blockNumber
[2023/12/11 18:00:04.333] - eth_accounts
[2023/12/11 18:00:04.333] - eth_gasPrice
[2023/12/11 18:00:04.334] - eth_getBlockByNumber
[2023/12/11 18:00:04.334] - eth_subscribe
[2023/12/11 18:00:04.335] - eth_blockNumber
[2023/12/11 18:00:04.335] - eth_accounts
[2023/12/11 18:00:04.336] - eth_gasPrice
[2023/12/11 18:00:04.336] - eth_getBlockByNumber
[2023/12/11 18:00:04.337] - eth_subscribe
[2023/12/11 18:00:04.340] - eth_accounts
[2023/12/11 18:00:04.354] - eth_getBalance
[2023/12/11 18:00:04.357] - eth_getTransactionCount
[2023/12/11 18:00:04.358] - eth_getBalance
[2023/12/11 18:00:04.360] - eth_getTransactionCount
[2023/12/11 18:00:04.361] - eth_getBalance
[2023/12/11 18:00:04.365] - eth_getTransactionCount
[2023/12/11 18:00:04.366] - eth_getBalance
[2023/12/11 18:00:04.368] - eth_getTransactionCount
[2023/12/11 18:00:04.370] - eth_getBalance
[2023/12/11 18:00:04.371] - eth_getTransactionCount
[2023/12/11 18:00:04.373] - eth_getBalance
[2023/12/11 18:00:04.377] - eth_getTransactionCount
[2023/12/11 18:00:04.378] - eth_getBalance
[2023/12/11 18:00:04.381] - eth_getTransactionCount
[2023/12/11 18:00:04.382] - eth_getBalance
[2023/12/11 18:00:04.383] - eth_getTransactionCount
[2023/12/11 18:00:04.385] - eth_getBalance
[2023/12/11 18:00:04.387] - eth_getTransactionCount
[2023/12/11 18:00:04.388] - eth_getBalance
[2023/12/11 18:00:04.390] - eth_getTransactionCount
[2023/12/11 18:00:04.393] - eth_getBalance
[2023/12/11 18:00:04.395] - eth_getTransactionCount
[2023/12/11 18:00:04.396] - eth_getBalance
[2023/12/11 18:00:04.397] - eth_getTransactionCount
[2023/12/11 18:00:04.399] - eth_getBalance
[2023/12/11 18:00:04.400] - eth_getTransactionCount
[2023/12/11 18:00:04.401] - eth_getBalance
[2023/12/11 18:00:04.403] - eth_getTransactionCount
[2023/12/11 18:00:04.405] - eth_getBalance
[2023/12/11 18:00:04.406] - eth_getTransactionCount
[2023/12/11 18:00:04.407] - eth_getBalance
[2023/12/11 18:00:04.409] - eth_getTransactionCount
[2023/12/11 18:00:04.410] - eth_getBalance
[2023/12/11 18:00:04.412] - eth_getTransactionCount
[2023/12/11 18:00:04.413] - eth_getBalance
[2023/12/11 18:00:04.415] - eth_getTransactionCount
[2023/12/11 18:00:04.416] - eth_getBalance
[2023/12/11 18:00:04.418] - eth_getTransactionCount
[2023/12/11 18:00:04.419] - eth_getBalance
[2023/12/11 18:00:04.421] - eth_getTransactionCount
[2023/12/11 18:00:04.423] - eth_getBalance
[2023/12/11 18:00:04.424] - eth_getTransactionCount
[2023/12/11 18:00:04.425] - eth_getBalance
[2023/12/11 18:00:04.427] - eth_getTransactionCount
[2023/12/11 18:00:04.428] - eth_getBalance
[2023/12/11 18:00:04.430] - eth_getTransactionCount
[2023/12/11 18:00:04.431] - eth_getBalance
[2023/12/11 18:00:04.433] - eth_getTransactionCount
[2023/12/11 18:00:04.434] - eth_getBalance
[2023/12/11 18:00:04.438] - eth_getTransactionCount
[2023/12/11 18:00:04.440] - eth_getBalance
[2023/12/11 18:00:04.442] - eth_getTransactionCount
[2023/12/11 18:00:04.443] - eth_getBalance
[2023/12/11 18:00:04.445] - eth_getTransactionCount
[2023/12/11 18:00:04.446] - eth_getBalance
[2023/12/11 18:00:04.448] - eth_getTransactionCount
[2023/12/11 18:00:04.450] - eth_getBalance
[2023/12/11 18:00:04.452] - eth_getTransactionCount
[2023/12/11 18:00:04.454] - eth_getBalance
[2023/12/11 18:00:04.455] - eth_getTransactionCount
[2023/12/11 18:00:04.485] - eth_getBalance
[2023/12/11 18:00:04.486] - eth_getTransactionCount
[2023/12/11 18:00:04.487] - eth_getBalance
[2023/12/11 18:00:04.489] - eth_getTransactionCount
[2023/12/11 18:00:04.491] - eth_getBalance
[2023/12/11 18:00:04.492] - eth_getTransactionCount
[2023/12/11 18:00:04.494] - eth_getBalance
[2023/12/11 18:00:04.495] - eth_getTransactionCount
[2023/12/11 18:00:04.497] - eth_getBalance
[2023/12/11 18:00:04.498] - eth_getTransactionCount
[2023/12/11 18:00:04.500] - eth_getBalance
[2023/12/11 18:00:04.501] - eth_getTransactionCount
[2023/12/11 18:00:04.503] - eth_getBalance
[2023/12/11 18:00:04.504] - eth_getTransactionCount
[2023/12/11 18:00:04.507] - eth_getBalance
[2023/12/11 18:00:04.507] - eth_getTransactionCount
[2023/12/11 18:00:04.508] - eth_getBalance
[2023/12/11 18:00:04.510] - eth_getTransactionCount
[2023/12/11 18:00:04.512] - eth_getBalance
[2023/12/11 18:00:04.513] - eth_getTransactionCount
[2023/12/11 18:00:23.592] - eth_unsubscribe
[2023/12/11 18:00:23.593] - eth_unsubscribe
