[2023/12/11 23:04:52.617] - Starting server with initial configuration: {"gasLimit":6721975,"gasPrice":20000000000,"hardfork":"merge","hostname":"127.0.0.1","port":7545,"network_id":5777,"default_balance_ether":100,"total_accounts":10,"unlocked_accounts":[],"locked":false,"vmErrorsOnRPCResponse":true,"verbose":false,"flavor":"ethereum","db_path":"C:\\Users\\verik\\AppData\\Roaming\\Ganache\\ui\\workspaces\\Veriko-FYP\\chaindata","mnemonic":"indicate polar abuse problem wife release sister giraffe police phrase anger dove","logDirectory":"C:\\Users\\verik\\OneDrive\\Documents\\Year 3\\FYPP\\Log"}
[2023/12/11 23:04:52.775] - eth_subscribe
[2023/12/11 23:04:52.778] - eth_getLogs
[2023/12/11 23:04:52.779] - eth_subscribe
[2023/12/11 23:04:52.820] - eth_subscribe
[2023/12/11 23:04:52.822] - eth_getLogs
[2023/12/11 23:04:52.823] - eth_subscribe
[2023/12/11 23:04:52.871] - eth_blockNumber
[2023/12/11 23:04:52.872] - eth_accounts
[2023/12/11 23:04:52.873] - eth_gasPrice
[2023/12/11 23:04:52.874] - eth_getBlockByNumber
[2023/12/11 23:04:52.874] - eth_subscribe
[2023/12/11 23:04:52.876] - eth_blockNumber
[2023/12/11 23:04:52.876] - eth_accounts
[2023/12/11 23:04:52.877] - eth_gasPrice
[2023/12/11 23:04:52.877] - eth_getBlockByNumber
[2023/12/11 23:04:52.877] - eth_subscribe
[2023/12/11 23:04:52.888] - eth_accounts
[2023/12/11 23:04:52.932] - eth_getBalance
[2023/12/11 23:04:52.937] - eth_getTransactionCount
[2023/12/11 23:04:52.942] - eth_getBalance
[2023/12/11 23:04:52.946] - eth_getTransactionCount
[2023/12/11 23:04:52.950] - eth_getBalance
[2023/12/11 23:04:52.955] - eth_getTransactionCount
[2023/12/11 23:04:52.960] - eth_getBalance
[2023/12/11 23:04:52.964] - eth_getTransactionCount
[2023/12/11 23:04:52.968] - eth_getBalance
[2023/12/11 23:04:52.973] - eth_getTransactionCount
[2023/12/11 23:04:52.978] - eth_getBalance
[2023/12/11 23:04:52.981] - eth_getTransactionCount
[2023/12/11 23:04:52.985] - eth_getBalance
[2023/12/11 23:04:52.989] - eth_getTransactionCount
[2023/12/11 23:04:52.995] - eth_getBalance
[2023/12/11 23:04:52.998] - eth_getTransactionCount
[2023/12/11 23:04:53.001] - eth_getBalance
[2023/12/11 23:04:53.005] - eth_getTransactionCount
[2023/12/11 23:04:53.008] - eth_getBalance
[2023/12/11 23:04:53.012] - eth_getTransactionCount
[2023/12/11 23:04:53.022] - eth_getBalance
[2023/12/11 23:04:53.028] - eth_getTransactionCount
[2023/12/11 23:04:53.033] - eth_getBalance
[2023/12/11 23:04:53.038] - eth_getTransactionCount
[2023/12/11 23:04:53.044] - eth_getBalance
[2023/12/11 23:04:53.048] - eth_getTransactionCount
[2023/12/11 23:04:53.052] - eth_getBalance
[2023/12/11 23:04:53.056] - eth_getTransactionCount
[2023/12/11 23:04:53.060] - eth_getBalance
[2023/12/11 23:04:53.064] - eth_getTransactionCount
[2023/12/11 23:04:53.067] - eth_getBalance
[2023/12/11 23:04:53.070] - eth_getTransactionCount
[2023/12/11 23:04:53.074] - eth_getBalance
[2023/12/11 23:04:53.078] - eth_getTransactionCount
[2023/12/11 23:04:53.080] - eth_getBalance
[2023/12/11 23:04:53.084] - eth_getTransactionCount
[2023/12/11 23:04:53.087] - eth_getBalance
[2023/12/11 23:04:53.092] - eth_getTransactionCount
[2023/12/11 23:04:53.095] - eth_getBalance
[2023/12/11 23:04:53.098] - eth_getTransactionCount
[2023/12/11 23:04:53.101] - eth_getBalance
[2023/12/11 23:04:53.105] - eth_getTransactionCount
[2023/12/11 23:04:53.109] - eth_getBalance
[2023/12/11 23:04:53.112] - eth_getTransactionCount
[2023/12/11 23:04:53.115] - eth_getBalance
[2023/12/11 23:04:53.119] - eth_getTransactionCount
[2023/12/11 23:04:53.121] - eth_getBalance
[2023/12/11 23:04:53.126] - eth_getTransactionCount
[2023/12/11 23:04:53.129] - eth_getBalance
[2023/12/11 23:04:53.134] - eth_getTransactionCount
[2023/12/11 23:04:53.138] - eth_getBalance
[2023/12/11 23:04:53.142] - eth_getTransactionCount
[2023/12/11 23:04:53.147] - eth_getBalance
[2023/12/11 23:04:53.150] - eth_getTransactionCount
[2023/12/11 23:04:53.154] - eth_getBalance
[2023/12/11 23:04:53.159] - eth_getTransactionCount
[2023/12/11 23:04:53.163] - eth_getBalance
[2023/12/11 23:04:53.166] - eth_getTransactionCount
[2023/12/11 23:04:53.170] - eth_getBalance
[2023/12/11 23:04:53.173] - eth_getTransactionCount
[2023/12/11 23:04:53.231] - eth_getBalance
[2023/12/11 23:04:53.241] - eth_getTransactionCount
[2023/12/11 23:04:53.246] - eth_getBalance
[2023/12/11 23:04:53.251] - eth_getTransactionCount
[2023/12/11 23:04:53.255] - eth_getBalance
[2023/12/11 23:04:53.260] - eth_getTransactionCount
[2023/12/11 23:04:53.264] - eth_getBalance
[2023/12/11 23:04:53.269] - eth_getTransactionCount
[2023/12/11 23:04:53.272] - eth_getBalance
[2023/12/11 23:04:53.276] - eth_getTransactionCount
[2023/12/11 23:04:53.280] - eth_getBalance
[2023/12/11 23:04:53.284] - eth_getTransactionCount
[2023/12/11 23:04:53.288] - eth_getBalance
[2023/12/11 23:04:53.294] - eth_getTransactionCount
[2023/12/11 23:04:53.297] - eth_getBalance
[2023/12/11 23:04:53.301] - eth_getTransactionCount
[2023/12/11 23:04:53.304] - eth_getBalance
[2023/12/11 23:04:53.309] - eth_getTransactionCount
[2023/12/11 23:04:53.313] - eth_getBalance
[2023/12/11 23:04:53.317] - eth_getTransactionCount
[2023/12/11 23:05:02.182] - eth_blockNumber
[2023/12/11 23:05:02.200] - net_version
[2023/12/11 23:05:02.205] - eth_accounts
[2023/12/11 23:05:02.221] - eth_blockNumber
[2023/12/11 23:05:02.227] - net_version
[2023/12/11 23:05:04.015] - eth_accounts
[2023/12/11 23:05:04.772] - eth_getBlockByNumber
[2023/12/11 23:05:04.778] - eth_accounts
[2023/12/11 23:05:04.794] - net_version
[2023/12/11 23:05:04.797] - eth_getBlockByNumber
[2023/12/11 23:05:04.801] - eth_getBlockByNumber
[2023/12/11 23:05:04.805] - net_version
[2023/12/11 23:05:04.808] - eth_getBlockByNumber
[2023/12/11 23:05:04.816] - eth_estimateGas
[2023/12/11 23:05:04.873] - net_version
[2023/12/11 23:05:04.874] - eth_blockNumber
[2023/12/11 23:05:04.879] - eth_getBlockByNumber
[2023/12/11 23:05:04.883] - eth_estimateGas
[2023/12/11 23:05:26.897] - eth_getBlockByNumber
[2023/12/11 23:05:28.169] - eth_getBlockByNumber
[2023/12/11 23:05:28.189] - eth_getBlockTransactionCountByHash
[2023/12/12 00:22:07.528] - eth_blockNumber
[2023/12/12 00:22:07.549] - net_version
[2023/12/12 00:22:07.554] - eth_accounts
[2023/12/12 00:22:07.580] - eth_blockNumber
[2023/12/12 00:22:07.585] - net_version
[2023/12/12 00:22:08.934] - eth_accounts
[2023/12/12 00:22:09.722] - eth_getBlockByNumber
[2023/12/12 00:22:09.728] - eth_accounts
[2023/12/12 00:22:09.750] - net_version
[2023/12/12 00:22:09.753] - eth_getBlockByNumber
[2023/12/12 00:22:09.758] - eth_getBlockByNumber
[2023/12/12 00:22:09.762] - net_version
[2023/12/12 00:22:09.765] - eth_getBlockByNumber
[2023/12/12 00:22:09.772] - eth_estimateGas
[2023/12/12 00:22:09.824] - net_version
[2023/12/12 00:22:09.825] - eth_blockNumber
[2023/12/12 00:22:09.829] - eth_getBlockByNumber
[2023/12/12 00:22:09.833] - eth_estimateGas
[2023/12/12 01:12:09.057] - eth_blockNumber
[2023/12/12 01:12:09.076] - net_version
[2023/12/12 01:12:09.081] - eth_accounts
[2023/12/12 01:12:09.092] - eth_blockNumber
[2023/12/12 01:12:09.097] - net_version
[2023/12/12 01:12:10.351] - eth_accounts
[2023/12/12 01:12:11.110] - eth_getBlockByNumber
[2023/12/12 01:12:11.116] - eth_accounts
[2023/12/12 01:12:11.132] - net_version
[2023/12/12 01:12:11.136] - eth_getBlockByNumber
[2023/12/12 01:12:11.141] - eth_getBlockByNumber
[2023/12/12 01:12:11.145] - net_version
[2023/12/12 01:12:11.148] - eth_getBlockByNumber
[2023/12/12 01:12:11.156] - eth_estimateGas
[2023/12/12 01:12:11.212] - net_version
[2023/12/12 01:12:11.213] - eth_blockNumber
[2023/12/12 01:12:11.218] - eth_getBlockByNumber
[2023/12/12 01:12:11.223] - eth_estimateGas
[2023/12/12 01:15:23.396] - eth_blockNumber
[2023/12/12 01:15:23.415] - net_version
[2023/12/12 01:15:23.420] - eth_accounts
[2023/12/12 01:15:23.436] - eth_accounts
[2023/12/12 01:20:51.524] - eth_blockNumber
[2023/12/12 01:20:51.547] - net_version
[2023/12/12 01:20:51.552] - eth_accounts
[2023/12/12 01:20:51.565] - eth_blockNumber
[2023/12/12 01:20:51.570] - net_version
[2023/12/12 01:20:52.841] - eth_accounts
[2023/12/12 01:20:53.609] - eth_getBlockByNumber
[2023/12/12 01:20:53.616] - eth_accounts
[2023/12/12 01:20:53.632] - net_version
[2023/12/12 01:20:53.635] - eth_getBlockByNumber
[2023/12/12 01:20:53.640] - eth_getBlockByNumber
[2023/12/12 01:20:53.644] - net_version
[2023/12/12 01:20:53.648] - eth_getBlockByNumber
[2023/12/12 01:20:53.655] - eth_estimateGas
[2023/12/12 01:20:53.694] - net_version
[2023/12/12 01:20:53.695] - eth_blockNumber
[2023/12/12 01:20:53.700] - eth_getBlockByNumber
[2023/12/12 01:20:53.705] - eth_estimateGas
[2023/12/12 01:28:39.651] - eth_blockNumber
[2023/12/12 01:28:39.670] - net_version
[2023/12/12 01:28:39.676] - eth_accounts
[2023/12/12 01:28:39.698] - eth_blockNumber
[2023/12/12 01:28:39.702] - net_version
[2023/12/12 01:28:40.996] - eth_accounts
[2023/12/12 01:28:41.747] - eth_getBlockByNumber
[2023/12/12 01:28:41.754] - eth_accounts
[2023/12/12 01:28:41.770] - net_version
[2023/12/12 01:28:41.774] - eth_getBlockByNumber
[2023/12/12 01:28:41.778] - eth_getBlockByNumber
[2023/12/12 01:28:41.782] - net_version
[2023/12/12 01:28:41.785] - eth_getBlockByNumber
[2023/12/12 01:28:41.792] - eth_estimateGas
[2023/12/12 01:28:41.834] - net_version
[2023/12/12 01:28:41.835] - eth_blockNumber
[2023/12/12 01:28:41.840] - eth_getBlockByNumber
[2023/12/12 01:28:41.844] - eth_estimateGas
[2023/12/12 21:44:17.553] - eth_blockNumber
[2023/12/12 21:44:17.574] - net_version
[2023/12/12 21:44:17.579] - eth_accounts
[2023/12/12 21:44:17.598] - eth_blockNumber
[2023/12/12 21:44:17.603] - net_version
[2023/12/12 21:44:19.439] - eth_accounts
[2023/12/12 21:44:20.198] - eth_getBlockByNumber
[2023/12/12 21:44:20.203] - eth_accounts
[2023/12/12 21:44:20.219] - net_version
[2023/12/12 21:44:20.223] - eth_getBlockByNumber
[2023/12/12 21:44:20.227] - eth_getBlockByNumber
[2023/12/12 21:44:20.231] - net_version
[2023/12/12 21:44:20.234] - eth_getBlockByNumber
[2023/12/12 21:44:20.241] - eth_estimateGas
[2023/12/12 21:44:20.283] - net_version
[2023/12/12 21:44:20.284] - eth_blockNumber
[2023/12/12 21:44:20.289] - eth_getBlockByNumber
[2023/12/12 21:44:20.293] - eth_estimateGas
[2023/12/12 21:53:09.697] - eth_unsubscribe
[2023/12/12 21:53:09.699] - eth_unsubscribe
