[2023/12/14 01:24:49.183] - Starting server with initial configuration: {"gasLimit":6721975,"gasPrice":20000000000,"hardfork":"merge","hostname":"127.0.0.1","port":7545,"network_id":5777,"default_balance_ether":100,"total_accounts":10,"unlocked_accounts":[],"locked":false,"vmErrorsOnRPCResponse":true,"verbose":false,"flavor":"ethereum","db_path":"C:\\Users\\verik\\AppData\\Roaming\\Ganache\\ui\\workspaces\\Veriko-FYP\\chaindata","mnemonic":"indicate polar abuse problem wife release sister giraffe police phrase anger dove","logDirectory":"C:\\Users\\verik\\OneDrive\\Documents\\Year 3\\FYPP\\Log"}
[2023/12/14 01:24:49.303] - eth_subscribe
[2023/12/14 01:24:49.305] - eth_getLogs
[2023/12/14 01:24:49.306] - eth_subscribe
[2023/12/14 01:24:49.333] - eth_subscribe
[2023/12/14 01:24:49.334] - eth_getLogs
[2023/12/14 01:24:49.334] - eth_subscribe
[2023/12/14 01:24:49.378] - eth_blockNumber
[2023/12/14 01:24:49.378] - eth_accounts
[2023/12/14 01:24:49.379] - eth_gasPrice
[2023/12/14 01:24:49.379] - eth_getBlockByNumber
[2023/12/14 01:24:49.380] - eth_subscribe
[2023/12/14 01:24:49.381] - eth_blockNumber
[2023/12/14 01:24:49.382] - eth_accounts
[2023/12/14 01:24:49.382] - eth_gasPrice
[2023/12/14 01:24:49.383] - eth_getBlockByNumber
[2023/12/14 01:24:49.383] - eth_subscribe
[2023/12/14 01:24:49.388] - eth_accounts
[2023/12/14 01:24:49.421] - eth_getBalance
[2023/12/14 01:24:49.424] - eth_getTransactionCount
[2023/12/14 01:24:49.428] - eth_getBalance
[2023/12/14 01:24:49.430] - eth_getTransactionCount
[2023/12/14 01:24:49.433] - eth_getBalance
[2023/12/14 01:24:49.436] - eth_getTransactionCount
[2023/12/14 01:24:49.439] - eth_getBalance
[2023/12/14 01:24:49.443] - eth_getTransactionCount
[2023/12/14 01:24:49.447] - eth_getBalance
[2023/12/14 01:24:49.450] - eth_getTransactionCount
[2023/12/14 01:24:49.453] - eth_getBalance
[2023/12/14 01:24:49.457] - eth_getTransactionCount
[2023/12/14 01:24:49.459] - eth_getBalance
[2023/12/14 01:24:49.461] - eth_getTransactionCount
[2023/12/14 01:24:49.464] - eth_getBalance
[2023/12/14 01:24:49.466] - eth_getTransactionCount
[2023/12/14 01:24:49.468] - eth_getBalance
[2023/12/14 01:24:49.470] - eth_getTransactionCount
[2023/12/14 01:24:49.473] - eth_getBalance
[2023/12/14 01:24:49.476] - eth_getTransactionCount
[2023/12/14 01:24:49.483] - eth_getBalance
[2023/12/14 01:24:49.486] - eth_getTransactionCount
[2023/12/14 01:24:49.488] - eth_getBalance
[2023/12/14 01:24:49.491] - eth_getTransactionCount
[2023/12/14 01:24:49.494] - eth_getBalance
[2023/12/14 01:24:49.496] - eth_getTransactionCount
[2023/12/14 01:24:49.498] - eth_getBalance
[2023/12/14 01:24:49.500] - eth_getTransactionCount
[2023/12/14 01:24:49.502] - eth_getBalance
[2023/12/14 01:24:49.505] - eth_getTransactionCount
[2023/12/14 01:24:49.507] - eth_getBalance
[2023/12/14 01:24:49.509] - eth_getTransactionCount
[2023/12/14 01:24:49.511] - eth_getBalance
[2023/12/14 01:24:49.513] - eth_getTransactionCount
[2023/12/14 01:24:49.515] - eth_getBalance
[2023/12/14 01:24:49.518] - eth_getTransactionCount
[2023/12/14 01:24:49.520] - eth_getBalance
[2023/12/14 01:24:49.522] - eth_getTransactionCount
[2023/12/14 01:24:49.525] - eth_getBalance
[2023/12/14 01:24:49.527] - eth_getTransactionCount
[2023/12/14 01:24:49.529] - eth_getBalance
[2023/12/14 01:24:49.531] - eth_getTransactionCount
[2023/12/14 01:24:49.533] - eth_getBalance
[2023/12/14 01:24:49.535] - eth_getTransactionCount
[2023/12/14 01:24:49.537] - eth_getBalance
[2023/12/14 01:24:49.539] - eth_getTransactionCount
[2023/12/14 01:24:49.542] - eth_getBalance
[2023/12/14 01:24:49.544] - eth_getTransactionCount
[2023/12/14 01:24:49.546] - eth_getBalance
[2023/12/14 01:24:49.550] - eth_getTransactionCount
[2023/12/14 01:24:49.552] - eth_getBalance
[2023/12/14 01:24:49.554] - eth_getTransactionCount
[2023/12/14 01:24:49.558] - eth_getBalance
[2023/12/14 01:24:49.560] - eth_getTransactionCount
[2023/12/14 01:24:49.562] - eth_getBalance
[2023/12/14 01:24:49.567] - eth_getTransactionCount
[2023/12/14 01:24:49.569] - eth_getBalance
[2023/12/14 01:24:49.571] - eth_getTransactionCount
[2023/12/14 01:24:49.574] - eth_getBalance
[2023/12/14 01:24:49.576] - eth_getTransactionCount
[2023/12/14 01:24:49.627] - eth_getTransactionCount
[2023/12/14 01:24:49.630] - eth_getBalance
[2023/12/14 01:24:49.633] - eth_getTransactionCount
[2023/12/14 01:24:49.637] - eth_getBalance
[2023/12/14 01:24:49.640] - eth_getTransactionCount
[2023/12/14 01:24:49.642] - eth_getBalance
[2023/12/14 01:24:49.645] - eth_getTransactionCount
[2023/12/14 01:24:49.648] - eth_getBalance
[2023/12/14 01:24:49.650] - eth_getTransactionCount
[2023/12/14 01:24:49.658] - eth_getBalance
[2023/12/14 01:24:49.660] - eth_getTransactionCount
[2023/12/14 01:24:49.663] - eth_getBalance
[2023/12/14 01:24:49.665] - eth_getTransactionCount
[2023/12/14 01:24:49.667] - eth_getBalance
[2023/12/14 01:24:49.669] - eth_getTransactionCount
[2023/12/14 01:24:49.671] - eth_getBalance
[2023/12/14 01:24:49.673] - eth_getTransactionCount
[2023/12/14 01:24:49.675] - eth_getBalance
[2023/12/14 01:24:49.677] - eth_getTransactionCount
[2023/12/14 01:25:51.485] - eth_getBlockByNumber
[2023/12/14 01:25:51.499] - eth_getBlockByNumber
[2023/12/14 01:25:51.510] - eth_getBlockByNumber
[2023/12/14 01:25:51.522] - eth_getBlockByNumber
[2023/12/14 01:25:51.531] - eth_getBlockByNumber
[2023/12/14 01:25:51.544] - eth_getBlockByNumber
[2023/12/14 01:25:51.557] - eth_getBlockByNumber
[2023/12/14 01:25:51.568] - eth_getBlockByNumber
[2023/12/14 01:25:51.576] - eth_getBlockByNumber
[2023/12/14 01:25:51.585] - eth_getBlockByNumber
[2023/12/14 01:25:51.593] - eth_getLogs
[2023/12/14 01:25:53.971] - eth_getBlockByNumber
[2023/12/14 01:25:53.993] - eth_getTransactionReceipt
[2023/12/14 01:25:54.004] - eth_getBlockByNumber
[2023/12/14 01:25:54.012] - eth_getTransactionReceipt
[2023/12/14 01:25:54.022] - eth_getBlockByNumber
[2023/12/14 01:25:54.031] - eth_getTransactionReceipt
[2023/12/14 01:25:54.040] - eth_getBlockByNumber
[2023/12/14 01:25:54.047] - eth_getTransactionReceipt
[2023/12/14 01:25:54.056] - eth_getBlockByNumber
[2023/12/14 01:25:54.063] - eth_getTransactionReceipt
[2023/12/14 01:25:54.071] - eth_getBlockByNumber
[2023/12/14 01:25:54.078] - eth_getTransactionReceipt
[2023/12/14 01:25:54.088] - eth_getBlockByNumber
[2023/12/14 01:25:54.095] - eth_getTransactionReceipt
[2023/12/14 01:25:54.105] - eth_getBlockByNumber
[2023/12/14 01:25:54.116] - eth_getTransactionReceipt
[2023/12/14 01:25:54.129] - eth_getBlockByNumber
[2023/12/14 01:25:54.136] - eth_getTransactionReceipt
[2023/12/14 01:25:54.146] - eth_getBlockByNumber
[2023/12/14 01:26:03.824] - eth_getTransactionByHash
[2023/12/14 01:26:09.450] - eth_getTransactionByHash
[2023/12/14 02:32:38.497] - eth_unsubscribe
[2023/12/14 02:32:38.501] - eth_unsubscribe
