[2023/12/14 03:03:33.750] - Starting server with initial configuration: {"gasLimit":6721975,"gasPrice":20000000000,"hardfork":"merge","hostname":"127.0.0.1","port":7545,"network_id":5777,"default_balance_ether":100,"total_accounts":10,"unlocked_accounts":[],"locked":false,"vmErrorsOnRPCResponse":true,"verbose":false,"flavor":"ethereum","db_path":"C:\\Users\\verik\\AppData\\Roaming\\Ganache\\ui\\workspaces\\Veriko-FYP\\chaindata","mnemonic":"indicate polar abuse problem wife release sister giraffe police phrase anger dove","logDirectory":"C:\\Users\\verik\\OneDrive\\Documents\\Year 3\\FYPP\\Log"}
[2023/12/14 03:03:33.856] - eth_subscribe
[2023/12/14 03:03:33.857] - eth_getLogs
[2023/12/14 03:03:33.858] - eth_subscribe
[2023/12/14 03:03:33.858] - eth_getCode
[2023/12/14 03:03:33.885] - eth_subscribe
[2023/12/14 03:03:33.886] - eth_getLogs
[2023/12/14 03:03:33.887] - eth_subscribe
[2023/12/14 03:03:33.901] - eth_getCode
[2023/12/14 03:03:33.944] - eth_getBlockByNumber
[2023/12/14 03:03:33.945] - eth_subscribe
[2023/12/14 03:03:33.963] - eth_blockNumber
[2023/12/14 03:03:33.964] - eth_accounts
[2023/12/14 03:03:33.965] - eth_gasPrice
[2023/12/14 03:03:33.965] - eth_getBlockByNumber
[2023/12/14 03:03:33.966] - eth_subscribe
[2023/12/14 03:03:33.967] - eth_blockNumber
[2023/12/14 03:03:33.968] - eth_accounts
[2023/12/14 03:03:33.968] - eth_gasPrice
[2023/12/14 03:03:33.997] - eth_getBalance
[2023/12/14 03:03:34.001] - eth_getTransactionCount
[2023/12/14 03:03:34.004] - eth_getBalance
[2023/12/14 03:03:34.007] - eth_getTransactionCount
[2023/12/14 03:03:34.011] - eth_getBalance
[2023/12/14 03:03:34.015] - eth_getTransactionCount
[2023/12/14 03:03:34.020] - eth_getBalance
[2023/12/14 03:03:34.023] - eth_getTransactionCount
[2023/12/14 03:03:34.025] - eth_getBalance
[2023/12/14 03:03:34.030] - eth_getTransactionCount
[2023/12/14 03:03:34.032] - eth_getBalance
[2023/12/14 03:03:34.036] - eth_getTransactionCount
[2023/12/14 03:03:34.038] - eth_getBalance
[2023/12/14 03:03:34.041] - eth_getTransactionCount
[2023/12/14 03:03:34.046] - eth_getBalance
[2023/12/14 03:03:34.049] - eth_getTransactionCount
[2023/12/14 03:03:34.051] - eth_getBalance
[2023/12/14 03:03:34.057] - eth_getTransactionCount
[2023/12/14 03:03:34.060] - eth_getBalance
[2023/12/14 03:03:34.065] - eth_getTransactionCount
[2023/12/14 03:03:34.068] - eth_getBalance
[2023/12/14 03:03:34.072] - eth_getTransactionCount
[2023/12/14 03:03:34.076] - eth_getBalance
[2023/12/14 03:03:34.079] - eth_getTransactionCount
[2023/12/14 03:03:34.085] - eth_getBalance
[2023/12/14 03:03:34.087] - eth_getTransactionCount
[2023/12/14 03:03:34.090] - eth_getBalance
[2023/12/14 03:03:34.093] - eth_getTransactionCount
[2023/12/14 03:03:34.096] - eth_getBalance
[2023/12/14 03:03:34.100] - eth_getTransactionCount
[2023/12/14 03:03:34.104] - eth_getBalance
[2023/12/14 03:03:34.108] - eth_getTransactionCount
[2023/12/14 03:03:34.111] - eth_getBalance
[2023/12/14 03:03:34.115] - eth_getTransactionCount
[2023/12/14 03:03:34.121] - eth_getBalance
[2023/12/14 03:03:34.124] - eth_getTransactionCount
[2023/12/14 03:03:34.127] - eth_getBalance
[2023/12/14 03:03:34.129] - eth_getTransactionCount
[2023/12/14 03:03:34.132] - eth_getBalance
[2023/12/14 03:03:34.135] - eth_getTransactionCount
[2023/12/14 03:03:34.175] - eth_getBalance
[2023/12/14 03:03:34.179] - eth_getTransactionCount
[2023/12/14 03:03:34.183] - eth_getBalance
[2023/12/14 03:03:34.187] - eth_getTransactionCount
[2023/12/14 03:03:34.192] - eth_getBalance
[2023/12/14 03:03:34.199] - eth_getTransactionCount
[2023/12/14 03:03:34.202] - eth_getBalance
[2023/12/14 03:03:34.207] - eth_getTransactionCount
[2023/12/14 03:03:34.211] - eth_getBalance
[2023/12/14 03:03:34.216] - eth_getTransactionCount
[2023/12/14 03:03:34.219] - eth_getBalance
[2023/12/14 03:03:34.223] - eth_getTransactionCount
[2023/12/14 03:03:34.226] - eth_getBalance
[2023/12/14 03:03:34.230] - eth_getTransactionCount
[2023/12/14 03:03:34.233] - eth_getBalance
[2023/12/14 03:03:34.240] - eth_getTransactionCount
[2023/12/14 03:03:34.245] - eth_getBalance
[2023/12/14 03:03:34.250] - eth_getTransactionCount
[2023/12/14 03:03:34.254] - eth_getBalance
[2023/12/14 03:03:34.258] - eth_getTransactionCount
[2023/12/14 03:03:34.264] - eth_getBalance
[2023/12/14 03:03:34.271] - eth_getTransactionCount
[2023/12/14 03:03:34.276] - eth_getBalance
[2023/12/14 03:03:34.280] - eth_getTransactionCount
[2023/12/14 03:03:34.285] - eth_getBalance
[2023/12/14 03:03:34.293] - eth_getTransactionCount
[2023/12/14 03:03:34.297] - eth_getBalance
[2023/12/14 03:03:34.301] - eth_getTransactionCount
[2023/12/14 03:03:34.306] - eth_getBalance
[2023/12/14 03:03:34.311] - eth_getTransactionCount
[2023/12/14 03:03:34.315] - eth_getBalance
[2023/12/14 03:03:34.320] - eth_getTransactionCount
[2023/12/14 03:03:34.325] - eth_getBalance
[2023/12/14 03:03:34.329] - eth_getTransactionCount
[2023/12/14 03:03:34.336] - eth_getBalance
[2023/12/14 03:03:34.341] - eth_getTransactionCount
[2023/12/14 03:03:34.346] - eth_getBalance
[2023/12/14 03:03:34.351] - eth_getTransactionCount
[2023/12/14 03:03:34.356] - eth_getBalance
[2023/12/14 03:03:34.362] - eth_getTransactionCount
[2023/12/14 03:03:38.126] - eth_unsubscribe
[2023/12/14 03:03:38.127] - eth_unsubscribe
