[2023/12/14 18:59:31.094] - Starting server with initial configuration: {"gasLimit":6721975,"gasPrice":20000000000,"hardfork":"merge","hostname":"127.0.0.1","port":7545,"network_id":5777,"default_balance_ether":100,"total_accounts":10,"unlocked_accounts":[],"locked":false,"vmErrorsOnRPCResponse":true,"verbose":false,"flavor":"ethereum","db_path":"C:\\Users\\verik\\AppData\\Roaming\\Ganache\\ui\\workspaces\\Veriko-FYP\\chaindata","mnemonic":"indicate polar abuse problem wife release sister giraffe police phrase anger dove","logDirectory":"C:\\Users\\verik\\OneDrive\\Documents\\Year 3\\FYPP\\Log"}
[2023/12/14 18:59:31.212] - eth_getCode
[2023/12/14 18:59:31.213] - eth_subscribe
[2023/12/14 18:59:31.214] - eth_getLogs
[2023/12/14 18:59:31.215] - eth_subscribe
[2023/12/14 18:59:31.251] - eth_getCode
[2023/12/14 18:59:31.252] - eth_subscribe
[2023/12/14 18:59:31.253] - eth_getLogs
[2023/12/14 18:59:31.253] - eth_subscribe
[2023/12/14 18:59:31.289] - eth_getBlockByNumber
[2023/12/14 18:59:31.291] - eth_subscribe
[2023/12/14 18:59:31.308] - eth_blockNumber
[2023/12/14 18:59:31.309] - eth_accounts
[2023/12/14 18:59:31.309] - eth_gasPrice
[2023/12/14 18:59:31.310] - eth_getBlockByNumber
[2023/12/14 18:59:31.310] - eth_subscribe
[2023/12/14 18:59:31.311] - eth_blockNumber
[2023/12/14 18:59:31.312] - eth_accounts
[2023/12/14 18:59:31.312] - eth_gasPrice
[2023/12/14 18:59:31.320] - eth_accounts
[2023/12/14 18:59:31.350] - eth_getBalance
[2023/12/14 18:59:31.352] - eth_getTransactionCount
[2023/12/14 18:59:31.355] - eth_getBalance
[2023/12/14 18:59:31.358] - eth_getTransactionCount
[2023/12/14 18:59:31.361] - eth_getBalance
[2023/12/14 18:59:31.365] - eth_getTransactionCount
[2023/12/14 18:59:31.368] - eth_getBalance
[2023/12/14 18:59:31.372] - eth_getTransactionCount
[2023/12/14 18:59:31.375] - eth_getBalance
[2023/12/14 18:59:31.378] - eth_getTransactionCount
[2023/12/14 18:59:31.382] - eth_getBalance
[2023/12/14 18:59:31.384] - eth_getTransactionCount
[2023/12/14 18:59:31.386] - eth_getBalance
[2023/12/14 18:59:31.389] - eth_getTransactionCount
[2023/12/14 18:59:31.392] - eth_getBalance
[2023/12/14 18:59:31.394] - eth_getTransactionCount
[2023/12/14 18:59:31.396] - eth_getBalance
[2023/12/14 18:59:31.399] - eth_getTransactionCount
[2023/12/14 18:59:31.401] - eth_getBalance
[2023/12/14 18:59:31.404] - eth_getTransactionCount
[2023/12/14 18:59:31.412] - eth_getBalance
[2023/12/14 18:59:31.414] - eth_getTransactionCount
[2023/12/14 18:59:31.416] - eth_getBalance
[2023/12/14 18:59:31.419] - eth_getTransactionCount
[2023/12/14 18:59:31.421] - eth_getBalance
[2023/12/14 18:59:31.423] - eth_getTransactionCount
[2023/12/14 18:59:31.426] - eth_getBalance
[2023/12/14 18:59:31.428] - eth_getTransactionCount
[2023/12/14 18:59:31.430] - eth_getBalance
[2023/12/14 18:59:31.433] - eth_getTransactionCount
[2023/12/14 18:59:31.435] - eth_getBalance
[2023/12/14 18:59:31.438] - eth_getTransactionCount
[2023/12/14 18:59:31.440] - eth_getBalance
[2023/12/14 18:59:31.442] - eth_getTransactionCount
[2023/12/14 18:59:31.445] - eth_getBalance
[2023/12/14 18:59:31.447] - eth_getTransactionCount
[2023/12/14 18:59:31.450] - eth_getBalance
[2023/12/14 18:59:31.452] - eth_getTransactionCount
[2023/12/14 18:59:31.454] - eth_getBalance
[2023/12/14 18:59:31.456] - eth_getTransactionCount
[2023/12/14 18:59:31.458] - eth_getBalance
[2023/12/14 18:59:31.461] - eth_getTransactionCount
[2023/12/14 18:59:31.463] - eth_getBalance
[2023/12/14 18:59:31.465] - eth_getTransactionCount
[2023/12/14 18:59:31.468] - eth_getBalance
[2023/12/14 18:59:31.470] - eth_getTransactionCount
[2023/12/14 18:59:31.472] - eth_getBalance
[2023/12/14 18:59:31.475] - eth_getTransactionCount
[2023/12/14 18:59:31.477] - eth_getBalance
[2023/12/14 18:59:31.480] - eth_getTransactionCount
[2023/12/14 18:59:31.483] - eth_getBalance
[2023/12/14 18:59:31.487] - eth_getTransactionCount
[2023/12/14 18:59:31.489] - eth_getBalance
[2023/12/14 18:59:31.492] - eth_getTransactionCount
[2023/12/14 18:59:31.494] - eth_getBalance
[2023/12/14 18:59:31.496] - eth_getTransactionCount
[2023/12/14 18:59:31.501] - eth_getBalance
[2023/12/14 18:59:31.503] - eth_getTransactionCount
[2023/12/14 18:59:31.507] - eth_getBalance
[2023/12/14 18:59:31.509] - eth_getTransactionCount
[2023/12/14 18:59:31.537] - eth_getBalance
[2023/12/14 18:59:31.540] - eth_getTransactionCount
[2023/12/14 18:59:31.543] - eth_getBalance
[2023/12/14 18:59:31.545] - eth_getTransactionCount
[2023/12/14 18:59:31.547] - eth_getBalance
[2023/12/14 18:59:31.549] - eth_getTransactionCount
[2023/12/14 18:59:31.551] - eth_getBalance
[2023/12/14 18:59:31.553] - eth_getTransactionCount
[2023/12/14 18:59:31.556] - eth_getBalance
[2023/12/14 18:59:31.558] - eth_getTransactionCount
[2023/12/14 18:59:31.560] - eth_getBalance
[2023/12/14 18:59:31.562] - eth_getTransactionCount
[2023/12/14 18:59:31.565] - eth_getBalance
[2023/12/14 18:59:31.567] - eth_getTransactionCount
[2023/12/14 18:59:31.569] - eth_getBalance
[2023/12/14 18:59:31.572] - eth_getTransactionCount
[2023/12/14 18:59:31.574] - eth_getBalance
[2023/12/14 18:59:31.576] - eth_getTransactionCount
[2023/12/14 18:59:31.578] - eth_getBalance
[2023/12/14 18:59:31.580] - eth_getTransactionCount
[2023/12/14 19:08:55.399] - eth_blockNumber
[2023/12/14 19:08:55.417] - net_version
[2023/12/14 19:08:55.422] - eth_accounts
[2023/12/14 19:08:55.441] - eth_blockNumber
[2023/12/14 19:08:55.445] - net_version
[2023/12/14 19:08:57.163] - eth_accounts
[2023/12/14 19:08:57.627] - eth_getBlockByNumber
[2023/12/14 19:08:57.630] - eth_accounts
[2023/12/14 19:08:57.643] - eth_getBlockByNumber
[2023/12/14 19:08:57.646] - eth_getBlockByNumber
[2023/12/14 19:08:57.649] - eth_getBlockByNumber
[2023/12/14 19:08:57.655] - eth_estimateGas
[2023/12/14 19:08:57.698] - eth_getBlockByNumber
[2023/12/14 19:08:57.699] - eth_blockNumber
[2023/12/14 19:08:57.703] - eth_estimateGas
[2023/12/14 19:08:57.721] - eth_getBlockByNumber
[2023/12/14 19:08:57.722] - eth_gasPrice
[2023/12/14 19:08:57.724] - eth_sendTransaction
[2023/12/14 19:08:57.737] - 
  Transaction: 0x6d83a12b297eb79f3e936c99b2232432db036fd21d8aa58fddf7b9e94c621170
  Contract created: 0xed2a5549788767a34077ef649dd18c9c0a1bc8e7
  Gas usage: 742364
  Block number: 15
  Block time: Thu Dec 14 2023 19:08:57 GMT+0800 (Malaysia Time)

[2023/12/14 19:08:57.741] - eth_getTransactionReceipt
[2023/12/14 19:08:57.742] - eth_getBlockByNumber
[2023/12/14 19:08:57.745] - eth_getCode
[2023/12/14 19:08:57.753] - eth_getBalance
[2023/12/14 19:08:57.761] - eth_getTransactionCount
[2023/12/14 19:08:57.767] - eth_getBalance
[2023/12/14 19:08:57.772] - eth_getTransactionCount
[2023/12/14 19:08:57.776] - eth_getBalance
[2023/12/14 19:08:57.780] - eth_getTransactionCount
[2023/12/14 19:08:57.784] - eth_getBalance
[2023/12/14 19:08:57.787] - eth_getTransactionCount
[2023/12/14 19:08:57.789] - eth_getBalance
[2023/12/14 19:08:57.793] - eth_getTransactionCount
[2023/12/14 19:08:57.796] - eth_getBalance
[2023/12/14 19:08:57.800] - eth_getTransactionCount
[2023/12/14 19:08:57.804] - eth_getBalance
[2023/12/14 19:08:57.807] - eth_getTransactionCount
[2023/12/14 19:08:57.812] - eth_getBalance
[2023/12/14 19:08:57.816] - eth_getTransactionCount
[2023/12/14 19:08:57.820] - eth_getBalance
[2023/12/14 19:08:57.825] - eth_getTransactionCount
[2023/12/14 19:08:57.829] - eth_getBalance
[2023/12/14 19:08:57.834] - eth_getTransactionCount
[2023/12/14 19:08:58.235] - evm_snapshot
[2023/12/14 19:08:58.235] - Saved snapshot #1
[2023/12/14 19:08:58.254] - net_version
[2023/12/14 19:08:58.261] - eth_getBlockByNumber
[2023/12/14 19:08:58.264] - eth_blockNumber
[2023/12/14 19:08:58.267] - eth_getBlockByNumber
[2023/12/14 19:08:58.272] - eth_estimateGas
[2023/12/14 19:08:58.335] - eth_getBlockByNumber
[2023/12/14 19:08:58.336] - eth_gasPrice
[2023/12/14 19:08:58.338] - eth_sendTransaction
[2023/12/14 19:08:58.364] - 
  Transaction: 0xd9d001b39c093b78c2856341949debf5dbf1de0d7e588f9a200332a02ae5e86b
  Gas usage: 164789
  Block number: 16
  Block time: Thu Dec 14 2023 19:08:58 GMT+0800 (Malaysia Time)

[2023/12/14 19:08:58.366] - eth_getBlockByNumber
[2023/12/14 19:08:58.367] - eth_getTransactionReceipt
[2023/12/14 19:08:58.372] - eth_getBalance
[2023/12/14 19:08:58.373] - eth_call
[2023/12/14 19:08:58.375] - eth_getTransactionCount
[2023/12/14 19:08:58.378] - eth_getBalance
[2023/12/14 19:08:58.381] - eth_getTransactionCount
[2023/12/14 19:08:58.383] - eth_getBalance
[2023/12/14 19:08:58.386] - eth_getTransactionCount
[2023/12/14 19:08:58.388] - eth_getBalance
[2023/12/14 19:08:58.390] - eth_getTransactionCount
[2023/12/14 19:08:58.392] - eth_blockNumber
[2023/12/14 19:08:58.396] - eth_getBlockByNumber
[2023/12/14 19:08:58.397] - eth_getBalance
[2023/12/14 19:08:58.400] - eth_estimateGas
[2023/12/14 19:08:58.402] - eth_getTransactionCount
[2023/12/14 19:08:58.407] - eth_getBalance
[2023/12/14 19:08:58.410] - eth_getTransactionCount
[2023/12/14 19:08:58.414] - eth_getBalance
[2023/12/14 19:08:58.418] - eth_getTransactionCount
[2023/12/14 19:08:58.424] - eth_getBalance
[2023/12/14 19:08:58.426] - eth_getTransactionCount
[2023/12/14 19:08:58.430] - eth_getBalance
[2023/12/14 19:08:58.435] - eth_getTransactionCount
[2023/12/14 19:08:58.439] - eth_getBalance
[2023/12/14 19:08:58.444] - eth_getTransactionCount
[2023/12/14 19:08:58.456] - eth_getBlockByNumber
[2023/12/14 19:08:58.456] - eth_gasPrice
[2023/12/14 19:08:58.458] - eth_sendTransaction
[2023/12/14 19:08:58.482] - 
  Transaction: 0x3448670aba9f5ea6ec277fa6bc00fb2adf4fdf046de78c5b23dd4a7a800f0198
  Gas usage: 78164
  Block number: 17
  Block time: Thu Dec 14 2023 19:08:58 GMT+0800 (Malaysia Time)

[2023/12/14 19:08:58.485] - eth_getBlockByNumber
[2023/12/14 19:08:58.485] - eth_getTransactionReceipt
[2023/12/14 19:08:58.489] - eth_call
[2023/12/14 19:08:58.501] - eth_blockNumber
[2023/12/14 19:08:58.504] - eth_getBlockByNumber
[2023/12/14 19:08:58.506] - eth_estimateGas
[2023/12/14 19:08:58.522] - eth_getBalance
[2023/12/14 19:08:58.526] - eth_getTransactionCount
[2023/12/14 19:08:58.529] - eth_getBalance
[2023/12/14 19:08:58.533] - eth_getTransactionCount
[2023/12/14 19:08:58.538] - eth_getBalance
[2023/12/14 19:08:58.544] - eth_getBalance
[2023/12/14 19:08:58.547] - eth_getTransactionCount
[2023/12/14 19:08:58.550] - eth_getBalance
[2023/12/14 19:08:58.553] - eth_getTransactionCount
[2023/12/14 19:08:58.556] - eth_getBalance
[2023/12/14 19:08:58.560] - eth_getTransactionCount
[2023/12/14 19:08:58.563] - eth_getBalance
[2023/12/14 19:08:58.566] - eth_getTransactionCount
[2023/12/14 19:08:58.569] - eth_getBalance
[2023/12/14 19:08:58.574] - eth_getTransactionCount
[2023/12/14 19:08:58.577] - eth_getBalance
[2023/12/14 19:08:58.580] - eth_getTransactionCount
[2023/12/14 19:08:58.654] - eth_blockNumber
[2023/12/14 19:08:58.657] - eth_getBlockByNumber
[2023/12/14 19:08:58.659] - eth_estimateGas
[2023/12/14 19:12:32.501] - eth_blockNumber
[2023/12/14 19:12:32.517] - net_version
[2023/12/14 19:12:32.522] - eth_accounts
[2023/12/14 19:12:32.556] - eth_blockNumber
[2023/12/14 19:12:32.560] - net_version
[2023/12/14 19:12:33.487] - eth_accounts
[2023/12/14 19:12:34.002] - eth_getBlockByNumber
[2023/12/14 19:12:34.005] - eth_accounts
[2023/12/14 19:12:34.017] - eth_getBlockByNumber
[2023/12/14 19:12:34.024] - eth_getBlockByNumber
[2023/12/14 19:12:34.030] - eth_getBlockByNumber
[2023/12/14 19:12:34.037] - eth_estimateGas
[2023/12/14 19:12:34.059] - eth_getBlockByNumber
[2023/12/14 19:12:34.060] - eth_blockNumber
[2023/12/14 19:12:34.064] - eth_estimateGas
[2023/12/14 19:12:34.074] - eth_getBlockByNumber
[2023/12/14 19:12:34.075] - eth_gasPrice
[2023/12/14 19:12:34.077] - eth_sendTransaction
[2023/12/14 19:12:34.084] - 
  Transaction: 0xf017b22c0d54382554ef8e80d427650c09a90bc2f3161fdd8872b8bc6d5def72
  Contract created: 0x70de7f6912778af9f7a5b57a2bf76786b3a2bffc
  Gas usage: 742364
  Block number: 18
  Block time: Thu Dec 14 2023 19:12:34 GMT+0800 (Malaysia Time)

[2023/12/14 19:12:34.086] - eth_getBlockByNumber
[2023/12/14 19:12:34.087] - eth_getTransactionReceipt
[2023/12/14 19:12:34.091] - eth_getCode
[2023/12/14 19:12:34.092] - eth_getBalance
[2023/12/14 19:12:34.096] - eth_getTransactionCount
[2023/12/14 19:12:34.100] - eth_getBalance
[2023/12/14 19:12:34.103] - eth_getTransactionCount
[2023/12/14 19:12:34.106] - eth_getBalance
[2023/12/14 19:12:34.109] - eth_getTransactionCount
[2023/12/14 19:12:34.112] - eth_getBalance
[2023/12/14 19:12:34.115] - eth_getTransactionCount
[2023/12/14 19:12:34.118] - eth_getBalance
[2023/12/14 19:12:34.122] - eth_getTransactionCount
[2023/12/14 19:12:34.125] - eth_getBalance
[2023/12/14 19:12:34.128] - eth_getTransactionCount
[2023/12/14 19:12:34.131] - eth_getBalance
[2023/12/14 19:12:34.134] - eth_getTransactionCount
[2023/12/14 19:12:34.136] - eth_getBalance
[2023/12/14 19:12:34.139] - eth_getTransactionCount
[2023/12/14 19:12:34.142] - eth_getBalance
[2023/12/14 19:12:34.145] - eth_getTransactionCount
[2023/12/14 19:12:34.148] - eth_getBalance
[2023/12/14 19:12:34.150] - eth_getTransactionCount
[2023/12/14 19:12:34.576] - evm_snapshot
[2023/12/14 19:12:34.577] - Saved snapshot #2
[2023/12/14 19:12:34.595] - net_version
[2023/12/14 19:12:34.604] - eth_getBlockByNumber
[2023/12/14 19:12:34.606] - eth_blockNumber
[2023/12/14 19:12:34.609] - eth_getBlockByNumber
[2023/12/14 19:12:34.613] - eth_estimateGas
[2023/12/14 19:12:34.645] - eth_getBlockByNumber
[2023/12/14 19:12:34.646] - eth_gasPrice
[2023/12/14 19:12:34.648] - eth_sendTransaction
[2023/12/14 19:12:34.666] - 
  Transaction: 0xb885ede8ba1492fc506f46b58e6a21c23a6cfbaa8d8ee3e86a7d9bb7a04b9f0d
  Gas usage: 164789
  Block number: 19
  Block time: Thu Dec 14 2023 19:12:34 GMT+0800 (Malaysia Time)

[2023/12/14 19:12:34.668] - eth_getBlockByNumber
[2023/12/14 19:12:34.669] - eth_getTransactionReceipt
[2023/12/14 19:12:34.674] - eth_getBalance
[2023/12/14 19:12:34.675] - eth_call
[2023/12/14 19:12:34.676] - eth_getTransactionCount
[2023/12/14 19:12:34.678] - eth_getBalance
[2023/12/14 19:12:34.682] - eth_getTransactionCount
[2023/12/14 19:12:34.686] - eth_getBalance
[2023/12/14 19:12:34.686] - eth_getTransactionCount
[2023/12/14 19:12:34.689] - eth_getBalance
[2023/12/14 19:12:34.690] - eth_blockNumber
[2023/12/14 19:12:34.693] - eth_getBlockByNumber
[2023/12/14 19:12:34.693] - eth_getTransactionCount
[2023/12/14 19:12:34.695] - eth_getBalance
[2023/12/14 19:12:34.696] - eth_estimateGas
[2023/12/14 19:12:34.699] - eth_getTransactionCount
[2023/12/14 19:12:34.703] - eth_getBalance
[2023/12/14 19:12:34.704] - eth_getTransactionCount
[2023/12/14 19:12:34.708] - eth_getBalance
[2023/12/14 19:12:34.711] - eth_getTransactionCount
[2023/12/14 19:12:34.713] - eth_getBalance
[2023/12/14 19:12:34.715] - eth_getTransactionCount
[2023/12/14 19:12:34.721] - eth_getBalance
[2023/12/14 19:12:34.723] - eth_getTransactionCount
[2023/12/14 19:12:34.726] - eth_getBalance
[2023/12/14 19:12:34.728] - eth_getTransactionCount
[2023/12/14 19:12:34.746] - eth_getBlockByNumber
[2023/12/14 19:12:34.747] - eth_gasPrice
[2023/12/14 19:12:34.749] - eth_sendTransaction
[2023/12/14 19:12:34.769] - 
  Transaction: 0x5f4c102557c38993a608a63925627898dd3b2465a4c98eadb05a48ffcf4ba41b
  Gas usage: 78164
  Block number: 20
  Block time: Thu Dec 14 2023 19:12:34 GMT+0800 (Malaysia Time)

[2023/12/14 19:12:34.772] - eth_getBlockByNumber
[2023/12/14 19:12:34.772] - eth_getTransactionReceipt
[2023/12/14 19:12:34.777] - eth_call
[2023/12/14 19:12:34.791] - eth_blockNumber
[2023/12/14 19:12:34.794] - eth_getBlockByNumber
[2023/12/14 19:12:34.800] - eth_estimateGas
[2023/12/14 19:12:34.837] - eth_getBalance
[2023/12/14 19:12:34.840] - eth_getTransactionCount
[2023/12/14 19:12:34.842] - eth_getBalance
[2023/12/14 19:12:34.845] - eth_getTransactionCount
[2023/12/14 19:12:34.850] - eth_getBalance
[2023/12/14 19:12:34.855] - eth_getTransactionCount
[2023/12/14 19:12:34.860] - eth_getBalance
[2023/12/14 19:12:34.864] - eth_getTransactionCount
[2023/12/14 19:12:34.867] - eth_getBalance
[2023/12/14 19:12:34.871] - eth_getTransactionCount
[2023/12/14 19:12:34.875] - eth_getBalance
[2023/12/14 19:12:34.878] - eth_getTransactionCount
[2023/12/14 19:12:34.880] - eth_getBalance
[2023/12/14 19:12:34.882] - eth_getTransactionCount
[2023/12/14 19:12:34.886] - eth_getBalance
[2023/12/14 19:12:34.889] - eth_getTransactionCount
[2023/12/14 19:12:34.942] - eth_blockNumber
[2023/12/14 19:12:34.945] - eth_getBlockByNumber
[2023/12/14 19:12:34.947] - eth_estimateGas
