[2023/12/11 18:35:46.517] - Starting server with initial configuration: {"gasLimit":6721975,"gasPrice":20000000000,"hardfork":"merge","hostname":"127.0.0.1","port":7545,"network_id":5777,"default_balance_ether":100,"total_accounts":10,"unlocked_accounts":[],"locked":false,"vmErrorsOnRPCResponse":true,"verbose":false,"flavor":"ethereum","db_path":"C:\\Users\\verik\\AppData\\Roaming\\Ganache\\ui\\workspaces\\Veriko-FYP\\chaindata","mnemonic":"indicate polar abuse problem wife release sister giraffe police phrase anger dove","logDirectory":"C:\\Users\\verik\\OneDrive\\Documents\\Year 3\\FYPP\\Log"}
[2023/12/11 18:35:46.595] - eth_subscribe
[2023/12/11 18:35:46.596] - eth_getLogs
[2023/12/11 18:35:46.597] - eth_subscribe
[2023/12/11 18:35:46.608] - eth_subscribe
[2023/12/11 18:35:46.609] - eth_getLogs
[2023/12/11 18:35:46.609] - eth_subscribe
[2023/12/11 18:35:46.631] - eth_blockNumber
[2023/12/11 18:35:46.632] - eth_accounts
[2023/12/11 18:35:46.633] - eth_gasPrice
[2023/12/11 18:35:46.633] - eth_getBlockByNumber
[2023/12/11 18:35:46.633] - eth_subscribe
[2023/12/11 18:35:46.635] - eth_blockNumber
[2023/12/11 18:35:46.635] - eth_accounts
[2023/12/11 18:35:46.635] - eth_gasPrice
[2023/12/11 18:35:46.636] - eth_getBlockByNumber
[2023/12/11 18:35:46.636] - eth_subscribe
[2023/12/11 18:35:46.640] - eth_accounts
[2023/12/11 18:35:46.651] - eth_getBalance
[2023/12/11 18:35:46.654] - eth_getTransactionCount
[2023/12/11 18:35:46.656] - eth_getBalance
[2023/12/11 18:35:46.658] - eth_getTransactionCount
[2023/12/11 18:35:46.660] - eth_getBalance
[2023/12/11 18:35:46.663] - eth_getTransactionCount
[2023/12/11 18:35:46.667] - eth_getBalance
[2023/12/11 18:35:46.668] - eth_getTransactionCount
[2023/12/11 18:35:46.671] - eth_getBalance
[2023/12/11 18:35:46.675] - eth_getTransactionCount
[2023/12/11 18:35:46.677] - eth_getBalance
[2023/12/11 18:35:46.679] - eth_getTransactionCount
[2023/12/11 18:35:46.681] - eth_getBalance
[2023/12/11 18:35:46.683] - eth_getTransactionCount
[2023/12/11 18:35:46.686] - eth_getBalance
[2023/12/11 18:35:46.687] - eth_getTransactionCount
[2023/12/11 18:35:46.692] - eth_getBalance
[2023/12/11 18:35:46.694] - eth_getTransactionCount
[2023/12/11 18:35:46.696] - eth_getBalance
[2023/12/11 18:35:46.698] - eth_getTransactionCount
[2023/12/11 18:35:46.722] - eth_getBalance
[2023/12/11 18:35:46.725] - eth_getTransactionCount
[2023/12/11 18:35:46.727] - eth_getBalance
[2023/12/11 18:35:46.729] - eth_getTransactionCount
[2023/12/11 18:35:46.731] - eth_getBalance
[2023/12/11 18:35:46.733] - eth_getTransactionCount
[2023/12/11 18:35:46.735] - eth_getBalance
[2023/12/11 18:35:46.738] - eth_getTransactionCount
[2023/12/11 18:35:46.739] - eth_getBalance
[2023/12/11 18:35:46.742] - eth_getTransactionCount
[2023/12/11 18:35:46.743] - eth_getBalance
[2023/12/11 18:35:46.745] - eth_getTransactionCount
[2023/12/11 18:35:46.747] - eth_getBalance
[2023/12/11 18:35:46.750] - eth_getTransactionCount
[2023/12/11 18:35:46.752] - eth_getBalance
[2023/12/11 18:35:46.753] - eth_getTransactionCount
[2023/12/11 18:35:46.755] - eth_getBalance
[2023/12/11 18:35:46.757] - eth_getTransactionCount
[2023/12/11 18:35:46.761] - eth_getBalance
[2023/12/11 18:35:46.770] - eth_getTransactionCount
[2023/12/11 18:35:46.772] - eth_getBalance
[2023/12/11 18:35:46.774] - eth_getTransactionCount
[2023/12/11 18:35:46.775] - eth_getBalance
[2023/12/11 18:35:46.777] - eth_getTransactionCount
[2023/12/11 18:35:46.779] - eth_getBalance
[2023/12/11 18:35:46.780] - eth_getTransactionCount
[2023/12/11 18:35:46.782] - eth_getBalance
[2023/12/11 18:35:46.784] - eth_getTransactionCount
[2023/12/11 18:35:46.785] - eth_getBalance
[2023/12/11 18:35:46.786] - eth_getTransactionCount
[2023/12/11 18:35:46.788] - eth_getBalance
[2023/12/11 18:35:46.789] - eth_getTransactionCount
[2023/12/11 18:35:46.791] - eth_getBalance
[2023/12/11 18:35:46.793] - eth_getTransactionCount
[2023/12/11 18:35:46.794] - eth_getBalance
[2023/12/11 18:35:46.795] - eth_getTransactionCount
[2023/12/11 18:35:46.799] - eth_getBalance
[2023/12/11 18:35:46.801] - eth_getTransactionCount
[2023/12/11 18:35:46.803] - eth_getBalance
[2023/12/11 18:35:46.805] - eth_getTransactionCount
[2023/12/11 18:35:46.826] - eth_getBalance
[2023/12/11 18:35:46.827] - eth_getTransactionCount
[2023/12/11 18:35:46.829] - eth_getBalance
[2023/12/11 18:35:46.830] - eth_getTransactionCount
[2023/12/11 18:35:46.832] - eth_getBalance
[2023/12/11 18:35:46.834] - eth_getTransactionCount
[2023/12/11 18:35:46.836] - eth_getBalance
[2023/12/11 18:35:46.839] - eth_getTransactionCount
[2023/12/11 18:35:46.840] - eth_getBalance
[2023/12/11 18:35:46.841] - eth_getTransactionCount
[2023/12/11 18:35:46.844] - eth_getBalance
[2023/12/11 18:35:46.845] - eth_getTransactionCount
[2023/12/11 18:35:46.847] - eth_getBalance
[2023/12/11 18:35:46.848] - eth_getTransactionCount
[2023/12/11 18:35:46.850] - eth_getBalance
[2023/12/11 18:35:46.851] - eth_getTransactionCount
[2023/12/11 18:35:46.853] - eth_getBalance
[2023/12/11 18:35:46.855] - eth_getTransactionCount
[2023/12/11 18:35:46.856] - eth_getBalance
[2023/12/11 18:35:46.859] - eth_getTransactionCount
[2023/12/11 18:35:55.448] - eth_blockNumber
[2023/12/11 18:35:55.464] - net_version
[2023/12/11 18:35:55.468] - eth_accounts
[2023/12/11 18:35:55.491] - eth_blockNumber
[2023/12/11 18:35:55.495] - net_version
[2023/12/11 18:35:56.560] - eth_accounts
[2023/12/11 18:35:57.131] - evm_snapshot
[2023/12/11 18:35:57.132] - Saved snapshot #1
[2023/12/11 18:35:57.152] - net_version
[2023/12/11 18:35:57.155] - eth_blockNumber
[2023/12/11 18:35:57.164] - net_version
[2023/12/11 18:35:57.167] - eth_getBlockByNumber
[2023/12/11 18:35:57.182] - eth_getBlockByNumber
[2023/12/11 18:35:57.184] - eth_getLogs
[2023/12/11 18:39:06.393] - eth_blockNumber
[2023/12/11 18:39:06.409] - net_version
[2023/12/11 18:39:06.413] - eth_accounts
[2023/12/11 18:39:06.432] - eth_blockNumber
[2023/12/11 18:39:06.436] - net_version
[2023/12/11 18:39:07.548] - eth_accounts
[2023/12/11 18:39:08.090] - evm_snapshot
[2023/12/11 18:39:08.091] - Saved snapshot #2
[2023/12/11 18:39:08.110] - net_version
[2023/12/11 18:39:08.113] - eth_blockNumber
[2023/12/11 18:39:08.121] - net_version
[2023/12/11 18:39:08.125] - eth_getBlockByNumber
[2023/12/11 18:39:08.141] - eth_getBlockByNumber
[2023/12/11 18:39:08.143] - eth_getLogs
[2023/12/11 18:40:39.829] - eth_unsubscribe
[2023/12/11 18:40:39.829] - eth_unsubscribe
