[2023/12/12 22:00:29.450] - Starting server with initial configuration: {"gasLimit":6721975,"gasPrice":20000000000,"hardfork":"merge","hostname":"127.0.0.1","port":7545,"network_id":5777,"default_balance_ether":100,"total_accounts":10,"unlocked_accounts":[],"locked":false,"vmErrorsOnRPCResponse":true,"verbose":false,"flavor":"ethereum","db_path":"C:\\Users\\verik\\AppData\\Roaming\\Ganache\\ui\\workspaces\\Veriko-FYP\\chaindata","mnemonic":"indicate polar abuse problem wife release sister giraffe police phrase anger dove","logDirectory":"C:\\Users\\verik\\OneDrive\\Documents\\Year 3\\FYPP\\Log"}
[2023/12/12 22:00:29.643] - eth_subscribe
[2023/12/12 22:00:29.645] - eth_getLogs
[2023/12/12 22:00:29.646] - eth_subscribe
[2023/12/12 22:00:29.647] - eth_subscribe
[2023/12/12 22:00:29.648] - eth_getLogs
[2023/12/12 22:00:29.648] - eth_subscribe
[2023/12/12 22:00:29.686] - eth_getBlockByNumber
[2023/12/12 22:00:29.687] - eth_subscribe
[2023/12/12 22:00:29.712] - eth_blockNumber
[2023/12/12 22:00:29.713] - eth_accounts
[2023/12/12 22:00:29.714] - eth_gasPrice
[2023/12/12 22:00:29.714] - eth_getBlockByNumber
[2023/12/12 22:00:29.715] - eth_subscribe
[2023/12/12 22:00:29.716] - eth_blockNumber
[2023/12/12 22:00:29.716] - eth_accounts
[2023/12/12 22:00:29.717] - eth_gasPrice
[2023/12/12 22:00:29.726] - eth_accounts
[2023/12/12 22:00:29.753] - eth_getBalance
[2023/12/12 22:00:29.756] - eth_getTransactionCount
[2023/12/12 22:00:29.759] - eth_getBalance
[2023/12/12 22:00:29.763] - eth_getTransactionCount
[2023/12/12 22:00:29.767] - eth_getBalance
[2023/12/12 22:00:29.771] - eth_getTransactionCount
[2023/12/12 22:00:29.774] - eth_getBalance
[2023/12/12 22:00:29.778] - eth_getTransactionCount
[2023/12/12 22:00:29.782] - eth_getBalance
[2023/12/12 22:00:29.786] - eth_getTransactionCount
[2023/12/12 22:00:29.790] - eth_getBalance
[2023/12/12 22:00:29.793] - eth_getTransactionCount
[2023/12/12 22:00:29.796] - eth_getBalance
[2023/12/12 22:00:29.799] - eth_getTransactionCount
[2023/12/12 22:00:29.803] - eth_getBalance
[2023/12/12 22:00:29.806] - eth_getTransactionCount
[2023/12/12 22:00:29.809] - eth_getBalance
[2023/12/12 22:00:29.812] - eth_getTransactionCount
[2023/12/12 22:00:29.816] - eth_getBalance
[2023/12/12 22:00:29.820] - eth_getTransactionCount
[2023/12/12 22:00:29.828] - eth_getBalance
[2023/12/12 22:00:29.831] - eth_getTransactionCount
[2023/12/12 22:00:29.834] - eth_getBalance
[2023/12/12 22:00:29.837] - eth_getTransactionCount
[2023/12/12 22:00:29.842] - eth_getBalance
[2023/12/12 22:00:29.846] - eth_getTransactionCount
[2023/12/12 22:00:29.850] - eth_getBalance
[2023/12/12 22:00:29.855] - eth_getTransactionCount
[2023/12/12 22:00:29.858] - eth_getBalance
[2023/12/12 22:00:29.861] - eth_getTransactionCount
[2023/12/12 22:00:29.864] - eth_getBalance
[2023/12/12 22:00:29.866] - eth_getTransactionCount
[2023/12/12 22:00:29.869] - eth_getBalance
[2023/12/12 22:00:29.873] - eth_getTransactionCount
[2023/12/12 22:00:29.877] - eth_getBalance
[2023/12/12 22:00:29.882] - eth_getTransactionCount
[2023/12/12 22:00:29.886] - eth_getBalance
[2023/12/12 22:00:29.891] - eth_getTransactionCount
[2023/12/12 22:00:29.894] - eth_getBalance
[2023/12/12 22:00:29.897] - eth_getTransactionCount
[2023/12/12 22:00:29.899] - eth_getBalance
[2023/12/12 22:00:29.903] - eth_getTransactionCount
[2023/12/12 22:00:29.906] - eth_getBalance
[2023/12/12 22:00:29.911] - eth_getTransactionCount
[2023/12/12 22:00:29.914] - eth_getBalance
[2023/12/12 22:00:29.917] - eth_getTransactionCount
[2023/12/12 22:00:29.920] - eth_getBalance
[2023/12/12 22:00:29.924] - eth_getTransactionCount
[2023/12/12 22:00:29.928] - eth_getBalance
[2023/12/12 22:00:29.931] - eth_getTransactionCount
[2023/12/12 22:00:29.935] - eth_getBalance
[2023/12/12 22:00:29.938] - eth_getTransactionCount
[2023/12/12 22:00:29.941] - eth_getBalance
[2023/12/12 22:00:29.944] - eth_getTransactionCount
[2023/12/12 22:00:29.948] - eth_getBalance
[2023/12/12 22:00:29.952] - eth_getTransactionCount
[2023/12/12 22:00:29.956] - eth_getBalance
[2023/12/12 22:00:29.959] - eth_getTransactionCount
[2023/12/12 22:00:29.962] - eth_getBalance
[2023/12/12 22:00:29.965] - eth_getTransactionCount
[2023/12/12 22:00:30.003] - eth_getBalance
[2023/12/12 22:00:30.006] - eth_getTransactionCount
[2023/12/12 22:00:30.009] - eth_getBalance
[2023/12/12 22:00:30.012] - eth_getTransactionCount
[2023/12/12 22:00:30.015] - eth_getBalance
[2023/12/12 22:00:30.018] - eth_getTransactionCount
[2023/12/12 22:00:30.021] - eth_getBalance
[2023/12/12 22:00:30.025] - eth_getTransactionCount
[2023/12/12 22:00:30.027] - eth_getBalance
[2023/12/12 22:00:30.032] - eth_getTransactionCount
[2023/12/12 22:00:30.034] - eth_getBalance
[2023/12/12 22:00:30.038] - eth_getTransactionCount
[2023/12/12 22:00:30.041] - eth_getBalance
[2023/12/12 22:00:30.046] - eth_getTransactionCount
[2023/12/12 22:00:30.047] - eth_getBalance
[2023/12/12 22:00:30.050] - eth_getTransactionCount
[2023/12/12 22:00:30.053] - eth_getBalance
[2023/12/12 22:00:30.056] - eth_getTransactionCount
[2023/12/12 22:00:30.060] - eth_getBalance
[2023/12/12 22:00:30.064] - eth_getTransactionCount
[2023/12/12 22:00:34.913] - eth_getBlockByNumber
[2023/12/12 22:00:34.931] - eth_getLogs
[2023/12/12 22:01:03.594] - eth_getBlockByNumber
[2023/12/12 22:05:09.666] - eth_blockNumber
[2023/12/12 22:05:09.685] - net_version
[2023/12/12 22:05:09.689] - eth_accounts
[2023/12/12 22:05:09.707] - eth_blockNumber
[2023/12/12 22:05:09.712] - net_version
[2023/12/12 22:05:10.967] - eth_accounts
[2023/12/12 22:05:11.686] - eth_getBlockByNumber
[2023/12/12 22:05:11.690] - eth_accounts
[2023/12/12 22:05:11.705] - net_version
[2023/12/12 22:05:11.709] - eth_getBlockByNumber
[2023/12/12 22:05:11.712] - eth_getBlockByNumber
[2023/12/12 22:05:11.716] - net_version
[2023/12/12 22:05:11.719] - eth_getBlockByNumber
[2023/12/12 22:05:11.726] - eth_estimateGas
[2023/12/12 22:05:11.789] - net_version
[2023/12/12 22:05:11.790] - eth_blockNumber
[2023/12/12 22:05:11.793] - eth_getBlockByNumber
[2023/12/12 22:05:11.796] - eth_estimateGas
[2023/12/12 22:05:11.812] - eth_getBlockByNumber
[2023/12/12 22:05:11.814] - eth_gasPrice
[2023/12/12 22:05:11.817] - eth_sendTransaction
[2023/12/12 22:05:11.840] - 
  Transaction: 0xc2a8b6b6e6b19dc51c6de158b1b5a079fe2dc1f7cb65dc9d9113bd15f3bc4b95
  Contract created: 0x77dfb0f4eb30b07ce4f415b0b47738e7f4539f87
  Gas usage: 510153
  Block number: 1
  Block time: Tue Dec 12 2023 22:05:11 GMT+0800 (Malaysia Time)

[2023/12/12 22:05:11.845] - eth_getTransactionReceipt
[2023/12/12 22:05:11.848] - eth_getBlockByNumber
[2023/12/12 22:05:11.850] - eth_getCode
[2023/12/12 22:05:11.859] - eth_getBalance
[2023/12/12 22:05:11.864] - eth_getTransactionCount
[2023/12/12 22:05:11.870] - eth_getBalance
[2023/12/12 22:05:11.874] - eth_getTransactionCount
[2023/12/12 22:05:11.878] - eth_getBalance
[2023/12/12 22:05:11.880] - evm_snapshot
[2023/12/12 22:05:11.881] - Saved snapshot #1
[2023/12/12 22:05:11.883] - eth_getTransactionCount
[2023/12/12 22:05:11.888] - eth_getBalance
[2023/12/12 22:05:11.894] - eth_getTransactionCount
[2023/12/12 22:05:11.900] - eth_getBalance
[2023/12/12 22:05:11.903] - net_version
[2023/12/12 22:05:11.904] - eth_getTransactionCount
[2023/12/12 22:05:11.909] - eth_getBalance
[2023/12/12 22:05:11.912] - eth_getBlockByNumber
[2023/12/12 22:05:11.914] - eth_getTransactionCount
[2023/12/12 22:05:11.916] - eth_blockNumber
[2023/12/12 22:05:11.919] - eth_getBalance
[2023/12/12 22:05:11.921] - eth_getBlockByNumber
[2023/12/12 22:05:11.924] - eth_getTransactionCount
[2023/12/12 22:05:11.929] - eth_estimateGas
[2023/12/12 22:05:11.931] - eth_getBalance
[2023/12/12 22:05:11.934] - eth_getTransactionCount
[2023/12/12 22:05:11.949] - eth_getBalance
[2023/12/12 22:05:11.950] - eth_getTransactionCount
[2023/12/12 22:05:11.950] - eth_getBalance
[2023/12/12 22:05:11.951] - eth_getTransactionCount
[2023/12/12 22:05:12.034] - eth_getBlockByNumber
[2023/12/12 22:05:12.036] - eth_gasPrice
[2023/12/12 22:05:12.038] - eth_sendTransaction
[2023/12/12 22:05:12.088] - 
  Transaction: 0x7a143de4e4db8b0345ecae29440438674c78cf6b5a0f04516b2ac80b7422796e
  Gas usage: 164789
  Block number: 2
  Block time: Tue Dec 12 2023 22:05:12 GMT+0800 (Malaysia Time)

[2023/12/12 22:05:12.091] - eth_getTransactionReceipt
[2023/12/12 22:05:12.092] - eth_getBlockByNumber
[2023/12/12 22:05:12.101] - eth_getBlockByNumber
[2023/12/12 22:05:12.104] - eth_getLogs
[2023/12/12 22:05:12.109] - eth_getCode
[2023/12/12 22:05:12.119] - eth_blockNumber
[2023/12/12 22:05:12.123] - eth_getBlockByNumber
[2023/12/12 22:05:12.127] - eth_estimateGas
[2023/12/12 22:05:12.148] - eth_getBalance
[2023/12/12 22:05:12.155] - eth_getTransactionCount
[2023/12/12 22:05:12.156] - eth_getBalance
[2023/12/12 22:05:12.163] - eth_getTransactionCount
[2023/12/12 22:05:12.169] - eth_getBalance
[2023/12/12 22:05:12.175] - eth_getTransactionCount
[2023/12/12 22:05:12.176] - eth_getBalance
[2023/12/12 22:05:12.181] - eth_getTransactionCount
[2023/12/12 22:05:12.185] - eth_getBalance
[2023/12/12 22:05:12.191] - eth_getTransactionCount
[2023/12/12 22:05:12.198] - eth_getBalance
[2023/12/12 22:05:12.202] - eth_getTransactionCount
[2023/12/12 22:05:12.206] - eth_getBalance
[2023/12/12 22:05:12.210] - eth_getTransactionCount
[2023/12/12 22:05:12.214] - eth_getBlockByNumber
[2023/12/12 22:05:12.215] - eth_gasPrice
[2023/12/12 22:05:12.216] - eth_getBalance
[2023/12/12 22:05:12.217] - eth_sendTransaction
[2023/12/12 22:05:12.222] - eth_getTransactionCount
[2023/12/12 22:05:12.230] - eth_getBalance
[2023/12/12 22:05:12.259] - 
  Transaction: 0x3b34e43138b7eb8cb5d69fd77b2f8f1b624c8cd0f2fbba7e4b009f42b86830dd
  Gas usage: 78164
  Block number: 3
  Block time: Tue Dec 12 2023 22:05:12 GMT+0800 (Malaysia Time)

[2023/12/12 22:05:12.262] - eth_getTransactionReceipt
[2023/12/12 22:05:12.263] - eth_getBlockByNumber
[2023/12/12 22:05:12.268] - eth_getBlockByNumber
[2023/12/12 22:05:12.270] - eth_getLogs
[2023/12/12 22:05:12.274] - eth_getCode
[2023/12/12 22:05:12.281] - eth_blockNumber
[2023/12/12 22:05:12.284] - eth_getBlockByNumber
[2023/12/12 22:05:12.288] - eth_estimateGas
[2023/12/12 22:05:12.334] - eth_getBalance
[2023/12/12 22:05:12.339] - eth_getTransactionCount
[2023/12/12 22:05:12.343] - eth_getBalance
[2023/12/12 22:05:12.348] - eth_getTransactionCount
[2023/12/12 22:05:12.352] - eth_getBalance
[2023/12/12 22:05:12.356] - eth_getTransactionCount
[2023/12/12 22:05:12.361] - eth_getBalance
[2023/12/12 22:05:12.368] - eth_getTransactionCount
[2023/12/12 22:05:12.372] - eth_getBalance
[2023/12/12 22:05:12.384] - eth_getTransactionCount
[2023/12/12 22:05:12.387] - eth_getBalance
[2023/12/12 22:05:12.392] - eth_getTransactionCount
[2023/12/12 22:05:12.395] - eth_getBalance
[2023/12/12 22:05:12.400] - eth_getTransactionCount
[2023/12/12 22:05:12.404] - eth_getBalance
[2023/12/12 22:05:12.409] - eth_getTransactionCount
[2023/12/12 22:05:12.452] - eth_blockNumber
[2023/12/12 22:05:12.456] - eth_getBlockByNumber
[2023/12/12 22:05:12.460] - eth_estimateGas
[2023/12/13 00:55:50.815] - eth_blockNumber
[2023/12/13 00:55:50.839] - net_version
[2023/12/13 00:55:50.844] - eth_accounts
[2023/12/13 00:55:50.864] - eth_blockNumber
[2023/12/13 00:55:50.869] - net_version
[2023/12/13 00:55:52.992] - eth_accounts
[2023/12/13 00:55:53.776] - eth_getBlockByNumber
[2023/12/13 00:55:53.782] - eth_accounts
[2023/12/13 00:55:53.799] - net_version
[2023/12/13 00:55:53.805] - eth_getBlockByNumber
[2023/12/13 00:55:53.810] - eth_getBlockByNumber
[2023/12/13 00:55:53.814] - net_version
[2023/12/13 00:55:53.817] - eth_getBlockByNumber
[2023/12/13 00:55:53.825] - eth_estimateGas
[2023/12/13 00:55:53.869] - net_version
[2023/12/13 00:55:53.869] - eth_blockNumber
[2023/12/13 00:55:53.873] - eth_getBlockByNumber
[2023/12/13 00:55:53.878] - eth_estimateGas
[2023/12/13 00:55:53.900] - eth_getBlockByNumber
[2023/12/13 00:55:53.901] - eth_gasPrice
[2023/12/13 00:55:53.904] - eth_sendTransaction
[2023/12/13 00:55:53.915] - 
  Transaction: 0xf0d7aaa67df306eba145d23c2376550fc4e420ca06215beff91bc5d22a2e4256
  Contract created: 0xf017614e241706ba54dec3002596fae36f7d02f3
  Gas usage: 700188
  Block number: 4
  Block time: Wed Dec 13 2023 00:55:53 GMT+0800 (Malaysia Time)

[2023/12/13 00:55:53.920] - eth_getTransactionReceipt
[2023/12/13 00:55:53.922] - eth_getBlockByNumber
[2023/12/13 00:55:53.924] - eth_getCode
[2023/12/13 00:55:53.939] - eth_getBalance
[2023/12/13 00:55:53.943] - eth_getTransactionCount
[2023/12/13 00:55:53.948] - eth_getBalance
[2023/12/13 00:55:53.951] - eth_getTransactionCount
[2023/12/13 00:55:53.956] - evm_snapshot
[2023/12/13 00:55:53.956] - Saved snapshot #2
[2023/12/13 00:55:53.957] - eth_getBalance
[2023/12/13 00:55:53.959] - eth_getTransactionCount
[2023/12/13 00:55:53.965] - eth_getBalance
[2023/12/13 00:55:53.970] - eth_getTransactionCount
[2023/12/13 00:55:53.974] - eth_getBalance
[2023/12/13 00:55:53.978] - eth_getTransactionCount
[2023/12/13 00:55:53.982] - eth_getBalance
[2023/12/13 00:55:53.984] - net_version
[2023/12/13 00:55:53.987] - eth_getTransactionCount
[2023/12/13 00:55:53.992] - eth_getBalance
[2023/12/13 00:55:53.997] - eth_getTransactionCount
[2023/12/13 00:55:53.998] - eth_getBlockByNumber
[2023/12/13 00:55:54.001] - eth_getBalance
[2023/12/13 00:55:54.003] - eth_blockNumber
[2023/12/13 00:55:54.010] - eth_getBlockByNumber
[2023/12/13 00:55:54.012] - eth_getTransactionCount
[2023/12/13 00:55:54.017] - eth_getBalance
[2023/12/13 00:55:54.020] - eth_estimateGas
[2023/12/13 00:55:54.028] - eth_getTransactionCount
[2023/12/13 00:55:54.030] - eth_getBalance
[2023/12/13 00:55:54.036] - eth_getTransactionCount
[2023/12/13 00:55:54.080] - eth_getBlockByNumber
[2023/12/13 00:55:54.081] - eth_gasPrice
[2023/12/13 00:55:54.084] - eth_sendTransaction
[2023/12/13 00:55:54.112] - 
  Transaction: 0x9e4e866f708d6e16b597b960959d943197c3ab48a254355c042a1bee7955dad2
  Gas usage: 164789
  Block number: 5
  Block time: Wed Dec 13 2023 00:55:54 GMT+0800 (Malaysia Time)

[2023/12/13 00:55:54.115] - eth_getTransactionReceipt
[2023/12/13 00:55:54.116] - eth_getBlockByNumber
[2023/12/13 00:55:54.123] - eth_call
[2023/12/13 00:55:54.148] - eth_blockNumber
[2023/12/13 00:55:54.151] - eth_getBlockByNumber
[2023/12/13 00:55:54.156] - eth_estimateGas
[2023/12/13 00:55:54.167] - eth_getBalance
[2023/12/13 00:55:54.172] - eth_getTransactionCount
[2023/12/13 00:55:54.175] - eth_getBalance
[2023/12/13 00:55:54.179] - eth_getTransactionCount
[2023/12/13 00:55:54.183] - eth_getBalance
[2023/12/13 00:55:54.187] - eth_getTransactionCount
[2023/12/13 00:55:54.193] - eth_getBalance
[2023/12/13 00:55:54.194] - eth_getTransactionCount
[2023/12/13 00:55:54.200] - eth_getTransactionCount
[2023/12/13 00:55:54.205] - eth_getBalance
[2023/12/13 00:55:54.209] - eth_getTransactionCount
[2023/12/13 00:55:54.212] - eth_getBalance
[2023/12/13 00:55:54.215] - eth_getTransactionCount
[2023/12/13 00:55:54.219] - eth_getBalance
[2023/12/13 00:55:54.223] - eth_getTransactionCount
[2023/12/13 00:55:54.230] - eth_getBalance
[2023/12/13 00:55:54.231] - eth_getTransactionCount
[2023/12/13 00:55:54.240] - eth_getBlockByNumber
[2023/12/13 00:55:54.242] - eth_gasPrice
[2023/12/13 00:55:54.245] - eth_sendTransaction
[2023/12/13 00:55:54.279] - 
  Transaction: 0xa28100b634e3aa95653f8c5d58844d94995b641f09ec333e5a06959fcd73f9e7
  Gas usage: 78164
  Block number: 6
  Block time: Wed Dec 13 2023 00:55:54 GMT+0800 (Malaysia Time)

[2023/12/13 00:55:54.283] - eth_getBlockByNumber
[2023/12/13 00:55:54.284] - eth_getTransactionReceipt
[2023/12/13 00:55:54.290] - eth_call
[2023/12/13 00:55:54.311] - eth_getBlockByNumber
[2023/12/13 00:55:54.314] - eth_getLogs
[2023/12/13 00:55:54.319] - eth_getCode
[2023/12/13 00:55:54.332] - eth_blockNumber
[2023/12/13 00:55:54.336] - eth_getBlockByNumber
[2023/12/13 00:55:54.342] - eth_estimateGas
[2023/12/13 00:55:54.389] - eth_getBalance
[2023/12/13 00:55:54.394] - eth_getTransactionCount
[2023/12/13 00:55:54.400] - eth_getBalance
[2023/12/13 00:55:54.404] - eth_getTransactionCount
[2023/12/13 00:55:54.411] - eth_getBalance
[2023/12/13 00:55:54.416] - eth_getTransactionCount
[2023/12/13 00:55:54.421] - eth_getBalance
[2023/12/13 00:55:54.424] - eth_getTransactionCount
[2023/12/13 00:55:54.430] - eth_getBalance
[2023/12/13 00:55:54.436] - eth_getTransactionCount
[2023/12/13 00:55:54.440] - eth_getBalance
[2023/12/13 00:55:54.443] - eth_getTransactionCount
[2023/12/13 00:55:54.447] - eth_getBalance
[2023/12/13 00:55:54.449] - eth_getTransactionCount
[2023/12/13 00:55:54.454] - eth_getBalance
[2023/12/13 00:55:54.457] - eth_getTransactionCount
[2023/12/13 00:55:54.461] - eth_getBalance
[2023/12/13 00:55:54.465] - eth_getTransactionCount
[2023/12/13 00:55:54.469] - eth_getBalance
[2023/12/13 00:55:54.474] - eth_getTransactionCount
[2023/12/13 00:55:54.478] - eth_getBalance
[2023/12/13 00:55:54.481] - eth_getTransactionCount
[2023/12/13 00:55:54.484] - eth_getBalance
[2023/12/13 00:55:54.487] - eth_getTransactionCount
[2023/12/13 00:55:54.492] - eth_getBalance
[2023/12/13 00:55:54.497] - eth_getTransactionCount
[2023/12/13 00:55:54.501] - eth_getBalance
[2023/12/13 00:55:54.505] - eth_getTransactionCount
[2023/12/13 00:55:54.509] - eth_getBalance
[2023/12/13 00:55:54.512] - eth_getTransactionCount
[2023/12/13 00:55:54.519] - eth_getBalance
[2023/12/13 00:55:54.523] - eth_getTransactionCount
[2023/12/13 00:55:54.550] - eth_blockNumber
[2023/12/13 00:55:54.554] - eth_getBlockByNumber
[2023/12/13 00:55:54.558] - eth_estimateGas
[2023/12/13 00:55:54.639] - eth_getBalance
[2023/12/13 00:55:54.643] - eth_getTransactionCount
[2023/12/13 00:55:54.646] - eth_getBalance
[2023/12/13 00:55:54.650] - eth_getTransactionCount
[2023/12/13 00:55:54.654] - eth_getTransactionCount
[2023/12/13 00:55:54.658] - eth_getBalance
[2023/12/13 00:55:54.661] - eth_getTransactionCount
[2023/12/13 00:55:54.667] - eth_getBalance
[2023/12/13 00:55:54.671] - eth_getTransactionCount
[2023/12/13 00:55:54.678] - eth_getBalance
[2023/12/13 00:55:54.683] - eth_getTransactionCount
[2023/12/13 00:55:54.687] - eth_getBalance
[2023/12/13 00:55:54.691] - eth_getTransactionCount
[2023/12/13 00:55:54.695] - eth_getBalance
[2023/12/13 00:55:54.699] - eth_getTransactionCount
[2023/12/13 00:55:54.702] - eth_getBalance
[2023/12/13 00:55:54.706] - eth_getTransactionCount
[2023/12/13 00:55:54.711] - eth_getBalance
[2023/12/13 00:55:54.714] - eth_getTransactionCount
[2023/12/13 00:58:10.219] - eth_blockNumber
[2023/12/13 00:58:10.240] - net_version
[2023/12/13 00:58:10.244] - eth_accounts
[2023/12/13 00:58:10.261] - eth_blockNumber
[2023/12/13 00:58:10.266] - net_version
[2023/12/13 00:58:11.621] - eth_accounts
[2023/12/13 00:58:12.348] - eth_getBlockByNumber
[2023/12/13 00:58:12.352] - eth_accounts
[2023/12/13 00:58:12.371] - net_version
[2023/12/13 00:58:12.375] - eth_getBlockByNumber
[2023/12/13 00:58:12.379] - eth_getBlockByNumber
[2023/12/13 00:58:12.384] - net_version
[2023/12/13 00:58:12.387] - eth_getBlockByNumber
[2023/12/13 00:58:12.394] - eth_estimateGas
[2023/12/13 00:58:12.428] - net_version
[2023/12/13 00:58:12.430] - eth_blockNumber
[2023/12/13 00:58:12.434] - eth_getBlockByNumber
[2023/12/13 00:58:12.439] - eth_estimateGas
[2023/12/13 00:58:12.452] - eth_getBlockByNumber
[2023/12/13 00:58:12.454] - eth_gasPrice
[2023/12/13 00:58:12.457] - eth_sendTransaction
[2023/12/13 00:58:12.466] - 
  Transaction: 0xc55e5149ece668025de59808a294067e3f6749196905913f27ad1dbd5e8da063
  Contract created: 0x7bcf4091af2578d90ab19ce611d92329120320ab
  Gas usage: 700188
  Block number: 7
  Block time: Wed Dec 13 2023 00:58:12 GMT+0800 (Malaysia Time)

[2023/12/13 00:58:12.468] - eth_getBlockByNumber
[2023/12/13 00:58:12.470] - eth_getTransactionReceipt
[2023/12/13 00:58:12.474] - eth_getCode
[2023/12/13 00:58:12.480] - eth_getBalance
[2023/12/13 00:58:12.485] - eth_getTransactionCount
[2023/12/13 00:58:12.490] - eth_getBalance
[2023/12/13 00:58:12.495] - eth_getTransactionCount
[2023/12/13 00:58:12.502] - eth_getBalance
[2023/12/13 00:58:12.508] - evm_snapshot
[2023/12/13 00:58:12.508] - Saved snapshot #3
[2023/12/13 00:58:12.510] - eth_getTransactionCount
[2023/12/13 00:58:12.514] - eth_getBalance
[2023/12/13 00:58:12.518] - eth_getTransactionCount
[2023/12/13 00:58:12.523] - eth_getBalance
[2023/12/13 00:58:12.528] - eth_getTransactionCount
[2023/12/13 00:58:12.533] - eth_getBalance
[2023/12/13 00:58:12.535] - net_version
[2023/12/13 00:58:12.538] - eth_getTransactionCount
[2023/12/13 00:58:12.543] - eth_getBalance
[2023/12/13 00:58:12.545] - eth_getBlockByNumber
[2023/12/13 00:58:12.547] - eth_getTransactionCount
[2023/12/13 00:58:12.550] - eth_blockNumber
[2023/12/13 00:58:12.552] - eth_getBalance
[2023/12/13 00:58:12.555] - eth_getBlockByNumber
[2023/12/13 00:58:12.558] - eth_getTransactionCount
[2023/12/13 00:58:12.564] - eth_getBalance
[2023/12/13 00:58:12.568] - eth_estimateGas
[2023/12/13 00:58:12.570] - eth_getTransactionCount
[2023/12/13 00:58:12.578] - eth_getBalance
[2023/12/13 00:58:12.579] - eth_getTransactionCount
[2023/12/13 00:58:12.622] - eth_getBlockByNumber
[2023/12/13 00:58:12.623] - eth_gasPrice
[2023/12/13 00:58:12.627] - eth_sendTransaction
[2023/12/13 00:58:12.656] - 
  Transaction: 0x1c494769e7b53d7230476fefd3dd5c175cc8fda1b24bcb132cfee4575a0117d6
  Gas usage: 164789
  Block number: 8
  Block time: Wed Dec 13 2023 00:58:12 GMT+0800 (Malaysia Time)

[2023/12/13 00:58:12.666] - eth_getBlockByNumber
[2023/12/13 00:58:12.667] - eth_getTransactionReceipt
[2023/12/13 00:58:12.675] - eth_call
[2023/12/13 00:58:12.690] - eth_blockNumber
[2023/12/13 00:58:12.694] - eth_getBlockByNumber
[2023/12/13 00:58:12.699] - eth_estimateGas
[2023/12/13 00:58:12.731] - eth_getBalance
[2023/12/13 00:58:12.735] - eth_getTransactionCount
[2023/12/13 00:58:12.739] - eth_getBalance
[2023/12/13 00:58:12.743] - eth_getTransactionCount
[2023/12/13 00:58:12.748] - eth_getBalance
[2023/12/13 00:58:12.752] - eth_getTransactionCount
[2023/12/13 00:58:12.756] - eth_getBalance
[2023/12/13 00:58:12.758] - eth_getTransactionCount
[2023/12/13 00:58:12.760] - eth_getBlockByNumber
[2023/12/13 00:58:12.761] - eth_gasPrice
[2023/12/13 00:58:12.763] - eth_getBalance
[2023/12/13 00:58:12.767] - eth_sendTransaction
[2023/12/13 00:58:12.770] - eth_getTransactionCount
[2023/12/13 00:58:12.775] - eth_getBalance
[2023/12/13 00:58:12.777] - eth_getTransactionCount
[2023/12/13 00:58:12.780] - eth_getBalance
[2023/12/13 00:58:12.783] - eth_getTransactionCount
[2023/12/13 00:58:12.789] - eth_getBalance
[2023/12/13 00:58:12.793] - eth_getTransactionCount
[2023/12/13 00:58:12.809] - 
  Transaction: 0xed88ef65ebfbb26b6e0f8bcf66050ef6f35f19a8d55470b35668d7d731382ba7
  Gas usage: 78164
  Block number: 9
  Block time: Wed Dec 13 2023 00:58:12 GMT+0800 (Malaysia Time)

[2023/12/13 00:58:12.813] - eth_getBlockByNumber
[2023/12/13 00:58:12.814] - eth_getTransactionReceipt
[2023/12/13 00:58:12.819] - eth_call
[2023/12/13 00:58:12.840] - eth_blockNumber
[2023/12/13 00:58:12.843] - eth_getBlockByNumber
[2023/12/13 00:58:12.847] - eth_estimateGas
[2023/12/13 00:58:12.896] - eth_getBalance
[2023/12/13 00:58:12.902] - eth_getTransactionCount
[2023/12/13 00:58:12.906] - eth_getBalance
[2023/12/13 00:58:12.914] - eth_getTransactionCount
[2023/12/13 00:58:12.922] - eth_getBalance
[2023/12/13 00:58:12.927] - eth_getTransactionCount
[2023/12/13 00:58:12.933] - eth_getBalance
[2023/12/13 00:58:12.937] - eth_getTransactionCount
[2023/12/13 00:58:12.942] - eth_getBalance
[2023/12/13 00:58:12.948] - eth_getTransactionCount
[2023/12/13 00:58:12.954] - eth_getBalance
[2023/12/13 00:58:12.958] - eth_getTransactionCount
[2023/12/13 00:58:12.962] - eth_getBalance
[2023/12/13 00:58:12.966] - eth_getTransactionCount
[2023/12/13 00:58:12.980] - eth_getBalance
[2023/12/13 00:58:12.985] - eth_getTransactionCount
[2023/12/13 00:58:13.047] - eth_blockNumber
[2023/12/13 00:58:13.051] - eth_getBlockByNumber
[2023/12/13 00:58:13.056] - eth_estimateGas
[2023/12/13 00:58:31.266] - eth_getBlockByNumber
[2023/12/13 00:58:31.289] - eth_getBlockByNumber
[2023/12/13 00:58:31.302] - eth_getBlockByNumber
[2023/12/13 00:58:31.314] - eth_getBlockByNumber
[2023/12/13 00:58:31.326] - eth_getBlockByNumber
[2023/12/13 00:58:31.339] - eth_getBlockByNumber
[2023/12/13 00:58:31.351] - eth_getBlockByNumber
[2023/12/13 00:58:31.366] - eth_getBlockByNumber
[2023/12/13 00:58:31.381] - eth_getBlockByNumber
[2023/12/13 00:58:31.393] - eth_getLogs
[2023/12/13 00:58:37.710] - eth_getTransactionByHash
[2023/12/13 00:58:37.742] - eth_getTransactionReceipt
[2023/12/13 01:02:48.367] - eth_getBlockByNumber
[2023/12/13 01:02:48.397] - eth_getBlockByNumber
[2023/12/13 01:02:48.411] - eth_getTransactionReceipt
[2023/12/13 01:02:48.426] - eth_getBlockByNumber
[2023/12/13 01:02:48.437] - eth_getTransactionReceipt
[2023/12/13 01:02:48.451] - eth_getBlockByNumber
[2023/12/13 01:02:48.465] - eth_getTransactionReceipt
[2023/12/13 01:02:48.479] - eth_getBlockByNumber
[2023/12/13 01:02:48.490] - eth_getTransactionReceipt
[2023/12/13 01:02:48.504] - eth_getBlockByNumber
[2023/12/13 01:02:48.515] - eth_getTransactionReceipt
[2023/12/13 01:02:48.530] - eth_getBlockByNumber
[2023/12/13 01:02:48.539] - eth_getTransactionReceipt
[2023/12/13 01:02:48.552] - eth_getBlockByNumber
[2023/12/13 01:02:48.563] - eth_getTransactionReceipt
[2023/12/13 01:02:48.583] - eth_getBlockByNumber
[2023/12/13 01:02:48.598] - eth_getTransactionReceipt
[2023/12/13 01:02:56.853] - eth_getBlockTransactionCountByHash
[2023/12/13 01:02:56.869] - eth_getBlockTransactionCountByHash
[2023/12/13 01:02:56.880] - eth_getBlockTransactionCountByHash
[2023/12/13 01:02:56.889] - eth_getBlockTransactionCountByHash
[2023/12/13 01:02:56.900] - eth_getBlockTransactionCountByHash
[2023/12/13 01:02:56.912] - eth_getBlockTransactionCountByHash
[2023/12/13 01:02:56.922] - eth_getBlockTransactionCountByHash
[2023/12/13 01:02:56.934] - eth_getBlockTransactionCountByHash
[2023/12/13 01:02:56.947] - eth_getBlockTransactionCountByHash
[2023/12/13 01:02:56.956] - eth_getBlockTransactionCountByHash
[2023/12/13 02:13:13.958] - eth_unsubscribe
[2023/12/13 02:13:13.963] - eth_unsubscribe
