[2023/12/11 17:07:14.195] - Starting server with initial configuration: {"gasLimit":6721975,"gasPrice":20000000000,"hardfork":"merge","hostname":"127.0.0.1","port":7545,"network_id":5777,"default_balance_ether":100,"total_accounts":10,"unlocked_accounts":[],"locked":false,"vmErrorsOnRPCResponse":true,"verbose":false,"flavor":"ethereum","db_path":"C:\\Users\\verik\\AppData\\Roaming\\Ganache\\ui\\workspaces\\Veriko-FYP\\chaindata","mnemonic":"indicate polar abuse problem wife release sister giraffe police phrase anger dove","logDirectory":"C:\\Users\\verik\\OneDrive\\Documents\\Year 3\\FYPP\\Log"}
[2023/12/11 17:07:14.298] - eth_subscribe
[2023/12/11 17:07:14.301] - eth_getLogs
[2023/12/11 17:07:14.302] - eth_subscribe
[2023/12/11 17:07:14.303] - eth_subscribe
[2023/12/11 17:07:14.304] - eth_getLogs
[2023/12/11 17:07:14.305] - eth_subscribe
[2023/12/11 17:07:14.320] - eth_blockNumber
[2023/12/11 17:07:14.321] - eth_accounts
[2023/12/11 17:07:14.322] - eth_gasPrice
[2023/12/11 17:07:14.322] - eth_getBlockByNumber
[2023/12/11 17:07:14.323] - eth_subscribe
[2023/12/11 17:07:14.326] - eth_accounts
[2023/12/11 17:07:14.333] - eth_getBalance
[2023/12/11 17:07:14.334] - eth_getTransactionCount
[2023/12/11 17:07:14.335] - eth_getBalance
[2023/12/11 17:07:14.337] - eth_getTransactionCount
[2023/12/11 17:07:14.337] - eth_getBalance
[2023/12/11 17:07:14.339] - eth_getTransactionCount
[2023/12/11 17:07:14.340] - eth_getBalance
[2023/12/11 17:07:14.341] - eth_getTransactionCount
[2023/12/11 17:07:14.342] - eth_getBalance
[2023/12/11 17:07:14.343] - eth_getTransactionCount
[2023/12/11 17:07:14.345] - eth_getBalance
[2023/12/11 17:07:14.347] - eth_getTransactionCount
[2023/12/11 17:07:14.349] - eth_getBalance
[2023/12/11 17:07:14.350] - eth_getTransactionCount
[2023/12/11 17:07:14.351] - eth_getBalance
[2023/12/11 17:07:14.353] - eth_getTransactionCount
[2023/12/11 17:07:14.354] - eth_getBalance
[2023/12/11 17:07:14.355] - eth_getTransactionCount
[2023/12/11 17:07:14.357] - eth_getBalance
[2023/12/11 17:07:14.359] - eth_getTransactionCount
[2023/12/11 17:07:14.360] - eth_blockNumber
[2023/12/11 17:07:14.361] - eth_accounts
[2023/12/11 17:07:14.361] - eth_gasPrice
[2023/12/11 17:07:14.367] - eth_getBlockByNumber
[2023/12/11 17:07:14.368] - eth_subscribe
[2023/12/11 17:07:14.379] - eth_getTransactionCount
[2023/12/11 17:07:14.380] - eth_getBalance
[2023/12/11 17:07:14.381] - eth_getTransactionCount
[2023/12/11 17:07:14.383] - eth_getBalance
[2023/12/11 17:07:14.386] - eth_getTransactionCount
[2023/12/11 17:07:14.388] - eth_getBalance
[2023/12/11 17:07:14.389] - eth_getTransactionCount
[2023/12/11 17:07:14.391] - eth_getBalance
[2023/12/11 17:07:14.392] - eth_getTransactionCount
[2023/12/11 17:07:14.393] - eth_getBalance
[2023/12/11 17:07:14.395] - eth_getTransactionCount
[2023/12/11 17:07:14.396] - eth_getBalance
[2023/12/11 17:07:14.397] - eth_getTransactionCount
[2023/12/11 17:07:14.398] - eth_getBalance
[2023/12/11 17:07:14.399] - eth_getTransactionCount
[2023/12/11 17:07:14.400] - eth_getBalance
[2023/12/11 17:07:14.404] - eth_getTransactionCount
[2023/12/11 17:07:14.405] - eth_getBalance
[2023/12/11 17:07:14.407] - eth_getTransactionCount
[2023/12/11 17:07:14.468] - eth_getBalance
[2023/12/11 17:07:14.469] - eth_getTransactionCount
[2023/12/11 17:07:14.470] - eth_getBalance
[2023/12/11 17:07:14.471] - eth_getTransactionCount
[2023/12/11 17:07:14.473] - eth_getBalance
[2023/12/11 17:07:14.473] - eth_getTransactionCount
[2023/12/11 17:07:14.474] - eth_getBalance
[2023/12/11 17:07:14.476] - eth_getTransactionCount
[2023/12/11 17:07:14.476] - eth_getBalance
[2023/12/11 17:07:14.477] - eth_getTransactionCount
[2023/12/11 17:07:14.478] - eth_getBalance
[2023/12/11 17:07:14.479] - eth_getTransactionCount
[2023/12/11 17:07:14.480] - eth_getBalance
[2023/12/11 17:07:14.481] - eth_getTransactionCount
[2023/12/11 17:07:14.482] - eth_getBalance
[2023/12/11 17:07:14.483] - eth_getTransactionCount
[2023/12/11 17:07:14.484] - eth_getBalance
[2023/12/11 17:07:14.485] - eth_getTransactionCount
[2023/12/11 17:07:14.486] - eth_getBalance
[2023/12/11 17:07:14.487] - eth_getTransactionCount
[2023/12/11 17:07:14.488] - eth_getBalance
[2023/12/11 17:07:14.490] - eth_getTransactionCount
[2023/12/11 17:07:14.490] - eth_getBalance
[2023/12/11 17:07:14.492] - eth_getTransactionCount
[2023/12/11 17:07:14.493] - eth_getBalance
[2023/12/11 17:07:14.494] - eth_getTransactionCount
[2023/12/11 17:07:14.495] - eth_getBalance
[2023/12/11 17:07:14.497] - eth_getTransactionCount
[2023/12/11 17:07:14.498] - eth_getBalance
[2023/12/11 17:07:14.499] - eth_getTransactionCount
[2023/12/11 17:07:14.500] - eth_getBalance
[2023/12/11 17:07:14.502] - eth_getTransactionCount
[2023/12/11 17:07:14.503] - eth_getBalance
[2023/12/11 17:07:14.504] - eth_getTransactionCount
[2023/12/11 17:07:14.506] - eth_getBalance
[2023/12/11 17:07:14.509] - eth_getTransactionCount
[2023/12/11 17:07:14.509] - eth_getBalance
[2023/12/11 17:07:14.510] - eth_getTransactionCount
[2023/12/11 17:07:14.512] - eth_getBalance
[2023/12/11 17:07:14.514] - eth_getTransactionCount
[2023/12/11 17:33:21.882] - eth_getBlockByNumber
[2023/12/11 17:33:21.900] - eth_getBlockTransactionCountByHash
[2023/12/11 17:33:22.289] - eth_getBlockByNumber
[2023/12/11 17:33:23.345] - eth_getLogs
[2023/12/11 18:00:04.116] - eth_unsubscribe
[2023/12/11 18:00:04.119] - eth_unsubscribe
