[2023/12/11 18:14:41.901] - Starting server with initial configuration: {"gasLimit":6721975,"gasPrice":20000000000,"hardfork":"merge","hostname":"127.0.0.1","port":7545,"network_id":5777,"default_balance_ether":100,"total_accounts":10,"unlocked_accounts":[],"locked":false,"vmErrorsOnRPCResponse":true,"verbose":false,"flavor":"ethereum","db_path":"C:\\Users\\verik\\AppData\\Roaming\\Ganache\\ui\\workspaces\\Veriko-FYP\\chaindata","mnemonic":"indicate polar abuse problem wife release sister giraffe police phrase anger dove","logDirectory":"C:\\Users\\verik\\OneDrive\\Documents\\Year 3\\FYPP\\Log"}
[2023/12/11 18:14:41.975] - eth_subscribe
[2023/12/11 18:14:41.976] - eth_getLogs
[2023/12/11 18:14:41.977] - eth_subscribe
[2023/12/11 18:14:41.999] - eth_subscribe
[2023/12/11 18:14:41.999] - eth_getLogs
[2023/12/11 18:14:42.000] - eth_subscribe
[2023/12/11 18:14:42.007] - eth_blockNumber
[2023/12/11 18:14:42.008] - eth_accounts
[2023/12/11 18:14:42.008] - eth_gasPrice
[2023/12/11 18:14:42.009] - eth_getBlockByNumber
[2023/12/11 18:14:42.009] - eth_subscribe
[2023/12/11 18:14:42.010] - eth_blockNumber
[2023/12/11 18:14:42.011] - eth_accounts
[2023/12/11 18:14:42.011] - eth_gasPrice
[2023/12/11 18:14:42.011] - eth_getBlockByNumber
[2023/12/11 18:14:42.012] - eth_subscribe
[2023/12/11 18:14:42.013] - eth_accounts
[2023/12/11 18:14:42.021] - eth_getBalance
[2023/12/11 18:14:42.023] - eth_getTransactionCount
[2023/12/11 18:14:42.025] - eth_getBalance
[2023/12/11 18:14:42.027] - eth_getTransactionCount
[2023/12/11 18:14:42.031] - eth_getBalance
[2023/12/11 18:14:42.032] - eth_getTransactionCount
[2023/12/11 18:14:42.033] - eth_getBalance
[2023/12/11 18:14:42.036] - eth_getTransactionCount
[2023/12/11 18:14:42.038] - eth_getBalance
[2023/12/11 18:14:42.039] - eth_getTransactionCount
[2023/12/11 18:14:42.041] - eth_getBalance
[2023/12/11 18:14:42.042] - eth_getTransactionCount
[2023/12/11 18:14:42.043] - eth_getBalance
[2023/12/11 18:14:42.045] - eth_getTransactionCount
[2023/12/11 18:14:42.048] - eth_getBalance
[2023/12/11 18:14:42.049] - eth_getTransactionCount
[2023/12/11 18:14:42.051] - eth_getBalance
[2023/12/11 18:14:42.052] - eth_getTransactionCount
[2023/12/11 18:14:42.054] - eth_getBalance
[2023/12/11 18:14:42.056] - eth_getTransactionCount
[2023/12/11 18:14:42.069] - eth_getBalance
[2023/12/11 18:14:42.070] - eth_getTransactionCount
[2023/12/11 18:14:42.072] - eth_getBalance
[2023/12/11 18:14:42.073] - eth_getTransactionCount
[2023/12/11 18:14:42.074] - eth_getBalance
[2023/12/11 18:14:42.075] - eth_getTransactionCount
[2023/12/11 18:14:42.076] - eth_getBalance
[2023/12/11 18:14:42.078] - eth_getTransactionCount
[2023/12/11 18:14:42.079] - eth_getBalance
[2023/12/11 18:14:42.081] - eth_getTransactionCount
[2023/12/11 18:14:42.082] - eth_getBalance
[2023/12/11 18:14:42.084] - eth_getTransactionCount
[2023/12/11 18:14:42.085] - eth_getBalance
[2023/12/11 18:14:42.086] - eth_getTransactionCount
[2023/12/11 18:14:42.089] - eth_getBalance
[2023/12/11 18:14:42.092] - eth_getTransactionCount
[2023/12/11 18:14:42.093] - eth_getBalance
[2023/12/11 18:14:42.095] - eth_getTransactionCount
[2023/12/11 18:14:42.097] - eth_getBalance
[2023/12/11 18:14:42.098] - eth_getTransactionCount
[2023/12/11 18:14:42.100] - eth_getBalance
[2023/12/11 18:14:42.102] - eth_getTransactionCount
[2023/12/11 18:14:42.104] - eth_getBalance
[2023/12/11 18:14:42.106] - eth_getTransactionCount
[2023/12/11 18:14:42.107] - eth_getBalance
[2023/12/11 18:14:42.109] - eth_getTransactionCount
[2023/12/11 18:14:42.110] - eth_getBalance
[2023/12/11 18:14:42.113] - eth_getTransactionCount
[2023/12/11 18:14:42.115] - eth_getBalance
[2023/12/11 18:14:42.117] - eth_getTransactionCount
[2023/12/11 18:14:42.119] - eth_getBalance
[2023/12/11 18:14:42.127] - eth_getTransactionCount
[2023/12/11 18:14:42.128] - eth_getBalance
[2023/12/11 18:14:42.130] - eth_getTransactionCount
[2023/12/11 18:14:42.131] - eth_getBalance
[2023/12/11 18:14:42.133] - eth_getTransactionCount
[2023/12/11 18:14:42.134] - eth_getBalance
[2023/12/11 18:14:42.135] - eth_getTransactionCount
[2023/12/11 18:14:42.138] - eth_getBalance
[2023/12/11 18:14:42.142] - eth_getTransactionCount
[2023/12/11 18:14:42.172] - eth_getBalance
[2023/12/11 18:14:42.173] - eth_getTransactionCount
[2023/12/11 18:14:42.175] - eth_getBalance
[2023/12/11 18:14:42.176] - eth_getTransactionCount
[2023/12/11 18:14:42.177] - eth_getBalance
[2023/12/11 18:14:42.179] - eth_getTransactionCount
[2023/12/11 18:14:42.183] - eth_getBalance
[2023/12/11 18:14:42.186] - eth_getTransactionCount
[2023/12/11 18:14:42.189] - eth_getBalance
[2023/12/11 18:14:42.191] - eth_getTransactionCount
[2023/12/11 18:14:42.193] - eth_getBalance
[2023/12/11 18:14:42.196] - eth_getTransactionCount
[2023/12/11 18:14:42.198] - eth_getBalance
[2023/12/11 18:14:42.201] - eth_getTransactionCount
[2023/12/11 18:14:42.203] - eth_getBalance
[2023/12/11 18:14:42.206] - eth_getTransactionCount
[2023/12/11 18:14:42.208] - eth_getBalance
[2023/12/11 18:14:42.210] - eth_getTransactionCount
[2023/12/11 18:14:42.212] - eth_getBalance
[2023/12/11 18:14:42.214] - eth_getTransactionCount
[2023/12/11 18:31:27.881] - eth_unsubscribe
[2023/12/11 18:31:27.882] - eth_unsubscribe
