[2023/12/11 16:52:15.450] - Starting server with initial configuration: {"gasLimit":6721975,"gasPrice":20000000000,"hardfork":"merge","hostname":"127.0.0.1","port":7545,"network_id":5777,"default_balance_ether":100,"total_accounts":10,"unlocked_accounts":[],"locked":false,"vmErrorsOnRPCResponse":true,"verbose":false,"flavor":"ethereum","db_path":"C:\\Users\\verik\\AppData\\Roaming\\Ganache\\ui\\workspaces\\Veriko-FYP\\chaindata","mnemonic":"indicate polar abuse problem wife release sister giraffe police phrase anger dove","logDirectory":"C:\\Users\\verik\\OneDrive\\Documents\\Year 3\\FYPP\\Log"}
[2023/12/11 16:52:15.544] - eth_subscribe
[2023/12/11 16:52:15.545] - eth_getLogs
[2023/12/11 16:52:15.546] - eth_subscribe
[2023/12/11 16:52:15.569] - eth_subscribe
[2023/12/11 16:52:15.570] - eth_getLogs
[2023/12/11 16:52:15.570] - eth_subscribe
[2023/12/11 16:52:15.596] - eth_blockNumber
[2023/12/11 16:52:15.597] - eth_accounts
[2023/12/11 16:52:15.597] - eth_gasPrice
[2023/12/11 16:52:15.598] - eth_getBlockByNumber
[2023/12/11 16:52:15.598] - eth_subscribe
[2023/12/11 16:52:15.604] - eth_accounts
[2023/12/11 16:52:15.627] - eth_getBalance
[2023/12/11 16:52:15.629] - eth_getTransactionCount
[2023/12/11 16:52:15.631] - eth_getBalance
[2023/12/11 16:52:15.633] - eth_getTransactionCount
[2023/12/11 16:52:15.634] - eth_getBalance
[2023/12/11 16:52:15.636] - eth_getTransactionCount
[2023/12/11 16:52:15.638] - eth_getBalance
[2023/12/11 16:52:15.640] - eth_getTransactionCount
[2023/12/11 16:52:15.643] - eth_getBalance
[2023/12/11 16:52:15.645] - eth_getTransactionCount
[2023/12/11 16:52:15.646] - eth_getBalance
[2023/12/11 16:52:15.648] - eth_getTransactionCount
[2023/12/11 16:52:15.650] - eth_getBalance
[2023/12/11 16:52:15.652] - eth_getTransactionCount
[2023/12/11 16:52:15.654] - eth_getBalance
[2023/12/11 16:52:15.657] - eth_getTransactionCount
[2023/12/11 16:52:15.658] - eth_getBalance
[2023/12/11 16:52:15.660] - eth_getTransactionCount
[2023/12/11 16:52:15.661] - eth_getBalance
[2023/12/11 16:52:15.663] - eth_getTransactionCount
[2023/12/11 16:52:15.664] - eth_blockNumber
[2023/12/11 16:52:15.664] - eth_accounts
[2023/12/11 16:52:15.665] - eth_gasPrice
[2023/12/11 16:52:15.665] - eth_getBlockByNumber
[2023/12/11 16:52:15.665] - eth_subscribe
[2023/12/11 16:52:15.683] - eth_getTransactionCount
[2023/12/11 16:52:15.685] - eth_getBalance
[2023/12/11 16:52:15.686] - eth_getTransactionCount
[2023/12/11 16:52:15.687] - eth_getBalance
[2023/12/11 16:52:15.689] - eth_getTransactionCount
[2023/12/11 16:52:15.690] - eth_getBalance
[2023/12/11 16:52:15.691] - eth_getTransactionCount
[2023/12/11 16:52:15.692] - eth_getBalance
[2023/12/11 16:52:15.694] - eth_getTransactionCount
[2023/12/11 16:52:15.695] - eth_getBalance
[2023/12/11 16:52:15.696] - eth_getTransactionCount
[2023/12/11 16:52:15.697] - eth_getBalance
[2023/12/11 16:52:15.698] - eth_getTransactionCount
[2023/12/11 16:52:15.700] - eth_getBalance
[2023/12/11 16:52:15.701] - eth_getTransactionCount
[2023/12/11 16:52:15.703] - eth_getBalance
[2023/12/11 16:52:15.704] - eth_getTransactionCount
[2023/12/11 16:52:15.705] - eth_getBalance
[2023/12/11 16:52:15.707] - eth_getTransactionCount
[2023/12/11 16:52:15.787] - eth_getBalance
[2023/12/11 16:52:15.788] - eth_getTransactionCount
[2023/12/11 16:52:15.789] - eth_getBalance
[2023/12/11 16:52:15.790] - eth_getTransactionCount
[2023/12/11 16:52:15.792] - eth_getBalance
[2023/12/11 16:52:15.793] - eth_getTransactionCount
[2023/12/11 16:52:15.794] - eth_getBalance
[2023/12/11 16:52:15.795] - eth_getTransactionCount
[2023/12/11 16:52:15.796] - eth_getBalance
[2023/12/11 16:52:15.798] - eth_getTransactionCount
[2023/12/11 16:52:15.800] - eth_getBalance
[2023/12/11 16:52:15.802] - eth_getTransactionCount
[2023/12/11 16:52:15.803] - eth_getBalance
[2023/12/11 16:52:15.805] - eth_getTransactionCount
[2023/12/11 16:52:15.806] - eth_getBalance
[2023/12/11 16:52:15.807] - eth_getTransactionCount
[2023/12/11 16:52:15.808] - eth_getBalance
[2023/12/11 16:52:15.809] - eth_getTransactionCount
[2023/12/11 16:52:15.811] - eth_getBalance
[2023/12/11 16:52:15.812] - eth_getTransactionCount
[2023/12/11 16:52:15.825] - eth_getBalance
[2023/12/11 16:52:15.826] - eth_getTransactionCount
[2023/12/11 16:52:15.827] - eth_getBalance
[2023/12/11 16:52:15.829] - eth_getTransactionCount
[2023/12/11 16:52:15.830] - eth_getBalance
[2023/12/11 16:52:15.832] - eth_getTransactionCount
[2023/12/11 16:52:15.834] - eth_getBalance
[2023/12/11 16:52:15.835] - eth_getTransactionCount
[2023/12/11 16:52:15.836] - eth_getBalance
[2023/12/11 16:52:15.837] - eth_getTransactionCount
[2023/12/11 16:52:15.839] - eth_getBalance
[2023/12/11 16:52:15.840] - eth_getTransactionCount
[2023/12/11 16:52:15.841] - eth_getBalance
[2023/12/11 16:52:15.844] - eth_getTransactionCount
[2023/12/11 16:52:15.845] - eth_getBalance
[2023/12/11 16:52:15.846] - eth_getTransactionCount
[2023/12/11 16:52:15.847] - eth_getBalance
[2023/12/11 16:52:15.849] - eth_getTransactionCount
[2023/12/11 16:52:15.850] - eth_getBalance
[2023/12/11 16:52:15.851] - eth_getTransactionCount
[2023/12/11 17:06:14.334] - eth_unsubscribe
[2023/12/11 17:06:14.335] - eth_unsubscribe
