[2023/12/14 03:06:08.987] - Starting server with initial configuration: {"gasLimit":6721975,"gasPrice":20000000000,"hardfork":"merge","hostname":"127.0.0.1","port":7545,"network_id":5777,"default_balance_ether":100,"total_accounts":10,"unlocked_accounts":[],"locked":false,"vmErrorsOnRPCResponse":true,"verbose":false,"flavor":"ethereum","db_path":"C:\\Users\\verik\\AppData\\Roaming\\Ganache\\ui\\workspaces\\Veriko-FYP\\chaindata","mnemonic":"indicate polar abuse problem wife release sister giraffe police phrase anger dove","logDirectory":"C:\\Users\\verik\\OneDrive\\Documents\\Year 3\\FYPP\\Log"}
[2023/12/14 03:06:09.101] - eth_getCode
[2023/12/14 03:06:09.102] - eth_subscribe
[2023/12/14 03:06:09.103] - eth_getLogs
[2023/12/14 03:06:09.104] - eth_subscribe
[2023/12/14 03:06:09.111] - eth_getCode
[2023/12/14 03:06:09.112] - eth_subscribe
[2023/12/14 03:06:09.113] - eth_getLogs
[2023/12/14 03:06:09.114] - eth_subscribe
[2023/12/14 03:06:09.151] - eth_blockNumber
[2023/12/14 03:06:09.152] - eth_accounts
[2023/12/14 03:06:09.152] - eth_gasPrice
[2023/12/14 03:06:09.153] - eth_getBlockByNumber
[2023/12/14 03:06:09.153] - eth_subscribe
[2023/12/14 03:06:09.155] - eth_blockNumber
[2023/12/14 03:06:09.155] - eth_accounts
[2023/12/14 03:06:09.156] - eth_gasPrice
[2023/12/14 03:06:09.156] - eth_getBlockByNumber
[2023/12/14 03:06:09.157] - eth_subscribe
[2023/12/14 03:06:09.163] - eth_accounts
[2023/12/14 03:06:09.178] - eth_getBalance
[2023/12/14 03:06:09.180] - eth_getTransactionCount
[2023/12/14 03:06:09.182] - eth_getBalance
[2023/12/14 03:06:09.184] - eth_getTransactionCount
[2023/12/14 03:06:09.187] - eth_getBalance
[2023/12/14 03:06:09.189] - eth_getTransactionCount
[2023/12/14 03:06:09.191] - eth_getBalance
[2023/12/14 03:06:09.194] - eth_getTransactionCount
[2023/12/14 03:06:09.196] - eth_getBalance
[2023/12/14 03:06:09.200] - eth_getTransactionCount
[2023/12/14 03:06:09.202] - eth_getBalance
[2023/12/14 03:06:09.205] - eth_getTransactionCount
[2023/12/14 03:06:09.208] - eth_getBalance
[2023/12/14 03:06:09.210] - eth_getTransactionCount
[2023/12/14 03:06:09.214] - eth_getBalance
[2023/12/14 03:06:09.216] - eth_getTransactionCount
[2023/12/14 03:06:09.218] - eth_getBalance
[2023/12/14 03:06:09.221] - eth_getTransactionCount
[2023/12/14 03:06:09.224] - eth_getBalance
[2023/12/14 03:06:09.229] - eth_getTransactionCount
[2023/12/14 03:06:09.264] - eth_getBalance
[2023/12/14 03:06:09.267] - eth_getTransactionCount
[2023/12/14 03:06:09.269] - eth_getBalance
[2023/12/14 03:06:09.271] - eth_getTransactionCount
[2023/12/14 03:06:09.274] - eth_getBalance
[2023/12/14 03:06:09.278] - eth_getTransactionCount
[2023/12/14 03:06:09.281] - eth_getBalance
[2023/12/14 03:06:09.284] - eth_getTransactionCount
[2023/12/14 03:06:09.287] - eth_getBalance
[2023/12/14 03:06:09.292] - eth_getTransactionCount
[2023/12/14 03:06:09.294] - eth_getBalance
[2023/12/14 03:06:09.296] - eth_getTransactionCount
[2023/12/14 03:06:09.299] - eth_getBalance
[2023/12/14 03:06:09.301] - eth_getTransactionCount
[2023/12/14 03:06:09.305] - eth_getBalance
[2023/12/14 03:06:09.308] - eth_getTransactionCount
[2023/12/14 03:06:09.311] - eth_getBalance
[2023/12/14 03:06:09.313] - eth_getTransactionCount
[2023/12/14 03:06:09.316] - eth_getBalance
[2023/12/14 03:06:09.320] - eth_getTransactionCount
[2023/12/14 03:06:09.323] - eth_getBalance
[2023/12/14 03:06:09.326] - eth_getTransactionCount
[2023/12/14 03:06:09.329] - eth_getBalance
[2023/12/14 03:06:09.332] - eth_getTransactionCount
[2023/12/14 03:06:09.335] - eth_getBalance
[2023/12/14 03:06:09.338] - eth_getTransactionCount
[2023/12/14 03:06:09.341] - eth_getBalance
[2023/12/14 03:06:09.344] - eth_getTransactionCount
[2023/12/14 03:06:09.347] - eth_getBalance
[2023/12/14 03:06:09.354] - eth_getTransactionCount
[2023/12/14 03:06:09.357] - eth_getBalance
[2023/12/14 03:06:09.360] - eth_getTransactionCount
[2023/12/14 03:06:09.363] - eth_getBalance
[2023/12/14 03:06:09.366] - eth_getTransactionCount
[2023/12/14 03:06:09.370] - eth_getBalance
[2023/12/14 03:06:09.372] - eth_getTransactionCount
[2023/12/14 03:06:09.375] - eth_getBalance
[2023/12/14 03:06:09.378] - eth_getTransactionCount
[2023/12/14 03:06:09.382] - eth_getBalance
[2023/12/14 03:06:09.387] - eth_getTransactionCount
[2023/12/14 03:06:09.417] - eth_getTransactionCount
[2023/12/14 03:06:09.419] - eth_getBalance
[2023/12/14 03:06:09.422] - eth_getTransactionCount
[2023/12/14 03:06:09.426] - eth_getBalance
[2023/12/14 03:06:09.429] - eth_getTransactionCount
[2023/12/14 03:06:09.432] - eth_getBalance
[2023/12/14 03:06:09.436] - eth_getTransactionCount
[2023/12/14 03:06:09.438] - eth_getBalance
[2023/12/14 03:06:09.441] - eth_getTransactionCount
[2023/12/14 03:06:09.445] - eth_getBalance
[2023/12/14 03:06:09.447] - eth_getTransactionCount
[2023/12/14 03:06:09.450] - eth_getBalance
[2023/12/14 03:06:09.453] - eth_getTransactionCount
[2023/12/14 03:06:09.457] - eth_getBalance
[2023/12/14 03:06:09.460] - eth_getTransactionCount
[2023/12/14 03:06:09.463] - eth_getBalance
[2023/12/14 03:06:09.466] - eth_getTransactionCount
[2023/12/14 03:06:09.469] - eth_getBalance
[2023/12/14 03:06:09.472] - eth_getTransactionCount
[2023/12/14 03:07:06.679] - eth_unsubscribe
[2023/12/14 03:07:06.681] - eth_unsubscribe
