[2023/12/14 03:04:41.278] - Starting server with initial configuration: {"gasLimit":6721975,"gasPrice":20000000000,"hardfork":"merge","hostname":"127.0.0.1","port":7545,"network_id":5777,"default_balance_ether":100,"total_accounts":10,"unlocked_accounts":[],"locked":false,"vmErrorsOnRPCResponse":true,"verbose":false,"flavor":"ethereum","db_path":"C:\\Users\\verik\\AppData\\Roaming\\Ganache\\ui\\workspaces\\Veriko-FYP\\chaindata","mnemonic":"indicate polar abuse problem wife release sister giraffe police phrase anger dove","logDirectory":"C:\\Users\\verik\\OneDrive\\Documents\\Year 3\\FYPP\\Log"}
[2023/12/14 03:04:41.413] - eth_getCode
[2023/12/14 03:04:41.414] - eth_subscribe
[2023/12/14 03:04:41.415] - eth_getLogs
[2023/12/14 03:04:41.416] - eth_subscribe
[2023/12/14 03:04:41.418] - eth_getCode
[2023/12/14 03:04:41.418] - eth_subscribe
[2023/12/14 03:04:41.419] - eth_getLogs
[2023/12/14 03:04:41.419] - eth_subscribe
[2023/12/14 03:04:41.421] - eth_blockNumber
[2023/12/14 03:04:41.421] - eth_accounts
[2023/12/14 03:04:41.421] - eth_gasPrice
[2023/12/14 03:04:41.422] - eth_getBlockByNumber
[2023/12/14 03:04:41.422] - eth_subscribe
[2023/12/14 03:04:41.424] - eth_blockNumber
[2023/12/14 03:04:41.424] - eth_accounts
[2023/12/14 03:04:41.425] - eth_gasPrice
[2023/12/14 03:04:41.425] - eth_getBlockByNumber
[2023/12/14 03:04:41.425] - eth_subscribe
[2023/12/14 03:04:41.434] - eth_accounts
[2023/12/14 03:04:41.454] - eth_getBalance
[2023/12/14 03:04:41.456] - eth_getTransactionCount
[2023/12/14 03:04:41.458] - eth_getBalance
[2023/12/14 03:04:41.460] - eth_getTransactionCount
[2023/12/14 03:04:41.463] - eth_getBalance
[2023/12/14 03:04:41.465] - eth_getTransactionCount
[2023/12/14 03:04:41.467] - eth_getBalance
[2023/12/14 03:04:41.469] - eth_getTransactionCount
[2023/12/14 03:04:41.472] - eth_getBalance
[2023/12/14 03:04:41.475] - eth_getTransactionCount
[2023/12/14 03:04:41.476] - eth_getBalance
[2023/12/14 03:04:41.479] - eth_getTransactionCount
[2023/12/14 03:04:41.481] - eth_getBalance
[2023/12/14 03:04:41.483] - eth_getTransactionCount
[2023/12/14 03:04:41.486] - eth_getBalance
[2023/12/14 03:04:41.488] - eth_getTransactionCount
[2023/12/14 03:04:41.490] - eth_getBalance
[2023/12/14 03:04:41.492] - eth_getTransactionCount
[2023/12/14 03:04:41.493] - eth_getBalance
[2023/12/14 03:04:41.496] - eth_getTransactionCount
[2023/12/14 03:04:41.501] - eth_getBalance
[2023/12/14 03:04:41.504] - eth_getTransactionCount
[2023/12/14 03:04:41.507] - eth_getBalance
[2023/12/14 03:04:41.509] - eth_getTransactionCount
[2023/12/14 03:04:41.511] - eth_getBalance
[2023/12/14 03:04:41.513] - eth_getTransactionCount
[2023/12/14 03:04:41.515] - eth_getBalance
[2023/12/14 03:04:41.517] - eth_getTransactionCount
[2023/12/14 03:04:41.520] - eth_getBalance
[2023/12/14 03:04:41.522] - eth_getTransactionCount
[2023/12/14 03:04:41.524] - eth_getBalance
[2023/12/14 03:04:41.525] - eth_getTransactionCount
[2023/12/14 03:04:41.528] - eth_getBalance
[2023/12/14 03:04:41.530] - eth_getTransactionCount
[2023/12/14 03:04:41.532] - eth_getBalance
[2023/12/14 03:04:41.534] - eth_getTransactionCount
[2023/12/14 03:04:41.538] - eth_getBalance
[2023/12/14 03:04:41.540] - eth_getTransactionCount
[2023/12/14 03:04:41.542] - eth_getBalance
[2023/12/14 03:04:41.544] - eth_getTransactionCount
[2023/12/14 03:04:41.546] - eth_getBalance
[2023/12/14 03:04:41.549] - eth_getTransactionCount
[2023/12/14 03:04:41.552] - eth_getBalance
[2023/12/14 03:04:41.554] - eth_getTransactionCount
[2023/12/14 03:04:41.556] - eth_getBalance
[2023/12/14 03:04:41.558] - eth_getTransactionCount
[2023/12/14 03:04:41.560] - eth_getBalance
[2023/12/14 03:04:41.563] - eth_getTransactionCount
[2023/12/14 03:04:41.565] - eth_getBalance
[2023/12/14 03:04:41.567] - eth_getTransactionCount
[2023/12/14 03:04:41.569] - eth_getBalance
[2023/12/14 03:04:41.571] - eth_getTransactionCount
[2023/12/14 03:04:41.574] - eth_getBalance
[2023/12/14 03:04:41.576] - eth_getTransactionCount
[2023/12/14 03:04:41.578] - eth_getBalance
[2023/12/14 03:04:41.580] - eth_getTransactionCount
[2023/12/14 03:04:41.582] - eth_getBalance
[2023/12/14 03:04:41.585] - eth_getTransactionCount
[2023/12/14 03:04:41.587] - eth_getBalance
[2023/12/14 03:04:41.589] - eth_getTransactionCount
[2023/12/14 03:04:41.646] - eth_getBalance
[2023/12/14 03:04:41.649] - eth_getTransactionCount
[2023/12/14 03:04:41.652] - eth_getBalance
[2023/12/14 03:04:41.655] - eth_getTransactionCount
[2023/12/14 03:04:41.658] - eth_getBalance
[2023/12/14 03:04:41.662] - eth_getTransactionCount
[2023/12/14 03:04:41.664] - eth_getBalance
[2023/12/14 03:04:41.671] - eth_getTransactionCount
[2023/12/14 03:04:41.673] - eth_getBalance
[2023/12/14 03:04:41.675] - eth_getTransactionCount
[2023/12/14 03:04:41.677] - eth_getBalance
[2023/12/14 03:04:41.680] - eth_getTransactionCount
[2023/12/14 03:04:41.682] - eth_getBalance
[2023/12/14 03:04:41.684] - eth_getTransactionCount
[2023/12/14 03:04:41.686] - eth_getBalance
[2023/12/14 03:04:41.688] - eth_getTransactionCount
[2023/12/14 03:04:41.690] - eth_getBalance
[2023/12/14 03:04:41.694] - eth_getTransactionCount
[2023/12/14 03:04:41.696] - eth_getBalance
[2023/12/14 03:04:41.698] - eth_getTransactionCount
[2023/12/14 03:04:43.293] - eth_getBlockByNumber
[2023/12/14 03:04:43.307] - eth_getBlockTransactionCountByHash
[2023/12/14 03:04:43.321] - eth_getBlockByNumber
[2023/12/14 03:04:43.331] - eth_getBlockTransactionCountByHash
[2023/12/14 03:04:43.342] - eth_getBlockByNumber
[2023/12/14 03:04:43.355] - eth_getBlockTransactionCountByHash
[2023/12/14 03:04:43.366] - eth_getBlockByNumber
[2023/12/14 03:04:43.379] - eth_getBlockTransactionCountByHash
[2023/12/14 03:04:43.392] - eth_getBlockByNumber
[2023/12/14 03:04:43.407] - eth_getBlockTransactionCountByHash
[2023/12/14 03:04:43.421] - eth_getBlockByNumber
[2023/12/14 03:04:43.433] - eth_getBlockTransactionCountByHash
[2023/12/14 03:04:43.446] - eth_getBlockByNumber
[2023/12/14 03:04:43.457] - eth_getBlockTransactionCountByHash
[2023/12/14 03:04:43.469] - eth_getBlockByNumber
[2023/12/14 03:04:43.483] - eth_getBlockTransactionCountByHash
[2023/12/14 03:04:43.502] - eth_getBlockByNumber
[2023/12/14 03:04:43.515] - eth_getBlockTransactionCountByHash
[2023/12/14 03:04:43.527] - eth_getBlockByNumber
[2023/12/14 03:04:43.546] - eth_getBlockTransactionCountByHash
[2023/12/14 03:04:43.565] - eth_getBlockByNumber
[2023/12/14 03:04:43.574] - eth_getBlockTransactionCountByHash
[2023/12/14 03:05:00.978] - eth_getBlockByNumber
[2023/12/14 03:05:01.008] - eth_getTransactionReceipt
[2023/12/14 03:05:01.027] - eth_getBlockByNumber
[2023/12/14 03:05:01.040] - eth_getTransactionReceipt
[2023/12/14 03:05:01.055] - eth_getBlockByNumber
[2023/12/14 03:05:01.067] - eth_getTransactionReceipt
[2023/12/14 03:05:01.084] - eth_getBlockByNumber
[2023/12/14 03:05:01.100] - eth_getTransactionReceipt
[2023/12/14 03:05:01.115] - eth_getBlockByNumber
[2023/12/14 03:05:01.127] - eth_getTransactionReceipt
[2023/12/14 03:05:01.142] - eth_getBlockByNumber
[2023/12/14 03:05:01.154] - eth_getTransactionReceipt
[2023/12/14 03:05:01.170] - eth_getBlockByNumber
[2023/12/14 03:05:01.183] - eth_getTransactionReceipt
[2023/12/14 03:05:01.196] - eth_getBlockByNumber
[2023/12/14 03:05:01.209] - eth_getTransactionReceipt
[2023/12/14 03:05:01.225] - eth_getBlockByNumber
[2023/12/14 03:05:01.236] - eth_getTransactionReceipt
[2023/12/14 03:05:01.249] - eth_getBlockByNumber
[2023/12/14 03:05:01.258] - eth_getTransactionReceipt
[2023/12/14 03:05:01.282] - eth_getBlockByNumber
[2023/12/14 03:05:07.659] - eth_getLogs
[2023/12/14 03:05:10.072] - eth_getTransactionByHash
[2023/12/14 03:05:55.469] - eth_unsubscribe
[2023/12/14 03:05:55.470] - eth_unsubscribe
