[2023/12/11 18:35:01.723] - Starting server with initial configuration: {"gasLimit":6721975,"gasPrice":20000000000,"hardfork":"merge","hostname":"127.0.0.1","port":7545,"network_id":5777,"default_balance_ether":100,"total_accounts":10,"unlocked_accounts":[],"locked":false,"vmErrorsOnRPCResponse":true,"verbose":false,"flavor":"ethereum","db_path":"C:\\Users\\verik\\AppData\\Roaming\\Ganache\\ui\\workspaces\\Veriko-FYP\\chaindata","mnemonic":"indicate polar abuse problem wife release sister giraffe police phrase anger dove","logDirectory":"C:\\Users\\verik\\OneDrive\\Documents\\Year 3\\FYPP\\Log"}
[2023/12/11 18:35:01.840] - eth_subscribe
[2023/12/11 18:35:01.842] - eth_getLogs
[2023/12/11 18:35:01.843] - eth_subscribe
[2023/12/11 18:35:01.873] - eth_subscribe
[2023/12/11 18:35:01.874] - eth_getLogs
[2023/12/11 18:35:01.875] - eth_subscribe
[2023/12/11 18:35:01.901] - eth_gasPrice
[2023/12/11 18:35:01.902] - eth_getBlockByNumber
[2023/12/11 18:35:01.902] - eth_subscribe
[2023/12/11 18:35:01.929] - eth_blockNumber
[2023/12/11 18:35:01.930] - eth_accounts
[2023/12/11 18:35:01.930] - eth_gasPrice
[2023/12/11 18:35:01.931] - eth_getBlockByNumber
[2023/12/11 18:35:01.931] - eth_subscribe
[2023/12/11 18:35:01.932] - eth_blockNumber
[2023/12/11 18:35:01.932] - eth_accounts
[2023/12/11 18:35:01.941] - eth_accounts
[2023/12/11 18:35:01.971] - eth_getBalance
[2023/12/11 18:35:01.973] - eth_getTransactionCount
[2023/12/11 18:35:01.976] - eth_getBalance
[2023/12/11 18:35:01.979] - eth_getTransactionCount
[2023/12/11 18:35:01.981] - eth_getBalance
[2023/12/11 18:35:01.986] - eth_getTransactionCount
[2023/12/11 18:35:01.989] - eth_getBalance
[2023/12/11 18:35:01.993] - eth_getTransactionCount
[2023/12/11 18:35:01.998] - eth_getBalance
[2023/12/11 18:35:02.000] - eth_getTransactionCount
[2023/12/11 18:35:02.003] - eth_getBalance
[2023/12/11 18:35:02.006] - eth_getTransactionCount
[2023/12/11 18:35:02.008] - eth_getBalance
[2023/12/11 18:35:02.011] - eth_getTransactionCount
[2023/12/11 18:35:02.013] - eth_getBalance
[2023/12/11 18:35:02.015] - eth_getTransactionCount
[2023/12/11 18:35:02.018] - eth_getBalance
[2023/12/11 18:35:02.020] - eth_getTransactionCount
[2023/12/11 18:35:02.022] - eth_getBalance
[2023/12/11 18:35:02.025] - eth_getTransactionCount
[2023/12/11 18:35:02.030] - eth_getBalance
[2023/12/11 18:35:02.032] - eth_getTransactionCount
[2023/12/11 18:35:02.034] - eth_getBalance
[2023/12/11 18:35:02.037] - eth_getTransactionCount
[2023/12/11 18:35:02.039] - eth_getBalance
[2023/12/11 18:35:02.041] - eth_getTransactionCount
[2023/12/11 18:35:02.044] - eth_getBalance
[2023/12/11 18:35:02.046] - eth_getTransactionCount
[2023/12/11 18:35:02.049] - eth_getBalance
[2023/12/11 18:35:02.053] - eth_getTransactionCount
[2023/12/11 18:35:02.055] - eth_getBalance
[2023/12/11 18:35:02.057] - eth_getTransactionCount
[2023/12/11 18:35:02.060] - eth_getBalance
[2023/12/11 18:35:02.063] - eth_getTransactionCount
[2023/12/11 18:35:02.065] - eth_getBalance
[2023/12/11 18:35:02.067] - eth_getTransactionCount
[2023/12/11 18:35:02.070] - eth_getBalance
[2023/12/11 18:35:02.072] - eth_getTransactionCount
[2023/12/11 18:35:02.075] - eth_getBalance
[2023/12/11 18:35:02.077] - eth_getTransactionCount
[2023/12/11 18:35:02.079] - eth_getBalance
[2023/12/11 18:35:02.081] - eth_getTransactionCount
[2023/12/11 18:35:02.084] - eth_getBalance
[2023/12/11 18:35:02.086] - eth_getTransactionCount
[2023/12/11 18:35:02.088] - eth_getBalance
[2023/12/11 18:35:02.091] - eth_getTransactionCount
[2023/12/11 18:35:02.093] - eth_getBalance
[2023/12/11 18:35:02.095] - eth_getTransactionCount
[2023/12/11 18:35:02.098] - eth_getBalance
[2023/12/11 18:35:02.100] - eth_getTransactionCount
[2023/12/11 18:35:02.104] - eth_getBalance
[2023/12/11 18:35:02.107] - eth_getTransactionCount
[2023/12/11 18:35:02.109] - eth_getBalance
[2023/12/11 18:35:02.112] - eth_getTransactionCount
[2023/12/11 18:35:02.115] - eth_getBalance
[2023/12/11 18:35:02.118] - eth_getTransactionCount
[2023/12/11 18:35:02.122] - eth_getBalance
[2023/12/11 18:35:02.124] - eth_getTransactionCount
[2023/12/11 18:35:02.128] - eth_getBalance
[2023/12/11 18:35:02.130] - eth_getTransactionCount
[2023/12/11 18:35:02.154] - eth_getBalance
[2023/12/11 18:35:02.156] - eth_getTransactionCount
[2023/12/11 18:35:02.159] - eth_getBalance
[2023/12/11 18:35:02.161] - eth_getTransactionCount
[2023/12/11 18:35:02.165] - eth_getBalance
[2023/12/11 18:35:02.167] - eth_getTransactionCount
[2023/12/11 18:35:02.170] - eth_getBalance
[2023/12/11 18:35:02.173] - eth_getTransactionCount
[2023/12/11 18:35:02.174] - eth_getBalance
[2023/12/11 18:35:02.177] - eth_getTransactionCount
[2023/12/11 18:35:02.179] - eth_getBalance
[2023/12/11 18:35:02.182] - eth_getTransactionCount
[2023/12/11 18:35:02.184] - eth_getBalance
[2023/12/11 18:35:02.187] - eth_getTransactionCount
[2023/12/11 18:35:02.189] - eth_getBalance
[2023/12/11 18:35:02.192] - eth_getTransactionCount
[2023/12/11 18:35:02.194] - eth_getBalance
[2023/12/11 18:35:02.197] - eth_getTransactionCount
[2023/12/11 18:35:02.200] - eth_getBalance
[2023/12/11 18:35:02.202] - eth_getTransactionCount
[2023/12/11 18:35:12.081] - eth_blockNumber
[2023/12/11 18:35:12.098] - net_version
[2023/12/11 18:35:12.103] - eth_accounts
[2023/12/11 18:35:12.113] - eth_blockNumber
[2023/12/11 18:35:12.117] - net_version
[2023/12/11 18:35:13.222] - eth_accounts
[2023/12/11 18:35:13.789] - evm_snapshot
[2023/12/11 18:35:13.790] - Saved snapshot #1
[2023/12/11 18:35:13.812] - net_version
[2023/12/11 18:35:13.815] - eth_blockNumber
[2023/12/11 18:35:13.825] - net_version
[2023/12/11 18:35:13.828] - eth_getBlockByNumber
[2023/12/11 18:35:13.843] - eth_getBlockByNumber
[2023/12/11 18:35:13.846] - eth_getLogs
[2023/12/11 18:35:46.505] - eth_unsubscribe
[2023/12/11 18:35:46.506] - eth_unsubscribe
