[2023/12/13 17:02:10.165] - Starting server with initial configuration: {"gasLimit":6721975,"gasPrice":20000000000,"hardfork":"merge","hostname":"127.0.0.1","port":7545,"network_id":5777,"default_balance_ether":100,"total_accounts":10,"unlocked_accounts":[],"locked":false,"vmErrorsOnRPCResponse":true,"verbose":false,"flavor":"ethereum","db_path":"C:\\Users\\verik\\AppData\\Roaming\\Ganache\\ui\\workspaces\\Veriko-FYP\\chaindata","mnemonic":"indicate polar abuse problem wife release sister giraffe police phrase anger dove","logDirectory":"C:\\Users\\verik\\OneDrive\\Documents\\Year 3\\FYPP\\Log"}
[2023/12/13 17:02:10.298] - eth_subscribe
[2023/12/13 17:02:10.300] - eth_getLogs
[2023/12/13 17:02:10.301] - eth_subscribe
[2023/12/13 17:02:10.339] - eth_subscribe
[2023/12/13 17:02:10.340] - eth_getLogs
[2023/12/13 17:02:10.340] - eth_subscribe
[2023/12/13 17:02:10.379] - eth_blockNumber
[2023/12/13 17:02:10.380] - eth_accounts
[2023/12/13 17:02:10.381] - eth_gasPrice
[2023/12/13 17:02:10.381] - eth_getBlockByNumber
[2023/12/13 17:02:10.381] - eth_subscribe
[2023/12/13 17:02:10.393] - eth_accounts
[2023/12/13 17:02:10.424] - eth_getBalance
[2023/12/13 17:02:10.428] - eth_getTransactionCount
[2023/12/13 17:02:10.431] - eth_getBalance
[2023/12/13 17:02:10.434] - eth_getTransactionCount
[2023/12/13 17:02:10.438] - eth_getBalance
[2023/12/13 17:02:10.441] - eth_getTransactionCount
[2023/12/13 17:02:10.444] - eth_getBalance
[2023/12/13 17:02:10.447] - eth_getTransactionCount
[2023/12/13 17:02:10.451] - eth_getBalance
[2023/12/13 17:02:10.455] - eth_getTransactionCount
[2023/12/13 17:02:10.458] - eth_getBalance
[2023/12/13 17:02:10.461] - eth_getTransactionCount
[2023/12/13 17:02:10.464] - eth_getBalance
[2023/12/13 17:02:10.466] - eth_getTransactionCount
[2023/12/13 17:02:10.471] - eth_getBalance
[2023/12/13 17:02:10.473] - eth_getTransactionCount
[2023/12/13 17:02:10.476] - eth_getBalance
[2023/12/13 17:02:10.478] - eth_getTransactionCount
[2023/12/13 17:02:10.480] - eth_getBalance
[2023/12/13 17:02:10.483] - eth_getTransactionCount
[2023/12/13 17:02:10.486] - eth_blockNumber
[2023/12/13 17:02:10.486] - eth_accounts
[2023/12/13 17:02:10.487] - eth_gasPrice
[2023/12/13 17:02:10.487] - eth_getBlockByNumber
[2023/12/13 17:02:10.487] - eth_subscribe
[2023/12/13 17:02:10.504] - eth_getTransactionCount
[2023/12/13 17:02:10.506] - eth_getBalance
[2023/12/13 17:02:10.509] - eth_getTransactionCount
[2023/12/13 17:02:10.512] - eth_getBalance
[2023/12/13 17:02:10.514] - eth_getTransactionCount
[2023/12/13 17:02:10.516] - eth_getBalance
[2023/12/13 17:02:10.519] - eth_getTransactionCount
[2023/12/13 17:02:10.521] - eth_getBalance
[2023/12/13 17:02:10.524] - eth_getTransactionCount
[2023/12/13 17:02:10.526] - eth_getBalance
[2023/12/13 17:02:10.528] - eth_getTransactionCount
[2023/12/13 17:02:10.531] - eth_getBalance
[2023/12/13 17:02:10.534] - eth_getTransactionCount
[2023/12/13 17:02:10.537] - eth_getBalance
[2023/12/13 17:02:10.539] - eth_getTransactionCount
[2023/12/13 17:02:10.541] - eth_getBalance
[2023/12/13 17:02:10.543] - eth_getTransactionCount
[2023/12/13 17:02:10.546] - eth_getBalance
[2023/12/13 17:02:10.549] - eth_getTransactionCount
[2023/12/13 17:02:10.743] - eth_getBalance
[2023/12/13 17:02:10.746] - eth_getTransactionCount
[2023/12/13 17:02:10.749] - eth_getBalance
[2023/12/13 17:02:10.752] - eth_getTransactionCount
[2023/12/13 17:02:10.754] - eth_getBalance
[2023/12/13 17:02:10.757] - eth_getTransactionCount
[2023/12/13 17:02:10.761] - eth_getBalance
[2023/12/13 17:02:10.764] - eth_getTransactionCount
[2023/12/13 17:02:10.766] - eth_getBalance
[2023/12/13 17:02:10.769] - eth_getTransactionCount
[2023/12/13 17:02:10.771] - eth_getBalance
[2023/12/13 17:02:10.774] - eth_getTransactionCount
[2023/12/13 17:02:10.777] - eth_getBalance
[2023/12/13 17:02:10.780] - eth_getTransactionCount
[2023/12/13 17:02:10.787] - eth_getBalance
[2023/12/13 17:02:10.791] - eth_getTransactionCount
[2023/12/13 17:02:10.795] - eth_getBalance
[2023/12/13 17:02:10.798] - eth_getTransactionCount
[2023/12/13 17:02:10.802] - eth_getBalance
[2023/12/13 17:02:10.804] - eth_getTransactionCount
[2023/12/13 17:02:10.807] - eth_getBalance
[2023/12/13 17:02:10.809] - eth_getTransactionCount
[2023/12/13 17:02:10.811] - eth_getBalance
[2023/12/13 17:02:10.816] - eth_getTransactionCount
[2023/12/13 17:02:10.818] - eth_getBalance
[2023/12/13 17:02:10.820] - eth_getTransactionCount
[2023/12/13 17:02:10.824] - eth_getBalance
[2023/12/13 17:02:10.826] - eth_getTransactionCount
[2023/12/13 17:02:10.828] - eth_getBalance
[2023/12/13 17:02:10.831] - eth_getTransactionCount
[2023/12/13 17:02:10.833] - eth_getBalance
[2023/12/13 17:02:10.836] - eth_getTransactionCount
[2023/12/13 17:02:10.840] - eth_getBalance
[2023/12/13 17:02:10.842] - eth_getTransactionCount
[2023/12/13 17:02:10.844] - eth_getBalance
[2023/12/13 17:02:10.847] - eth_getTransactionCount
[2023/12/13 17:02:10.850] - eth_getBalance
[2023/12/13 17:02:10.852] - eth_getTransactionCount
[2023/12/13 17:02:10.854] - eth_getBalance
[2023/12/13 17:02:10.857] - eth_getTransactionCount
[2023/12/13 17:24:41.081] - eth_getBlockByNumber
[2023/12/13 17:24:41.096] - eth_getBlockTransactionCountByHash
[2023/12/13 17:24:41.107] - eth_getBlockByNumber
[2023/12/13 17:24:41.119] - eth_getBlockTransactionCountByHash
[2023/12/13 17:24:41.129] - eth_getBlockByNumber
[2023/12/13 17:24:41.138] - eth_getBlockTransactionCountByHash
[2023/12/13 17:24:41.147] - eth_getBlockByNumber
[2023/12/13 17:24:41.156] - eth_getBlockTransactionCountByHash
[2023/12/13 17:24:41.164] - eth_getBlockByNumber
[2023/12/13 17:24:41.173] - eth_getBlockTransactionCountByHash
[2023/12/13 17:24:41.183] - eth_getBlockByNumber
[2023/12/13 17:24:41.192] - eth_getBlockTransactionCountByHash
[2023/12/13 17:24:41.201] - eth_getBlockByNumber
[2023/12/13 17:24:41.209] - eth_getBlockTransactionCountByHash
[2023/12/13 17:24:41.217] - eth_getBlockByNumber
[2023/12/13 17:24:41.225] - eth_getBlockTransactionCountByHash
[2023/12/13 17:24:41.233] - eth_getBlockByNumber
[2023/12/13 17:24:41.242] - eth_getBlockTransactionCountByHash
[2023/12/13 17:24:41.252] - eth_getBlockByNumber
[2023/12/13 17:24:41.259] - eth_getBlockTransactionCountByHash
[2023/12/13 17:24:45.627] - eth_getBlockByNumber
[2023/12/13 17:24:45.641] - eth_getTransactionReceipt
[2023/12/13 17:24:45.955] - eth_getTransactionByHash
[2023/12/13 17:24:45.960] - eth_getBlockByNumber
[2023/12/13 17:24:45.974] - eth_getTransactionReceipt
[2023/12/13 17:24:46.002] - eth_getBlockByNumber
[2023/12/13 17:24:46.012] - eth_getTransactionReceipt
[2023/12/13 17:24:46.023] - eth_getBlockByNumber
[2023/12/13 17:24:46.034] - eth_getTransactionReceipt
[2023/12/13 17:24:46.044] - eth_getBlockByNumber
[2023/12/13 17:24:46.052] - eth_getTransactionReceipt
[2023/12/13 17:24:46.067] - eth_getBlockByNumber
[2023/12/13 17:24:46.075] - eth_getTransactionReceipt
[2023/12/13 17:24:46.087] - eth_getBlockByNumber
[2023/12/13 17:24:46.095] - eth_getTransactionReceipt
[2023/12/13 17:24:46.105] - eth_getBlockByNumber
[2023/12/13 17:24:46.116] - eth_getTransactionReceipt
[2023/12/13 17:24:46.127] - eth_getBlockByNumber
[2023/12/13 17:24:46.137] - eth_getTransactionReceipt
[2023/12/13 17:24:46.148] - eth_getBlockByNumber
[2023/12/13 19:44:36.561] - eth_unsubscribe
[2023/12/13 19:44:36.564] - eth_unsubscribe
