[2023/12/11 18:40:39.947] - Starting server with initial configuration: {"gasLimit":6721975,"gasPrice":20000000000,"hardfork":"merge","hostname":"127.0.0.1","port":7545,"network_id":5777,"default_balance_ether":100,"total_accounts":10,"unlocked_accounts":[],"locked":false,"vmErrorsOnRPCResponse":true,"verbose":false,"flavor":"ethereum","db_path":"C:\\Users\\verik\\AppData\\Roaming\\Ganache\\ui\\workspaces\\Veriko-FYP\\chaindata","mnemonic":"indicate polar abuse problem wife release sister giraffe police phrase anger dove","logDirectory":"C:\\Users\\verik\\OneDrive\\Documents\\Year 3\\FYPP\\Log"}
[2023/12/11 18:40:40.051] - eth_subscribe
[2023/12/11 18:40:40.052] - eth_getLogs
[2023/12/11 18:40:40.052] - eth_subscribe
[2023/12/11 18:40:40.082] - eth_subscribe
[2023/12/11 18:40:40.083] - eth_getLogs
[2023/12/11 18:40:40.084] - eth_subscribe
[2023/12/11 18:40:40.105] - eth_blockNumber
[2023/12/11 18:40:40.106] - eth_accounts
[2023/12/11 18:40:40.106] - eth_gasPrice
[2023/12/11 18:40:40.115] - eth_accounts
[2023/12/11 18:40:40.142] - eth_getBalance
[2023/12/11 18:40:40.151] - eth_getTransactionCount
[2023/12/11 18:40:40.156] - eth_getBalance
[2023/12/11 18:40:40.160] - eth_getTransactionCount
[2023/12/11 18:40:40.165] - eth_getBalance
[2023/12/11 18:40:40.168] - eth_getTransactionCount
[2023/12/11 18:40:40.181] - eth_getBalance
[2023/12/11 18:40:40.185] - eth_getTransactionCount
[2023/12/11 18:40:40.188] - eth_getBalance
[2023/12/11 18:40:40.191] - eth_getTransactionCount
[2023/12/11 18:40:40.194] - eth_getBalance
[2023/12/11 18:40:40.197] - eth_getTransactionCount
[2023/12/11 18:40:40.202] - eth_getBalance
[2023/12/11 18:40:40.206] - eth_getTransactionCount
[2023/12/11 18:40:40.209] - eth_getBalance
[2023/12/11 18:40:40.212] - eth_getTransactionCount
[2023/12/11 18:40:40.216] - eth_getBalance
[2023/12/11 18:40:40.218] - eth_getTransactionCount
[2023/12/11 18:40:40.221] - eth_getBalance
[2023/12/11 18:40:40.224] - eth_getTransactionCount
[2023/12/11 18:40:40.232] - eth_getBlockByNumber
[2023/12/11 18:40:40.233] - eth_subscribe
[2023/12/11 18:40:40.234] - eth_blockNumber
[2023/12/11 18:40:40.234] - eth_accounts
[2023/12/11 18:40:40.235] - eth_gasPrice
[2023/12/11 18:40:40.235] - eth_getBlockByNumber
[2023/12/11 18:40:40.236] - eth_subscribe
[2023/12/11 18:40:40.248] - eth_getTransactionCount
[2023/12/11 18:40:40.251] - eth_getBalance
[2023/12/11 18:40:40.254] - eth_getTransactionCount
[2023/12/11 18:40:40.257] - eth_getBalance
[2023/12/11 18:40:40.262] - eth_getTransactionCount
[2023/12/11 18:40:40.265] - eth_getBalance
[2023/12/11 18:40:40.270] - eth_getTransactionCount
[2023/12/11 18:40:40.273] - eth_getBalance
[2023/12/11 18:40:40.276] - eth_getTransactionCount
[2023/12/11 18:40:40.278] - eth_getBalance
[2023/12/11 18:40:40.281] - eth_getTransactionCount
[2023/12/11 18:40:40.284] - eth_getBalance
[2023/12/11 18:40:40.287] - eth_getTransactionCount
[2023/12/11 18:40:40.291] - eth_getBalance
[2023/12/11 18:40:40.295] - eth_getTransactionCount
[2023/12/11 18:40:40.300] - eth_getBalance
[2023/12/11 18:40:40.302] - eth_getTransactionCount
[2023/12/11 18:40:40.305] - eth_getBalance
[2023/12/11 18:40:40.308] - eth_getTransactionCount
[2023/12/11 18:40:40.498] - eth_getBalance
[2023/12/11 18:40:40.502] - eth_getTransactionCount
[2023/12/11 18:40:40.505] - eth_getBalance
[2023/12/11 18:40:40.511] - eth_getTransactionCount
[2023/12/11 18:40:40.513] - eth_getBalance
[2023/12/11 18:40:40.516] - eth_getTransactionCount
[2023/12/11 18:40:40.520] - eth_getBalance
[2023/12/11 18:40:40.522] - eth_getTransactionCount
[2023/12/11 18:40:40.525] - eth_getBalance
[2023/12/11 18:40:40.528] - eth_getTransactionCount
[2023/12/11 18:40:40.531] - eth_getBalance
[2023/12/11 18:40:40.534] - eth_getTransactionCount
[2023/12/11 18:40:40.536] - eth_getBalance
[2023/12/11 18:40:40.541] - eth_getTransactionCount
[2023/12/11 18:40:40.544] - eth_getBalance
[2023/12/11 18:40:40.546] - eth_getTransactionCount
[2023/12/11 18:40:40.549] - eth_getBalance
[2023/12/11 18:40:40.551] - eth_getTransactionCount
[2023/12/11 18:40:40.554] - eth_getBalance
[2023/12/11 18:40:40.557] - eth_getTransactionCount
[2023/12/11 18:40:40.559] - eth_getBalance
[2023/12/11 18:40:40.562] - eth_getTransactionCount
[2023/12/11 18:40:40.566] - eth_getBalance
[2023/12/11 18:40:40.569] - eth_getTransactionCount
[2023/12/11 18:40:40.572] - eth_getBalance
[2023/12/11 18:40:40.574] - eth_getTransactionCount
[2023/12/11 18:40:40.577] - eth_getBalance
[2023/12/11 18:40:40.580] - eth_getTransactionCount
[2023/12/11 18:40:40.583] - eth_getBalance
[2023/12/11 18:40:40.586] - eth_getTransactionCount
[2023/12/11 18:40:40.589] - eth_getBalance
[2023/12/11 18:40:40.593] - eth_getTransactionCount
[2023/12/11 18:40:40.595] - eth_getBalance
[2023/12/11 18:40:40.598] - eth_getTransactionCount
[2023/12/11 18:40:40.601] - eth_getBalance
[2023/12/11 18:40:40.604] - eth_getTransactionCount
[2023/12/11 18:40:40.607] - eth_getBalance
[2023/12/11 18:40:40.610] - eth_getTransactionCount
[2023/12/11 18:40:40.613] - eth_getBalance
[2023/12/11 18:40:40.615] - eth_getTransactionCount
[2023/12/11 18:40:54.740] - eth_blockNumber
[2023/12/11 18:40:54.753] - net_version
[2023/12/11 18:40:54.757] - eth_accounts
[2023/12/11 18:40:54.777] - eth_blockNumber
[2023/12/11 18:40:54.780] - net_version
[2023/12/11 18:40:55.694] - eth_accounts
[2023/12/11 18:40:56.229] - evm_snapshot
[2023/12/11 18:40:56.230] - Saved snapshot #1
[2023/12/11 18:40:56.250] - net_version
[2023/12/11 18:40:56.254] - eth_blockNumber
[2023/12/11 18:40:56.262] - net_version
[2023/12/11 18:40:56.266] - eth_getBlockByNumber
[2023/12/11 18:40:56.281] - eth_getBlockByNumber
[2023/12/11 18:40:56.284] - eth_getLogs
[2023/12/11 18:42:24.419] - eth_blockNumber
[2023/12/11 18:42:24.433] - net_version
[2023/12/11 18:42:24.437] - eth_accounts
[2023/12/11 18:42:24.454] - eth_blockNumber
[2023/12/11 18:42:24.458] - net_version
[2023/12/11 18:42:25.412] - eth_accounts
[2023/12/11 18:42:25.943] - evm_snapshot
[2023/12/11 18:42:25.943] - Saved snapshot #2
[2023/12/11 18:42:25.965] - net_version
[2023/12/11 18:42:25.969] - eth_blockNumber
[2023/12/11 18:42:25.987] - net_version
[2023/12/11 18:42:25.990] - eth_getBlockByNumber
[2023/12/11 18:42:25.996] - eth_estimateGas
[2023/12/11 18:46:57.752] - eth_blockNumber
[2023/12/11 18:46:57.767] - net_version
[2023/12/11 18:46:57.770] - eth_accounts
[2023/12/11 18:46:57.782] - eth_blockNumber
[2023/12/11 18:46:57.786] - net_version
[2023/12/11 18:46:58.702] - eth_accounts
[2023/12/11 18:46:59.216] - eth_getBlockByNumber
[2023/12/11 18:46:59.220] - eth_accounts
[2023/12/11 18:46:59.231] - net_version
[2023/12/11 18:46:59.234] - eth_getBlockByNumber
[2023/12/11 18:46:59.237] - eth_getBlockByNumber
[2023/12/11 18:46:59.239] - net_version
[2023/12/11 18:46:59.242] - eth_getBlockByNumber
[2023/12/11 18:46:59.246] - eth_estimateGas
[2023/12/11 18:46:59.270] - net_version
[2023/12/11 18:46:59.271] - eth_blockNumber
[2023/12/11 18:46:59.276] - eth_getBlockByNumber
[2023/12/11 18:46:59.279] - eth_estimateGas
[2023/12/11 18:47:06.533] - eth_getBlockByNumber
[2023/12/11 18:47:06.554] - eth_getBlockTransactionCountByHash
[2023/12/11 18:47:07.174] - eth_getBlockByNumber
[2023/12/11 18:47:08.756] - eth_getLogs
[2023/12/11 18:50:25.892] - eth_unsubscribe
[2023/12/11 18:50:25.892] - eth_unsubscribe
