[2023/12/11 15:30:32.855] - Starting server with initial configuration: {"gasLimit":6721975,"gasPrice":20000000000,"hardfork":"merge","hostname":"127.0.0.1","port":7545,"network_id":5777,"default_balance_ether":100,"total_accounts":10,"unlocked_accounts":[],"locked":false,"vmErrorsOnRPCResponse":true,"verbose":false,"flavor":"ethereum","db_path":"C:\\Users\\verik\\AppData\\Roaming\\Ganache\\ui\\workspaces\\warlike-sisters\\chaindata","mnemonic":"indicate polar abuse problem wife release sister giraffe police phrase anger dove","logDirectory":"C:\\Users\\verik\\OneDrive\\Documents\\Year 3\\FYPP\\Log"}
[2023/12/11 15:30:32.953] - eth_subscribe
[2023/12/11 15:30:32.955] - eth_getLogs
[2023/12/11 15:30:32.956] - eth_subscribe
[2023/12/11 15:30:32.968] - eth_subscribe
[2023/12/11 15:30:32.969] - eth_getLogs
[2023/12/11 15:30:32.970] - eth_subscribe
[2023/12/11 15:30:32.994] - eth_blockNumber
[2023/12/11 15:30:32.995] - eth_accounts
[2023/12/11 15:30:32.995] - eth_gasPrice
[2023/12/11 15:30:32.996] - eth_getBlockByNumber
[2023/12/11 15:30:32.996] - eth_subscribe
[2023/12/11 15:30:32.998] - eth_blockNumber
[2023/12/11 15:30:32.998] - eth_accounts
[2023/12/11 15:30:32.998] - eth_gasPrice
[2023/12/11 15:30:32.999] - eth_getBlockByNumber
[2023/12/11 15:30:32.999] - eth_subscribe
[2023/12/11 15:30:33.002] - eth_accounts
[2023/12/11 15:30:33.029] - eth_getBalance
[2023/12/11 15:30:33.031] - eth_getTransactionCount
[2023/12/11 15:30:33.036] - eth_getBalance
[2023/12/11 15:30:33.040] - eth_getTransactionCount
[2023/12/11 15:30:33.042] - eth_getBalance
[2023/12/11 15:30:33.046] - eth_getTransactionCount
[2023/12/11 15:30:33.050] - eth_getBalance
[2023/12/11 15:30:33.054] - eth_getTransactionCount
[2023/12/11 15:30:33.058] - eth_getBalance
[2023/12/11 15:30:33.060] - eth_getTransactionCount
[2023/12/11 15:30:33.062] - eth_getBalance
[2023/12/11 15:30:33.068] - eth_getTransactionCount
[2023/12/11 15:30:33.070] - eth_getBalance
[2023/12/11 15:30:33.072] - eth_getTransactionCount
[2023/12/11 15:30:33.074] - eth_getBalance
[2023/12/11 15:30:33.076] - eth_getTransactionCount
[2023/12/11 15:30:33.078] - eth_getBalance
[2023/12/11 15:30:33.080] - eth_getTransactionCount
[2023/12/11 15:30:33.081] - eth_getBalance
[2023/12/11 15:30:33.084] - eth_getTransactionCount
[2023/12/11 15:30:33.111] - eth_getBalance
[2023/12/11 15:30:33.112] - eth_getTransactionCount
[2023/12/11 15:30:33.113] - eth_getBalance
[2023/12/11 15:30:33.115] - eth_getTransactionCount
[2023/12/11 15:30:33.116] - eth_getBalance
[2023/12/11 15:30:33.118] - eth_getTransactionCount
[2023/12/11 15:30:33.119] - eth_getBalance
[2023/12/11 15:30:33.121] - eth_getTransactionCount
[2023/12/11 15:30:33.122] - eth_getBalance
[2023/12/11 15:30:33.124] - eth_getTransactionCount
[2023/12/11 15:30:33.125] - eth_getBalance
[2023/12/11 15:30:33.127] - eth_getTransactionCount
[2023/12/11 15:30:33.129] - eth_getBalance
[2023/12/11 15:30:33.130] - eth_getTransactionCount
[2023/12/11 15:30:33.132] - eth_getBalance
[2023/12/11 15:30:33.134] - eth_getTransactionCount
[2023/12/11 15:30:33.135] - eth_getBalance
[2023/12/11 15:30:33.137] - eth_getTransactionCount
[2023/12/11 15:30:33.138] - eth_getBalance
[2023/12/11 15:30:33.140] - eth_getTransactionCount
[2023/12/11 15:30:33.142] - eth_getBalance
[2023/12/11 15:30:33.143] - eth_getTransactionCount
[2023/12/11 15:30:33.147] - eth_getBalance
[2023/12/11 15:30:33.149] - eth_getTransactionCount
[2023/12/11 15:30:33.151] - eth_getBalance
[2023/12/11 15:30:33.154] - eth_getTransactionCount
[2023/12/11 15:30:33.157] - eth_getBalance
[2023/12/11 15:30:33.159] - eth_getTransactionCount
[2023/12/11 15:30:33.161] - eth_getBalance
[2023/12/11 15:30:33.162] - eth_getTransactionCount
[2023/12/11 15:30:33.164] - eth_getBalance
[2023/12/11 15:30:33.166] - eth_getTransactionCount
[2023/12/11 15:30:33.168] - eth_getBalance
[2023/12/11 15:30:33.170] - eth_getTransactionCount
[2023/12/11 15:30:33.174] - eth_getBalance
[2023/12/11 15:30:33.175] - eth_getTransactionCount
[2023/12/11 15:30:33.177] - eth_getBalance
[2023/12/11 15:30:33.181] - eth_getTransactionCount
[2023/12/11 15:30:33.183] - eth_getBalance
[2023/12/11 15:30:33.186] - eth_getTransactionCount
[2023/12/11 15:30:33.212] - eth_getBalance
[2023/12/11 15:30:33.213] - eth_getTransactionCount
[2023/12/11 15:30:33.214] - eth_getBalance
[2023/12/11 15:30:33.215] - eth_getTransactionCount
[2023/12/11 15:30:33.216] - eth_getBalance
[2023/12/11 15:30:33.217] - eth_getTransactionCount
[2023/12/11 15:30:33.219] - eth_getBalance
[2023/12/11 15:30:33.220] - eth_getTransactionCount
[2023/12/11 15:30:33.221] - eth_getBalance
[2023/12/11 15:30:33.222] - eth_getTransactionCount
[2023/12/11 15:30:33.224] - eth_getBalance
[2023/12/11 15:30:33.225] - eth_getTransactionCount
[2023/12/11 15:30:33.226] - eth_getBalance
[2023/12/11 15:30:33.228] - eth_getTransactionCount
[2023/12/11 15:30:33.229] - eth_getBalance
[2023/12/11 15:30:33.230] - eth_getTransactionCount
[2023/12/11 15:30:33.231] - eth_getBalance
[2023/12/11 15:30:33.233] - eth_getTransactionCount
[2023/12/11 15:30:33.234] - eth_getBalance
[2023/12/11 15:30:33.235] - eth_getTransactionCount
[2023/12/11 16:23:45.797] - eth_getBlockByNumber
[2023/12/11 16:23:45.806] - eth_getBlockTransactionCountByHash
[2023/12/11 16:32:23.796] - eth_getBlockByNumber
[2023/12/11 16:43:34.279] - eth_getLogs
[2023/12/11 16:44:13.655] - eth_unsubscribe
[2023/12/11 16:44:13.657] - eth_unsubscribe
