[2023/12/14 03:07:33.220] - Starting server with initial configuration: {"gasLimit":6721975,"gasPrice":20000000000,"hardfork":"merge","hostname":"127.0.0.1","port":7545,"network_id":5777,"default_balance_ether":100,"total_accounts":10,"unlocked_accounts":[],"locked":false,"vmErrorsOnRPCResponse":true,"verbose":false,"flavor":"ethereum","db_path":"C:\\Users\\verik\\AppData\\Roaming\\Ganache\\ui\\workspaces\\Veriko-FYP\\chaindata","mnemonic":"indicate polar abuse problem wife release sister giraffe police phrase anger dove","logDirectory":"C:\\Users\\verik\\OneDrive\\Documents\\Year 3\\FYPP\\Log"}
[2023/12/14 03:07:33.332] - eth_getCode
[2023/12/14 03:07:33.333] - eth_subscribe
[2023/12/14 03:07:33.334] - eth_getLogs
[2023/12/14 03:07:33.335] - eth_subscribe
[2023/12/14 03:07:33.343] - eth_getCode
[2023/12/14 03:07:33.344] - eth_subscribe
[2023/12/14 03:07:33.345] - eth_getLogs
[2023/12/14 03:07:33.346] - eth_subscribe
[2023/12/14 03:07:33.377] - eth_getBlockByNumber
[2023/12/14 03:07:33.379] - eth_subscribe
[2023/12/14 03:07:33.392] - eth_blockNumber
[2023/12/14 03:07:33.393] - eth_accounts
[2023/12/14 03:07:33.394] - eth_gasPrice
[2023/12/14 03:07:33.394] - eth_getBlockByNumber
[2023/12/14 03:07:33.394] - eth_subscribe
[2023/12/14 03:07:33.396] - eth_blockNumber
[2023/12/14 03:07:33.396] - eth_accounts
[2023/12/14 03:07:33.397] - eth_gasPrice
[2023/12/14 03:07:33.433] - eth_getBalance
[2023/12/14 03:07:33.435] - eth_getTransactionCount
[2023/12/14 03:07:33.438] - eth_getBalance
[2023/12/14 03:07:33.443] - eth_getTransactionCount
[2023/12/14 03:07:33.446] - eth_getBalance
[2023/12/14 03:07:33.449] - eth_getTransactionCount
[2023/12/14 03:07:33.451] - eth_getBalance
[2023/12/14 03:07:33.455] - eth_getTransactionCount
[2023/12/14 03:07:33.458] - eth_getBalance
[2023/12/14 03:07:33.462] - eth_getTransactionCount
[2023/12/14 03:07:33.465] - eth_getBalance
[2023/12/14 03:07:33.468] - eth_getTransactionCount
[2023/12/14 03:07:33.473] - eth_getBalance
[2023/12/14 03:07:33.476] - eth_getTransactionCount
[2023/12/14 03:07:33.479] - eth_getBalance
[2023/12/14 03:07:33.482] - eth_getTransactionCount
[2023/12/14 03:07:33.484] - eth_getBalance
[2023/12/14 03:07:33.486] - eth_getTransactionCount
[2023/12/14 03:07:33.489] - eth_getBalance
[2023/12/14 03:07:33.491] - eth_getTransactionCount
[2023/12/14 03:07:33.495] - eth_getBalance
[2023/12/14 03:07:33.499] - eth_getTransactionCount
[2023/12/14 03:07:33.504] - eth_getBalance
[2023/12/14 03:07:33.507] - eth_getTransactionCount
[2023/12/14 03:07:33.510] - eth_getBalance
[2023/12/14 03:07:33.512] - eth_getTransactionCount
[2023/12/14 03:07:33.515] - eth_getBalance
[2023/12/14 03:07:33.518] - eth_getTransactionCount
[2023/12/14 03:07:33.520] - eth_getBalance
[2023/12/14 03:07:33.523] - eth_getTransactionCount
[2023/12/14 03:07:33.526] - eth_getBalance
[2023/12/14 03:07:33.528] - eth_getTransactionCount
[2023/12/14 03:07:33.532] - eth_getBalance
[2023/12/14 03:07:33.534] - eth_getTransactionCount
[2023/12/14 03:07:33.536] - eth_getBalance
[2023/12/14 03:07:33.539] - eth_getTransactionCount
[2023/12/14 03:07:33.541] - eth_getBalance
[2023/12/14 03:07:33.543] - eth_getTransactionCount
[2023/12/14 03:07:33.546] - eth_getBalance
[2023/12/14 03:07:33.549] - eth_getTransactionCount
[2023/12/14 03:07:33.551] - eth_getBalance
[2023/12/14 03:07:33.553] - eth_getTransactionCount
[2023/12/14 03:07:33.557] - eth_getBalance
[2023/12/14 03:07:33.560] - eth_getTransactionCount
[2023/12/14 03:07:33.562] - eth_getBalance
[2023/12/14 03:07:33.565] - eth_getTransactionCount
[2023/12/14 03:07:33.568] - eth_getBalance
[2023/12/14 03:07:33.570] - eth_getTransactionCount
[2023/12/14 03:07:33.573] - eth_getBalance
[2023/12/14 03:07:33.575] - eth_getTransactionCount
[2023/12/14 03:07:33.578] - eth_getBalance
[2023/12/14 03:07:33.582] - eth_getTransactionCount
[2023/12/14 03:07:33.584] - eth_getBalance
[2023/12/14 03:07:33.587] - eth_getTransactionCount
[2023/12/14 03:07:33.589] - eth_getBalance
[2023/12/14 03:07:33.591] - eth_getTransactionCount
[2023/12/14 03:07:33.594] - eth_getBalance
[2023/12/14 03:07:33.596] - eth_getTransactionCount
[2023/12/14 03:07:33.599] - eth_getBalance
[2023/12/14 03:07:33.601] - eth_getTransactionCount
[2023/12/14 03:07:33.604] - eth_getBalance
[2023/12/14 03:07:33.608] - eth_getTransactionCount
[2023/12/14 03:07:33.610] - eth_getBalance
[2023/12/14 03:07:33.612] - eth_getTransactionCount
[2023/12/14 03:07:33.614] - eth_getBalance
[2023/12/14 03:07:33.616] - eth_getTransactionCount
[2023/12/14 03:07:33.619] - eth_getBalance
[2023/12/14 03:07:33.621] - eth_getTransactionCount
[2023/12/14 03:07:33.624] - eth_getBalance
[2023/12/14 03:07:33.627] - eth_getTransactionCount
[2023/12/14 03:07:33.630] - eth_getBalance
[2023/12/14 03:07:33.634] - eth_getTransactionCount
[2023/12/14 03:07:33.637] - eth_getBalance
[2023/12/14 03:07:33.639] - eth_getTransactionCount
[2023/12/14 03:07:33.641] - eth_getBalance
[2023/12/14 03:07:33.643] - eth_getTransactionCount
[2023/12/14 03:07:33.645] - eth_getBalance
[2023/12/14 03:07:33.647] - eth_getTransactionCount
[2023/12/14 03:07:33.649] - eth_getBalance
[2023/12/14 03:07:33.652] - eth_getTransactionCount
[2023/12/14 03:07:38.920] - eth_getBlockByNumber
[2023/12/14 03:07:38.934] - eth_getTransactionReceipt
[2023/12/14 03:07:38.945] - eth_getBlockByNumber
[2023/12/14 03:07:38.953] - eth_getTransactionReceipt
[2023/12/14 03:07:38.964] - eth_getBlockByNumber
[2023/12/14 03:07:38.972] - eth_getTransactionReceipt
[2023/12/14 03:07:38.981] - eth_getBlockByNumber
[2023/12/14 03:07:38.988] - eth_getTransactionReceipt
[2023/12/14 03:07:38.998] - eth_getBlockByNumber
[2023/12/14 03:07:39.005] - eth_getTransactionReceipt
[2023/12/14 03:07:39.015] - eth_getBlockByNumber
[2023/12/14 03:07:39.029] - eth_getTransactionReceipt
[2023/12/14 03:07:39.043] - eth_getBlockByNumber
[2023/12/14 03:07:39.050] - eth_getTransactionReceipt
[2023/12/14 03:07:39.060] - eth_getBlockByNumber
[2023/12/14 03:07:39.068] - eth_getTransactionReceipt
[2023/12/14 03:07:39.078] - eth_getBlockByNumber
[2023/12/14 03:07:39.085] - eth_getTransactionReceipt
[2023/12/14 03:07:39.095] - eth_getBlockByNumber
[2023/12/14 03:07:39.103] - eth_getTransactionReceipt
[2023/12/14 03:07:39.114] - eth_getBlockByNumber
[2023/12/14 03:10:50.626] - eth_getTransactionByHash
[2023/12/14 11:43:47.827] - eth_getBalance
[2023/12/14 11:43:47.898] - net_version
[2023/12/14 11:43:47.903] - eth_getCode
[2023/12/14 11:43:47.906] - eth_getBlockByNumber
[2023/12/14 11:43:47.913] - eth_getBalance
[2023/12/14 11:43:47.915] - eth_getTransactionCount
[2023/12/14 12:00:52.686] - eth_chainId
[2023/12/14 12:00:52.689] - eth_getTransactionCount
[2023/12/14 12:00:52.690] - eth_getBlockByNumber
[2023/12/14 12:00:52.692] - eth_gasPrice
[2023/12/14 12:00:52.704] - eth_sendRawTransaction
[2023/12/14 12:00:52.775] - 
  Transaction: 0x61e9c7d8c8b1b5c2947c1b942777c339f98ee82d2cd3b7918aa6cc88f3b25ef0
  Gas usage: 184749
  Block number: 11
  Block time: Thu Dec 14 2023 12:00:52 GMT+0800 (Malaysia Time)

[2023/12/14 12:00:52.778] - eth_getTransactionReceipt
[2023/12/14 12:00:52.781] - eth_getBlockByNumber
[2023/12/14 12:00:52.794] - eth_getBalance
[2023/12/14 12:00:52.800] - eth_getTransactionCount
[2023/12/14 12:00:52.805] - eth_getBalance
[2023/12/14 12:00:52.811] - eth_getTransactionCount
[2023/12/14 12:00:52.816] - eth_getBalance
[2023/12/14 12:00:52.821] - eth_getTransactionCount
[2023/12/14 12:00:52.826] - eth_getBalance
[2023/12/14 12:00:52.832] - eth_getTransactionCount
[2023/12/14 12:00:52.837] - eth_getBalance
[2023/12/14 12:00:52.851] - eth_getTransactionCount
[2023/12/14 12:00:52.859] - eth_getBalance
[2023/12/14 12:00:52.866] - eth_getTransactionCount
[2023/12/14 12:00:52.871] - eth_getBalance
[2023/12/14 12:00:52.878] - eth_getTransactionCount
[2023/12/14 12:00:52.884] - eth_getBalance
[2023/12/14 12:00:52.892] - eth_getTransactionCount
[2023/12/14 12:00:52.901] - eth_getBalance
[2023/12/14 12:00:52.906] - eth_getTransactionCount
[2023/12/14 12:00:52.910] - eth_getBalance
[2023/12/14 12:00:52.913] - eth_getTransactionCount
[2023/12/14 12:10:13.403] - eth_blockNumber
[2023/12/14 12:10:13.421] - net_version
[2023/12/14 12:10:13.427] - eth_accounts
[2023/12/14 12:10:13.447] - eth_blockNumber
[2023/12/14 12:10:13.452] - net_version
[2023/12/14 12:10:15.005] - eth_accounts
[2023/12/14 12:10:15.578] - eth_getBlockByNumber
[2023/12/14 12:10:15.581] - eth_accounts
[2023/12/14 12:10:15.595] - eth_getBlockByNumber
[2023/12/14 12:10:15.598] - eth_getBlockByNumber
[2023/12/14 12:10:15.602] - eth_getBlockByNumber
[2023/12/14 12:10:15.609] - eth_estimateGas
[2023/12/14 12:10:15.646] - eth_getBlockByNumber
[2023/12/14 12:10:15.647] - eth_blockNumber
[2023/12/14 12:10:15.651] - eth_estimateGas
[2023/12/14 12:10:15.668] - eth_getBlockByNumber
[2023/12/14 12:10:15.670] - eth_gasPrice
[2023/12/14 12:10:15.672] - eth_sendTransaction
[2023/12/14 12:10:15.682] - 
  Transaction: 0x120d952098e7aeddf855a0c13867b3d8539dd9d2814add9cd8b8dbcf304d25f1
  Contract created: 0xa262af7654ca2e33171ada2bdd2fd4b752119b84
  Gas usage: 742364
  Block number: 12
  Block time: Thu Dec 14 2023 12:10:15 GMT+0800 (Malaysia Time)

[2023/12/14 12:10:15.684] - eth_getBlockByNumber
[2023/12/14 12:10:15.685] - eth_getTransactionReceipt
[2023/12/14 12:10:15.689] - eth_getCode
[2023/12/14 12:10:15.696] - eth_getBalance
[2023/12/14 12:10:15.702] - eth_getTransactionCount
[2023/12/14 12:10:15.707] - eth_getBalance
[2023/12/14 12:10:15.712] - eth_getTransactionCount
[2023/12/14 12:10:15.716] - eth_getBalance
[2023/12/14 12:10:15.720] - eth_getTransactionCount
[2023/12/14 12:10:15.724] - eth_getBalance
[2023/12/14 12:10:15.729] - eth_getTransactionCount
[2023/12/14 12:10:15.736] - eth_getBalance
[2023/12/14 12:10:15.742] - eth_getTransactionCount
[2023/12/14 12:10:15.748] - eth_getBalance
[2023/12/14 12:10:15.753] - eth_getTransactionCount
[2023/12/14 12:10:15.759] - eth_getBalance
[2023/12/14 12:10:15.766] - eth_getTransactionCount
[2023/12/14 12:10:15.772] - eth_getBalance
[2023/12/14 12:10:15.778] - eth_getTransactionCount
[2023/12/14 12:10:15.784] - eth_getBalance
[2023/12/14 12:10:15.794] - eth_getTransactionCount
[2023/12/14 12:10:15.798] - eth_getBalance
[2023/12/14 12:10:15.803] - eth_getTransactionCount
[2023/12/14 12:10:16.232] - evm_snapshot
[2023/12/14 12:10:16.233] - Saved snapshot #1
[2023/12/14 12:10:16.255] - net_version
[2023/12/14 12:10:16.263] - eth_getBlockByNumber
[2023/12/14 12:10:16.267] - eth_blockNumber
[2023/12/14 12:10:16.270] - eth_getBlockByNumber
[2023/12/14 12:10:16.276] - eth_estimateGas
[2023/12/14 12:10:16.330] - eth_getBlockByNumber
[2023/12/14 12:10:16.331] - eth_gasPrice
[2023/12/14 12:10:16.333] - eth_sendTransaction
[2023/12/14 12:10:16.356] - 
  Transaction: 0xc949ba9d74c9369b5d8bba035705d36cfad8361f998e511e92e9bd9689c2f849
  Gas usage: 164789
  Block number: 13
  Block time: Thu Dec 14 2023 12:10:16 GMT+0800 (Malaysia Time)

[2023/12/14 12:10:16.359] - eth_getBlockByNumber
[2023/12/14 12:10:16.359] - eth_getTransactionReceipt
[2023/12/14 12:10:16.366] - eth_call
[2023/12/14 12:10:16.377] - eth_getBalance
[2023/12/14 12:10:16.378] - eth_getTransactionCount
[2023/12/14 12:10:16.381] - eth_blockNumber
[2023/12/14 12:10:16.383] - eth_getBalance
[2023/12/14 12:10:16.383] - eth_getBlockByNumber
[2023/12/14 12:10:16.387] - eth_getTransactionCount
[2023/12/14 12:10:16.388] - eth_estimateGas
[2023/12/14 12:10:16.394] - eth_getBalance
[2023/12/14 12:10:16.397] - eth_getTransactionCount
[2023/12/14 12:10:16.401] - eth_getBalance
[2023/12/14 12:10:16.405] - eth_getTransactionCount
[2023/12/14 12:10:16.409] - eth_getBalance
[2023/12/14 12:10:16.416] - eth_getTransactionCount
[2023/12/14 12:10:16.417] - eth_getBalance
[2023/12/14 12:10:16.421] - eth_getTransactionCount
[2023/12/14 12:10:16.426] - eth_getBalance
[2023/12/14 12:10:16.429] - eth_getTransactionCount
[2023/12/14 12:10:16.433] - eth_getBalance
[2023/12/14 12:10:16.439] - eth_getTransactionCount
[2023/12/14 12:10:16.444] - eth_getBalance
[2023/12/14 12:10:16.447] - eth_getTransactionCount
[2023/12/14 12:10:16.451] - eth_getBlockByNumber
[2023/12/14 12:10:16.452] - eth_gasPrice
[2023/12/14 12:10:16.454] - eth_getBalance
[2023/12/14 12:10:16.455] - eth_sendTransaction
[2023/12/14 12:10:16.458] - eth_getTransactionCount
[2023/12/14 12:10:16.477] - 
  Transaction: 0x0133360b68caee3e120d2798141b75215e6669b65eb2485b9c5699d9e82baecf
  Gas usage: 78164
  Block number: 14
  Block time: Thu Dec 14 2023 12:10:16 GMT+0800 (Malaysia Time)

[2023/12/14 12:10:16.479] - eth_getBlockByNumber
[2023/12/14 12:10:16.480] - eth_getTransactionReceipt
[2023/12/14 12:10:16.484] - eth_call
[2023/12/14 12:10:16.496] - eth_blockNumber
[2023/12/14 12:10:16.499] - eth_getBlockByNumber
[2023/12/14 12:10:16.505] - eth_estimateGas
[2023/12/14 12:10:16.523] - eth_getBalance
[2023/12/14 12:10:16.526] - eth_getTransactionCount
[2023/12/14 12:10:16.532] - eth_getBalance
[2023/12/14 12:10:16.537] - eth_getBalance
[2023/12/14 12:10:16.541] - eth_getTransactionCount
[2023/12/14 12:10:16.545] - eth_getBalance
[2023/12/14 12:10:16.549] - eth_getTransactionCount
[2023/12/14 12:10:16.553] - eth_getBalance
[2023/12/14 12:10:16.557] - eth_getTransactionCount
[2023/12/14 12:10:16.562] - eth_getBalance
[2023/12/14 12:10:16.567] - eth_getTransactionCount
[2023/12/14 12:10:16.572] - eth_getBalance
[2023/12/14 12:10:16.576] - eth_getTransactionCount
[2023/12/14 12:10:16.579] - eth_getBalance
[2023/12/14 12:10:16.584] - eth_getTransactionCount
[2023/12/14 12:10:16.588] - eth_getBalance
[2023/12/14 12:10:16.593] - eth_getTransactionCount
[2023/12/14 12:10:16.652] - eth_blockNumber
[2023/12/14 12:10:16.655] - eth_getBlockByNumber
[2023/12/14 12:10:16.659] - eth_estimateGas
[2023/12/14 12:27:16.699] - eth_getBlockByNumber
[2023/12/14 12:27:16.721] - eth_getBlockTransactionCountByHash
[2023/12/14 12:27:16.732] - eth_getBlockByNumber
[2023/12/14 12:27:16.746] - eth_getBlockTransactionCountByHash
[2023/12/14 12:27:16.758] - eth_getBlockByNumber
[2023/12/14 12:27:16.769] - eth_getBlockTransactionCountByHash
[2023/12/14 12:27:16.782] - eth_getBlockByNumber
[2023/12/14 12:27:16.795] - eth_getBlockTransactionCountByHash
[2023/12/14 12:27:16.807] - eth_getBlockByNumber
[2023/12/14 12:27:16.818] - eth_getBlockTransactionCountByHash
[2023/12/14 12:27:16.829] - eth_getBlockByNumber
[2023/12/14 12:27:16.842] - eth_getBlockTransactionCountByHash
[2023/12/14 12:27:16.855] - eth_getBlockByNumber
[2023/12/14 12:27:16.869] - eth_getBlockTransactionCountByHash
[2023/12/14 12:27:16.880] - eth_getBlockByNumber
[2023/12/14 12:27:16.889] - eth_getBlockTransactionCountByHash
[2023/12/14 12:27:16.900] - eth_getBlockByNumber
[2023/12/14 12:27:16.917] - eth_getBlockTransactionCountByHash
[2023/12/14 12:27:16.934] - eth_getBlockByNumber
[2023/12/14 12:27:16.944] - eth_getBlockTransactionCountByHash
[2023/12/14 12:27:16.957] - eth_getBlockByNumber
[2023/12/14 12:27:16.967] - eth_getBlockTransactionCountByHash
[2023/12/14 12:27:16.976] - eth_getBlockByNumber
[2023/12/14 12:27:16.989] - eth_getBlockTransactionCountByHash
[2023/12/14 12:27:16.998] - eth_getBlockByNumber
[2023/12/14 12:27:17.007] - eth_getBlockTransactionCountByHash
[2023/12/14 12:27:17.017] - eth_getBlockByNumber
[2023/12/14 12:27:17.027] - eth_getBlockTransactionCountByHash
[2023/12/14 12:27:17.036] - eth_getBlockByNumber
[2023/12/14 12:27:17.046] - eth_getBlockTransactionCountByHash
[2023/12/14 12:27:29.664] - eth_getBlockByNumber
[2023/12/14 12:27:29.679] - eth_getTransactionReceipt
[2023/12/14 12:27:50.476] - eth_unsubscribe
[2023/12/14 12:27:50.477] - eth_unsubscribe
