[2023/12/11 16:44:13.782] - Starting server with initial configuration: {"gasLimit":6721975,"gasPrice":20000000000,"hardfork":"merge","hostname":"127.0.0.1","port":7545,"network_id":5777,"default_balance_ether":100,"total_accounts":10,"unlocked_accounts":[],"locked":false,"vmErrorsOnRPCResponse":true,"verbose":false,"flavor":"ethereum","db_path":"C:\\Users\\verik\\AppData\\Roaming\\Ganache\\ui\\workspaces\\warlike-sisters\\chaindata","mnemonic":"indicate polar abuse problem wife release sister giraffe police phrase anger dove","logDirectory":"C:\\Users\\verik\\OneDrive\\Documents\\Year 3\\FYPP\\Log"}
[2023/12/11 16:44:13.871] - eth_subscribe
[2023/12/11 16:44:13.873] - eth_getLogs
[2023/12/11 16:44:13.874] - eth_subscribe
[2023/12/11 16:44:13.888] - eth_subscribe
[2023/12/11 16:44:13.889] - eth_getLogs
[2023/12/11 16:44:13.890] - eth_subscribe
[2023/12/11 16:44:13.912] - eth_getBlockByNumber
[2023/12/11 16:44:13.913] - eth_subscribe
[2023/12/11 16:44:13.920] - eth_blockNumber
[2023/12/11 16:44:13.921] - eth_accounts
[2023/12/11 16:44:13.921] - eth_gasPrice
[2023/12/11 16:44:13.922] - eth_getBlockByNumber
[2023/12/11 16:44:13.922] - eth_subscribe
[2023/12/11 16:44:13.923] - eth_blockNumber
[2023/12/11 16:44:13.924] - eth_accounts
[2023/12/11 16:44:13.924] - eth_gasPrice
[2023/12/11 16:44:13.928] - eth_accounts
[2023/12/11 16:44:13.948] - eth_getBalance
[2023/12/11 16:44:13.950] - eth_getTransactionCount
[2023/12/11 16:44:13.953] - eth_getBalance
[2023/12/11 16:44:13.958] - eth_getTransactionCount
[2023/12/11 16:44:13.960] - eth_getBalance
[2023/12/11 16:44:13.962] - eth_getTransactionCount
[2023/12/11 16:44:13.964] - eth_getBalance
[2023/12/11 16:44:13.966] - eth_getTransactionCount
[2023/12/11 16:44:13.969] - eth_getBalance
[2023/12/11 16:44:13.972] - eth_getTransactionCount
[2023/12/11 16:44:13.974] - eth_getBalance
[2023/12/11 16:44:13.976] - eth_getTransactionCount
[2023/12/11 16:44:13.978] - eth_getBalance
[2023/12/11 16:44:13.980] - eth_getTransactionCount
[2023/12/11 16:44:13.982] - eth_getBalance
[2023/12/11 16:44:13.984] - eth_getTransactionCount
[2023/12/11 16:44:13.986] - eth_getBalance
[2023/12/11 16:44:13.988] - eth_getTransactionCount
[2023/12/11 16:44:13.989] - eth_getBalance
[2023/12/11 16:44:13.991] - eth_getTransactionCount
[2023/12/11 16:44:14.011] - eth_getBalance
[2023/12/11 16:44:14.013] - eth_getTransactionCount
[2023/12/11 16:44:14.014] - eth_getBalance
[2023/12/11 16:44:14.016] - eth_getTransactionCount
[2023/12/11 16:44:14.019] - eth_getBalance
[2023/12/11 16:44:14.021] - eth_getTransactionCount
[2023/12/11 16:44:14.023] - eth_getBalance
[2023/12/11 16:44:14.025] - eth_getTransactionCount
[2023/12/11 16:44:14.029] - eth_getBalance
[2023/12/11 16:44:14.030] - eth_getTransactionCount
[2023/12/11 16:44:14.033] - eth_getBalance
[2023/12/11 16:44:14.035] - eth_getTransactionCount
[2023/12/11 16:44:14.037] - eth_getBalance
[2023/12/11 16:44:14.038] - eth_getTransactionCount
[2023/12/11 16:44:14.040] - eth_getBalance
[2023/12/11 16:44:14.042] - eth_getTransactionCount
[2023/12/11 16:44:14.045] - eth_getBalance
[2023/12/11 16:44:14.046] - eth_getTransactionCount
[2023/12/11 16:44:14.047] - eth_getBalance
[2023/12/11 16:44:14.049] - eth_getTransactionCount
[2023/12/11 16:44:14.050] - eth_getBalance
[2023/12/11 16:44:14.052] - eth_getTransactionCount
[2023/12/11 16:44:14.054] - eth_getBalance
[2023/12/11 16:44:14.055] - eth_getTransactionCount
[2023/12/11 16:44:14.057] - eth_getBalance
[2023/12/11 16:44:14.058] - eth_getTransactionCount
[2023/12/11 16:44:14.059] - eth_getBalance
[2023/12/11 16:44:14.061] - eth_getTransactionCount
[2023/12/11 16:44:14.063] - eth_getBalance
[2023/12/11 16:44:14.064] - eth_getTransactionCount
[2023/12/11 16:44:14.068] - eth_getBalance
[2023/12/11 16:44:14.070] - eth_getTransactionCount
[2023/12/11 16:44:14.071] - eth_getBalance
[2023/12/11 16:44:14.073] - eth_getTransactionCount
[2023/12/11 16:44:14.075] - eth_getBalance
[2023/12/11 16:44:14.077] - eth_getTransactionCount
[2023/12/11 16:44:14.079] - eth_getBalance
[2023/12/11 16:44:14.081] - eth_getTransactionCount
[2023/12/11 16:44:14.083] - eth_getBalance
[2023/12/11 16:44:14.084] - eth_getTransactionCount
[2023/12/11 16:44:14.097] - eth_getTransactionCount
[2023/12/11 16:44:14.098] - eth_getBalance
[2023/12/11 16:44:14.100] - eth_getTransactionCount
[2023/12/11 16:44:14.102] - eth_getBalance
[2023/12/11 16:44:14.104] - eth_getTransactionCount
[2023/12/11 16:44:14.105] - eth_getBalance
[2023/12/11 16:44:14.106] - eth_getTransactionCount
[2023/12/11 16:44:14.108] - eth_getBalance
[2023/12/11 16:44:14.109] - eth_getTransactionCount
[2023/12/11 16:44:14.111] - eth_getBalance
[2023/12/11 16:44:14.112] - eth_getTransactionCount
[2023/12/11 16:44:14.113] - eth_getBalance
[2023/12/11 16:44:14.114] - eth_getTransactionCount
[2023/12/11 16:44:14.115] - eth_getBalance
[2023/12/11 16:44:14.116] - eth_getTransactionCount
[2023/12/11 16:44:14.118] - eth_getBalance
[2023/12/11 16:44:14.119] - eth_getTransactionCount
[2023/12/11 16:44:14.121] - eth_getBalance
[2023/12/11 16:44:14.122] - eth_getTransactionCount
[2023/12/11 16:51:56.129] - eth_unsubscribe
[2023/12/11 16:51:56.130] - eth_unsubscribe
