[2023/12/11 18:54:26.050] - Starting server with initial configuration: {"gasLimit":6721975,"gasPrice":20000000000,"hardfork":"merge","hostname":"127.0.0.1","port":7545,"network_id":5777,"default_balance_ether":100,"total_accounts":10,"unlocked_accounts":[],"locked":false,"vmErrorsOnRPCResponse":true,"verbose":false,"flavor":"ethereum","db_path":"C:\\Users\\verik\\AppData\\Roaming\\Ganache\\ui\\workspaces\\Veriko-FYP\\chaindata","mnemonic":"indicate polar abuse problem wife release sister giraffe police phrase anger dove","logDirectory":"C:\\Users\\verik\\OneDrive\\Documents\\Year 3\\FYPP\\Log"}
[2023/12/11 18:54:26.128] - eth_subscribe
[2023/12/11 18:54:26.128] - eth_getLogs
[2023/12/11 18:54:26.129] - eth_subscribe
[2023/12/11 18:54:26.159] - eth_subscribe
[2023/12/11 18:54:26.160] - eth_getLogs
[2023/12/11 18:54:26.160] - eth_subscribe
[2023/12/11 18:54:26.193] - eth_blockNumber
[2023/12/11 18:54:26.193] - eth_accounts
[2023/12/11 18:54:26.194] - eth_gasPrice
[2023/12/11 18:54:26.204] - eth_accounts
[2023/12/11 18:54:26.220] - eth_getBalance
[2023/12/11 18:54:26.223] - eth_getTransactionCount
[2023/12/11 18:54:26.227] - eth_getBalance
[2023/12/11 18:54:26.229] - eth_getTransactionCount
[2023/12/11 18:54:26.232] - eth_getBalance
[2023/12/11 18:54:26.234] - eth_getTransactionCount
[2023/12/11 18:54:26.239] - eth_getBalance
[2023/12/11 18:54:26.241] - eth_getTransactionCount
[2023/12/11 18:54:26.244] - eth_getBalance
[2023/12/11 18:54:26.246] - eth_getTransactionCount
[2023/12/11 18:54:26.248] - eth_getBalance
[2023/12/11 18:54:26.252] - eth_getTransactionCount
[2023/12/11 18:54:26.255] - eth_getBalance
[2023/12/11 18:54:26.258] - eth_getTransactionCount
[2023/12/11 18:54:26.260] - eth_getBalance
[2023/12/11 18:54:26.262] - eth_getTransactionCount
[2023/12/11 18:54:26.265] - eth_getBalance
[2023/12/11 18:54:26.267] - eth_getTransactionCount
[2023/12/11 18:54:26.270] - eth_getBalance
[2023/12/11 18:54:26.273] - eth_getTransactionCount
[2023/12/11 18:54:26.275] - eth_getBlockByNumber
[2023/12/11 18:54:26.276] - eth_subscribe
[2023/12/11 18:54:26.276] - eth_blockNumber
[2023/12/11 18:54:26.280] - eth_accounts
[2023/12/11 18:54:26.281] - eth_gasPrice
[2023/12/11 18:54:26.282] - eth_getBlockByNumber
[2023/12/11 18:54:26.282] - eth_subscribe
[2023/12/11 18:54:26.294] - eth_getTransactionCount
[2023/12/11 18:54:26.296] - eth_getBalance
[2023/12/11 18:54:26.298] - eth_getTransactionCount
[2023/12/11 18:54:26.301] - eth_getBalance
[2023/12/11 18:54:26.303] - eth_getTransactionCount
[2023/12/11 18:54:26.307] - eth_getBalance
[2023/12/11 18:54:26.310] - eth_getTransactionCount
[2023/12/11 18:54:26.312] - eth_getBalance
[2023/12/11 18:54:26.314] - eth_getTransactionCount
[2023/12/11 18:54:26.317] - eth_getBalance
[2023/12/11 18:54:26.319] - eth_getTransactionCount
[2023/12/11 18:54:26.321] - eth_getBalance
[2023/12/11 18:54:26.324] - eth_getTransactionCount
[2023/12/11 18:54:26.326] - eth_getBalance
[2023/12/11 18:54:26.330] - eth_getTransactionCount
[2023/12/11 18:54:26.332] - eth_getBalance
[2023/12/11 18:54:26.335] - eth_getTransactionCount
[2023/12/11 18:54:26.337] - eth_getBalance
[2023/12/11 18:54:26.339] - eth_getTransactionCount
[2023/12/11 18:54:26.495] - eth_getBalance
[2023/12/11 18:54:26.498] - eth_getTransactionCount
[2023/12/11 18:54:26.500] - eth_getBalance
[2023/12/11 18:54:26.502] - eth_getTransactionCount
[2023/12/11 18:54:26.505] - eth_getBalance
[2023/12/11 18:54:26.507] - eth_getTransactionCount
[2023/12/11 18:54:26.509] - eth_getBalance
[2023/12/11 18:54:26.512] - eth_getTransactionCount
[2023/12/11 18:54:26.516] - eth_getBalance
[2023/12/11 18:54:26.518] - eth_getTransactionCount
[2023/12/11 18:54:26.520] - eth_getBalance
[2023/12/11 18:54:26.522] - eth_getTransactionCount
[2023/12/11 18:54:26.524] - eth_getBalance
[2023/12/11 18:54:26.526] - eth_getTransactionCount
[2023/12/11 18:54:26.529] - eth_getBalance
[2023/12/11 18:54:26.531] - eth_getTransactionCount
[2023/12/11 18:54:26.534] - eth_getBalance
[2023/12/11 18:54:26.538] - eth_getTransactionCount
[2023/12/11 18:54:26.540] - eth_getBalance
[2023/12/11 18:54:26.543] - eth_getTransactionCount
[2023/12/11 18:54:26.546] - eth_getBalance
[2023/12/11 18:54:26.548] - eth_getTransactionCount
[2023/12/11 18:54:26.551] - eth_getBalance
[2023/12/11 18:54:26.554] - eth_getTransactionCount
[2023/12/11 18:54:26.556] - eth_getBalance
[2023/12/11 18:54:26.559] - eth_getTransactionCount
[2023/12/11 18:54:26.561] - eth_getBalance
[2023/12/11 18:54:26.566] - eth_getTransactionCount
[2023/12/11 18:54:26.570] - eth_getBalance
[2023/12/11 18:54:26.573] - eth_getTransactionCount
[2023/12/11 18:54:26.575] - eth_getBalance
[2023/12/11 18:54:26.578] - eth_getTransactionCount
[2023/12/11 18:54:26.580] - eth_getBalance
[2023/12/11 18:54:26.583] - eth_getTransactionCount
[2023/12/11 18:54:26.586] - eth_getBalance
[2023/12/11 18:54:26.588] - eth_getTransactionCount
[2023/12/11 18:54:26.592] - eth_getBalance
[2023/12/11 18:54:26.594] - eth_getTransactionCount
[2023/12/11 18:54:26.597] - eth_getBalance
[2023/12/11 18:54:26.600] - eth_getTransactionCount
[2023/12/11 18:55:01.848] - eth_blockNumber
[2023/12/11 18:55:01.862] - net_version
[2023/12/11 18:55:01.866] - eth_accounts
[2023/12/11 18:55:01.874] - eth_blockNumber
[2023/12/11 18:55:01.877] - net_version
[2023/12/11 18:55:02.797] - eth_accounts
[2023/12/11 18:55:03.355] - eth_getBlockByNumber
[2023/12/11 18:55:03.359] - eth_accounts
[2023/12/11 18:55:03.372] - net_version
[2023/12/11 18:55:03.375] - eth_getBlockByNumber
[2023/12/11 18:55:03.377] - eth_getBlockByNumber
[2023/12/11 18:55:03.380] - net_version
[2023/12/11 18:55:03.383] - eth_getBlockByNumber
[2023/12/11 18:55:03.387] - eth_estimateGas
[2023/12/11 18:55:03.413] - net_version
[2023/12/11 18:55:03.414] - eth_blockNumber
[2023/12/11 18:55:03.418] - eth_getBlockByNumber
[2023/12/11 18:55:03.420] - eth_estimateGas
[2023/12/11 18:56:55.467] - eth_blockNumber
[2023/12/11 18:56:55.481] - net_version
[2023/12/11 18:56:55.484] - eth_accounts
[2023/12/11 18:56:55.493] - eth_blockNumber
[2023/12/11 18:56:55.496] - net_version
[2023/12/11 18:56:56.452] - eth_accounts
[2023/12/11 18:56:57.009] - eth_getBlockByNumber
[2023/12/11 18:56:57.013] - eth_accounts
[2023/12/11 18:56:57.027] - net_version
[2023/12/11 18:56:57.031] - eth_getBlockByNumber
[2023/12/11 18:56:57.034] - eth_getBlockByNumber
[2023/12/11 18:56:57.037] - net_version
[2023/12/11 18:56:57.039] - eth_getBlockByNumber
[2023/12/11 18:56:57.045] - eth_estimateGas
[2023/12/11 18:56:57.076] - net_version
[2023/12/11 18:56:57.077] - eth_blockNumber
[2023/12/11 18:56:57.080] - eth_getBlockByNumber
[2023/12/11 18:56:57.083] - eth_estimateGas
[2023/12/11 18:57:56.860] - eth_blockNumber
[2023/12/11 18:57:56.875] - net_version
[2023/12/11 18:57:56.878] - eth_accounts
[2023/12/11 18:57:56.894] - eth_getBlockByNumber
[2023/12/11 18:57:56.899] - eth_accounts
[2023/12/11 18:57:56.912] - net_version
[2023/12/11 18:57:56.916] - eth_getBlockByNumber
[2023/12/11 18:57:56.920] - eth_getBlockByNumber
[2023/12/11 18:57:56.925] - net_version
[2023/12/11 18:57:56.931] - eth_getBlockByNumber
[2023/12/11 18:57:56.940] - eth_estimateGas
[2023/12/11 18:57:56.981] - net_version
[2023/12/11 18:57:56.982] - eth_blockNumber
[2023/12/11 18:57:56.988] - eth_getBlockByNumber
[2023/12/11 18:57:56.993] - eth_estimateGas
[2023/12/11 18:59:02.838] - eth_blockNumber
[2023/12/11 18:59:02.851] - net_version
[2023/12/11 18:59:02.854] - eth_accounts
[2023/12/11 18:59:02.864] - eth_getBlockByNumber
[2023/12/11 18:59:02.868] - eth_accounts
[2023/12/11 18:59:02.883] - net_version
[2023/12/11 18:59:02.887] - eth_getBlockByNumber
[2023/12/11 18:59:02.891] - eth_getBlockByNumber
[2023/12/11 18:59:02.895] - net_version
[2023/12/11 18:59:02.898] - eth_getBlockByNumber
[2023/12/11 18:59:02.907] - eth_estimateGas
[2023/12/11 18:59:02.942] - net_version
[2023/12/11 18:59:02.943] - eth_blockNumber
[2023/12/11 18:59:02.948] - eth_getBlockByNumber
[2023/12/11 18:59:02.952] - eth_estimateGas
[2023/12/11 19:00:21.204] - eth_blockNumber
[2023/12/11 19:00:21.218] - net_version
[2023/12/11 19:00:21.222] - eth_accounts
[2023/12/11 19:00:21.238] - eth_blockNumber
[2023/12/11 19:00:21.241] - net_version
[2023/12/11 19:00:22.170] - eth_accounts
[2023/12/11 19:00:22.716] - eth_getBlockByNumber
[2023/12/11 19:00:22.720] - eth_accounts
[2023/12/11 19:00:22.732] - net_version
[2023/12/11 19:00:22.736] - eth_getBlockByNumber
[2023/12/11 19:00:22.738] - eth_getBlockByNumber
[2023/12/11 19:00:22.741] - net_version
[2023/12/11 19:00:22.744] - eth_getBlockByNumber
[2023/12/11 19:00:22.749] - eth_estimateGas
[2023/12/11 19:00:22.773] - net_version
[2023/12/11 19:00:22.774] - eth_blockNumber
[2023/12/11 19:00:22.778] - eth_getBlockByNumber
[2023/12/11 19:00:22.781] - eth_estimateGas
[2023/12/11 19:04:59.542] - eth_blockNumber
[2023/12/11 19:04:59.556] - net_version
[2023/12/11 19:04:59.559] - eth_accounts
[2023/12/11 19:04:59.569] - eth_getBlockByNumber
[2023/12/11 19:04:59.574] - eth_accounts
[2023/12/11 19:04:59.589] - net_version
[2023/12/11 19:04:59.592] - eth_getBlockByNumber
[2023/12/11 19:04:59.596] - eth_getBlockByNumber
[2023/12/11 19:04:59.600] - net_version
[2023/12/11 19:04:59.604] - eth_getBlockByNumber
[2023/12/11 19:04:59.610] - eth_estimateGas
[2023/12/11 19:04:59.649] - net_version
[2023/12/11 19:04:59.650] - eth_blockNumber
[2023/12/11 19:04:59.653] - eth_getBlockByNumber
[2023/12/11 19:04:59.657] - eth_estimateGas
[2023/12/11 19:05:07.591] - eth_blockNumber
[2023/12/11 19:05:07.604] - net_version
[2023/12/11 19:05:07.607] - eth_accounts
[2023/12/11 19:05:07.619] - eth_accounts
[2023/12/11 19:05:22.279] - net_version
[2023/12/11 19:05:22.285] - eth_getBlockByNumber
[2023/12/11 19:05:22.293] - eth_estimateGas
[2023/12/11 19:05:43.223] - net_version
[2023/12/11 19:05:43.228] - eth_getBlockByNumber
[2023/12/11 19:05:43.235] - eth_estimateGas
[2023/12/11 19:07:56.617] - eth_unsubscribe
[2023/12/11 19:07:56.617] - eth_unsubscribe
