[2023/12/11 18:00:43.339] - Starting server with initial configuration: {"gasLimit":6721975,"gasPrice":20000000000,"hardfork":"merge","hostname":"127.0.0.1","port":7545,"network_id":5777,"default_balance_ether":100,"total_accounts":10,"unlocked_accounts":[],"locked":false,"vmErrorsOnRPCResponse":true,"verbose":false,"flavor":"ethereum","db_path":"C:\\Users\\verik\\AppData\\Roaming\\Ganache\\ui\\workspaces\\Veriko-FYP\\chaindata","mnemonic":"indicate polar abuse problem wife release sister giraffe police phrase anger dove","logDirectory":"C:\\Users\\verik\\OneDrive\\Documents\\Year 3\\FYPP\\Log"}
[2023/12/11 18:00:43.425] - eth_subscribe
[2023/12/11 18:00:43.427] - eth_getLogs
[2023/12/11 18:00:43.428] - eth_subscribe
[2023/12/11 18:00:43.429] - eth_subscribe
[2023/12/11 18:00:43.430] - eth_getLogs
[2023/12/11 18:00:43.431] - eth_subscribe
[2023/12/11 18:00:43.450] - eth_blockNumber
[2023/12/11 18:00:43.450] - eth_accounts
[2023/12/11 18:00:43.451] - eth_gasPrice
[2023/12/11 18:00:43.452] - eth_getBlockByNumber
[2023/12/11 18:00:43.452] - eth_subscribe
[2023/12/11 18:00:43.455] - eth_accounts
[2023/12/11 18:00:43.465] - eth_getBalance
[2023/12/11 18:00:43.466] - eth_getTransactionCount
[2023/12/11 18:00:43.467] - eth_getBalance
[2023/12/11 18:00:43.469] - eth_getTransactionCount
[2023/12/11 18:00:43.471] - eth_getBalance
[2023/12/11 18:00:43.472] - eth_getTransactionCount
[2023/12/11 18:00:43.474] - eth_getBalance
[2023/12/11 18:00:43.476] - eth_getTransactionCount
[2023/12/11 18:00:43.478] - eth_getBalance
[2023/12/11 18:00:43.479] - eth_getTransactionCount
[2023/12/11 18:00:43.480] - eth_getBalance
[2023/12/11 18:00:43.483] - eth_getTransactionCount
[2023/12/11 18:00:43.485] - eth_getBalance
[2023/12/11 18:00:43.488] - eth_getTransactionCount
[2023/12/11 18:00:43.489] - eth_getBalance
[2023/12/11 18:00:43.492] - eth_getTransactionCount
[2023/12/11 18:00:43.493] - eth_getBalance
[2023/12/11 18:00:43.495] - eth_getTransactionCount
[2023/12/11 18:00:43.496] - eth_getBalance
[2023/12/11 18:00:43.497] - eth_getTransactionCount
[2023/12/11 18:00:43.499] - eth_blockNumber
[2023/12/11 18:00:43.499] - eth_accounts
[2023/12/11 18:00:43.500] - eth_gasPrice
[2023/12/11 18:00:43.500] - eth_getBlockByNumber
[2023/12/11 18:00:43.500] - eth_subscribe
[2023/12/11 18:00:43.509] - eth_getTransactionCount
[2023/12/11 18:00:43.510] - eth_getBalance
[2023/12/11 18:00:43.511] - eth_getTransactionCount
[2023/12/11 18:00:43.512] - eth_getBalance
[2023/12/11 18:00:43.513] - eth_getTransactionCount
[2023/12/11 18:00:43.514] - eth_getBalance
[2023/12/11 18:00:43.517] - eth_getTransactionCount
[2023/12/11 18:00:43.518] - eth_getBalance
[2023/12/11 18:00:43.519] - eth_getTransactionCount
[2023/12/11 18:00:43.521] - eth_getBalance
[2023/12/11 18:00:43.522] - eth_getTransactionCount
[2023/12/11 18:00:43.523] - eth_getBalance
[2023/12/11 18:00:43.526] - eth_getTransactionCount
[2023/12/11 18:00:43.528] - eth_getBalance
[2023/12/11 18:00:43.530] - eth_getTransactionCount
[2023/12/11 18:00:43.531] - eth_getBalance
[2023/12/11 18:00:43.533] - eth_getTransactionCount
[2023/12/11 18:00:43.534] - eth_getBalance
[2023/12/11 18:00:43.536] - eth_getTransactionCount
[2023/12/11 18:00:43.613] - eth_getBalance
[2023/12/11 18:00:43.614] - eth_getTransactionCount
[2023/12/11 18:00:43.616] - eth_getBalance
[2023/12/11 18:00:43.618] - eth_getTransactionCount
[2023/12/11 18:00:43.620] - eth_getBalance
[2023/12/11 18:00:43.621] - eth_getTransactionCount
[2023/12/11 18:00:43.623] - eth_getBalance
[2023/12/11 18:00:43.624] - eth_getTransactionCount
[2023/12/11 18:00:43.626] - eth_getBalance
[2023/12/11 18:00:43.627] - eth_getTransactionCount
[2023/12/11 18:00:43.628] - eth_getBalance
[2023/12/11 18:00:43.630] - eth_getTransactionCount
[2023/12/11 18:00:43.631] - eth_getBalance
[2023/12/11 18:00:43.632] - eth_getTransactionCount
[2023/12/11 18:00:43.633] - eth_getBalance
[2023/12/11 18:00:43.636] - eth_getTransactionCount
[2023/12/11 18:00:43.637] - eth_getBalance
[2023/12/11 18:00:43.639] - eth_getTransactionCount
[2023/12/11 18:00:43.641] - eth_getBalance
[2023/12/11 18:00:43.642] - eth_getTransactionCount
[2023/12/11 18:00:43.644] - eth_getBalance
[2023/12/11 18:00:43.645] - eth_getTransactionCount
[2023/12/11 18:00:43.646] - eth_getBalance
[2023/12/11 18:00:43.647] - eth_getTransactionCount
[2023/12/11 18:00:43.649] - eth_getBalance
[2023/12/11 18:00:43.650] - eth_getTransactionCount
[2023/12/11 18:00:43.652] - eth_getBalance
[2023/12/11 18:00:43.654] - eth_getTransactionCount
[2023/12/11 18:00:43.656] - eth_getBalance
[2023/12/11 18:00:43.657] - eth_getTransactionCount
[2023/12/11 18:00:43.658] - eth_getBalance
[2023/12/11 18:00:43.659] - eth_getTransactionCount
[2023/12/11 18:00:43.661] - eth_getBalance
[2023/12/11 18:00:43.661] - eth_getTransactionCount
[2023/12/11 18:00:43.663] - eth_getBalance
[2023/12/11 18:00:43.664] - eth_getTransactionCount
[2023/12/11 18:00:43.666] - eth_getBalance
[2023/12/11 18:00:43.667] - eth_getTransactionCount
[2023/12/11 18:00:43.669] - eth_getBalance
[2023/12/11 18:00:43.670] - eth_getTransactionCount
[2023/12/11 18:14:41.887] - eth_unsubscribe
[2023/12/11 18:14:41.888] - eth_unsubscribe
