[2023/12/11 18:31:27.992] - Starting server with initial configuration: {"gasLimit":6721975,"gasPrice":20000000000,"hardfork":"merge","hostname":"127.0.0.1","port":7545,"network_id":5777,"default_balance_ether":100,"total_accounts":10,"unlocked_accounts":[],"locked":false,"vmErrorsOnRPCResponse":true,"verbose":false,"flavor":"ethereum","db_path":"C:\\Users\\verik\\AppData\\Roaming\\Ganache\\ui\\workspaces\\Veriko-FYP\\chaindata","mnemonic":"indicate polar abuse problem wife release sister giraffe police phrase anger dove","logDirectory":"C:\\Users\\verik\\OneDrive\\Documents\\Year 3\\FYPP\\Log"}
[2023/12/11 18:31:28.096] - eth_subscribe
[2023/12/11 18:31:28.098] - eth_getLogs
[2023/12/11 18:31:28.099] - eth_subscribe
[2023/12/11 18:31:28.153] - eth_subscribe
[2023/12/11 18:31:28.154] - eth_getLogs
[2023/12/11 18:31:28.154] - eth_subscribe
[2023/12/11 18:31:28.190] - eth_blockNumber
[2023/12/11 18:31:28.191] - eth_accounts
[2023/12/11 18:31:28.192] - eth_gasPrice
[2023/12/11 18:31:28.192] - eth_getBlockByNumber
[2023/12/11 18:31:28.193] - eth_subscribe
[2023/12/11 18:31:28.207] - eth_accounts
[2023/12/11 18:31:28.227] - eth_getBalance
[2023/12/11 18:31:28.230] - eth_getTransactionCount
[2023/12/11 18:31:28.234] - eth_getBalance
[2023/12/11 18:31:28.239] - eth_getTransactionCount
[2023/12/11 18:31:28.243] - eth_getBalance
[2023/12/11 18:31:28.247] - eth_getTransactionCount
[2023/12/11 18:31:28.252] - eth_getBalance
[2023/12/11 18:31:28.255] - eth_getTransactionCount
[2023/12/11 18:31:28.261] - eth_getBalance
[2023/12/11 18:31:28.267] - eth_getTransactionCount
[2023/12/11 18:31:28.270] - eth_getBalance
[2023/12/11 18:31:28.275] - eth_getTransactionCount
[2023/12/11 18:31:28.281] - eth_getBalance
[2023/12/11 18:31:28.285] - eth_getTransactionCount
[2023/12/11 18:31:28.288] - eth_getBalance
[2023/12/11 18:31:28.292] - eth_getTransactionCount
[2023/12/11 18:31:28.295] - eth_getBalance
[2023/12/11 18:31:28.299] - eth_getTransactionCount
[2023/12/11 18:31:28.304] - eth_getBalance
[2023/12/11 18:31:28.307] - eth_getTransactionCount
[2023/12/11 18:31:28.317] - eth_blockNumber
[2023/12/11 18:31:28.318] - eth_accounts
[2023/12/11 18:31:28.318] - eth_gasPrice
[2023/12/11 18:31:28.319] - eth_getBlockByNumber
[2023/12/11 18:31:28.320] - eth_subscribe
[2023/12/11 18:31:28.341] - eth_getTransactionCount
[2023/12/11 18:31:28.344] - eth_getBalance
[2023/12/11 18:31:28.348] - eth_getTransactionCount
[2023/12/11 18:31:28.352] - eth_getBalance
[2023/12/11 18:31:28.355] - eth_getTransactionCount
[2023/12/11 18:31:28.358] - eth_getBalance
[2023/12/11 18:31:28.365] - eth_getTransactionCount
[2023/12/11 18:31:28.369] - eth_getBalance
[2023/12/11 18:31:28.372] - eth_getTransactionCount
[2023/12/11 18:31:28.376] - eth_getBalance
[2023/12/11 18:31:28.380] - eth_getTransactionCount
[2023/12/11 18:31:28.384] - eth_getBalance
[2023/12/11 18:31:28.387] - eth_getTransactionCount
[2023/12/11 18:31:28.390] - eth_getBalance
[2023/12/11 18:31:28.393] - eth_getTransactionCount
[2023/12/11 18:31:28.396] - eth_getBalance
[2023/12/11 18:31:28.400] - eth_getTransactionCount
[2023/12/11 18:31:28.403] - eth_getBalance
[2023/12/11 18:31:28.407] - eth_getTransactionCount
[2023/12/11 18:31:28.598] - eth_getBalance
[2023/12/11 18:31:28.602] - eth_getTransactionCount
[2023/12/11 18:31:28.605] - eth_getBalance
[2023/12/11 18:31:28.609] - eth_getTransactionCount
[2023/12/11 18:31:28.613] - eth_getBalance
[2023/12/11 18:31:28.617] - eth_getTransactionCount
[2023/12/11 18:31:28.620] - eth_getBalance
[2023/12/11 18:31:28.624] - eth_getTransactionCount
[2023/12/11 18:31:28.627] - eth_getBalance
[2023/12/11 18:31:28.631] - eth_getTransactionCount
[2023/12/11 18:31:28.635] - eth_getBalance
[2023/12/11 18:31:28.640] - eth_getTransactionCount
[2023/12/11 18:31:28.643] - eth_getBalance
[2023/12/11 18:31:28.646] - eth_getTransactionCount
[2023/12/11 18:31:28.649] - eth_getBalance
[2023/12/11 18:31:28.652] - eth_getTransactionCount
[2023/12/11 18:31:28.656] - eth_getBalance
[2023/12/11 18:31:28.659] - eth_getTransactionCount
[2023/12/11 18:31:28.663] - eth_getBalance
[2023/12/11 18:31:28.667] - eth_getTransactionCount
[2023/12/11 18:31:28.670] - eth_getBalance
[2023/12/11 18:31:28.674] - eth_getTransactionCount
[2023/12/11 18:31:28.677] - eth_getBalance
[2023/12/11 18:31:28.682] - eth_getTransactionCount
[2023/12/11 18:31:28.686] - eth_getBalance
[2023/12/11 18:31:28.690] - eth_getTransactionCount
[2023/12/11 18:31:28.694] - eth_getBalance
[2023/12/11 18:31:28.697] - eth_getTransactionCount
[2023/12/11 18:31:28.702] - eth_getBalance
[2023/12/11 18:31:28.705] - eth_getTransactionCount
[2023/12/11 18:31:28.709] - eth_getBalance
[2023/12/11 18:31:28.714] - eth_getTransactionCount
[2023/12/11 18:31:28.717] - eth_getBalance
[2023/12/11 18:31:28.721] - eth_getTransactionCount
[2023/12/11 18:31:28.725] - eth_getBalance
[2023/12/11 18:31:28.729] - eth_getTransactionCount
[2023/12/11 18:31:28.733] - eth_getBalance
[2023/12/11 18:31:28.737] - eth_getTransactionCount
[2023/12/11 18:31:28.741] - eth_getBalance
[2023/12/11 18:31:28.744] - eth_getTransactionCount
[2023/12/11 18:33:17.795] - eth_blockNumber
[2023/12/11 18:33:17.811] - net_version
[2023/12/11 18:33:17.815] - eth_accounts
[2023/12/11 18:33:17.834] - eth_blockNumber
[2023/12/11 18:33:17.838] - net_version
[2023/12/11 18:33:18.935] - eth_accounts
[2023/12/11 18:33:19.492] - evm_snapshot
[2023/12/11 18:33:19.493] - Saved snapshot #1
[2023/12/11 18:33:19.513] - net_version
[2023/12/11 18:33:19.516] - eth_blockNumber
[2023/12/11 18:33:19.526] - net_version
[2023/12/11 18:33:19.529] - eth_getBlockByNumber
[2023/12/11 18:33:19.544] - eth_getBlockByNumber
[2023/12/11 18:33:19.546] - eth_getLogs
[2023/12/11 18:33:59.903] - eth_blockNumber
[2023/12/11 18:33:59.918] - net_version
[2023/12/11 18:33:59.921] - eth_accounts
[2023/12/11 18:34:14.078] - eth_blockNumber
[2023/12/11 18:34:14.095] - net_version
[2023/12/11 18:34:14.099] - eth_accounts
[2023/12/11 18:34:14.124] - eth_blockNumber
[2023/12/11 18:34:14.129] - net_version
[2023/12/11 18:34:15.171] - eth_accounts
[2023/12/11 18:34:15.706] - evm_snapshot
[2023/12/11 18:34:15.707] - Saved snapshot #2
[2023/12/11 18:34:15.728] - net_version
[2023/12/11 18:34:15.731] - eth_blockNumber
[2023/12/11 18:34:15.740] - net_version
[2023/12/11 18:34:15.743] - eth_getBlockByNumber
[2023/12/11 18:34:15.758] - eth_getBlockByNumber
[2023/12/11 18:34:15.762] - eth_getLogs
[2023/12/11 18:34:51.915] - eth_unsubscribe
[2023/12/11 18:34:51.917] - eth_unsubscribe
